[0.999s] Invoking command in '/home/boyfriend51/gong/gong_ws/build/gong_basic': PYTHONPATH=/home/boyfriend51/gong/gong_ws/build/gong_basic/prefix_override:/usr/lib/python3/dist-packages/colcon_core/task/python/colcon_distutils_commands:/home/boyfriend51/gong/gong_ws/install/gong_basic/lib/python3.12/site-packages:${PYTHONPATH} /usr/bin/python3 -W ignore:setup.py install is deprecated -W ignore:easy_install command is deprecated setup.py develop --uninstall --editable --build-directory /home/boyfriend51/gong/gong_ws/build/gong_basic/build
[1.331s] running develop
[1.562s] Removing /home/boyfriend51/gong/gong_ws/install/gong_basic/lib/python3.12/site-packages/gong-basic.egg-link (link to .)
[1.601s] Invoked command in '/home/boyfriend51/gong/gong_ws/build/gong_basic' returned '0': PYTHONPATH=/home/boyfriend51/gong/gong_ws/build/gong_basic/prefix_override:/usr/lib/python3/dist-packages/colcon_core/task/python/colcon_distutils_commands:/home/boyfriend51/gong/gong_ws/install/gong_basic/lib/python3.12/site-packages:${PYTHONPATH} /usr/bin/python3 -W ignore:setup.py install is deprecated -W ignore:easy_install command is deprecated setup.py develop --uninstall --editable --build-directory /home/boyfriend51/gong/gong_ws/build/gong_basic/build
[1.603s] Invoking command in '/home/boyfriend51/gong/gong_ws/src/gong_basic': PYTHONPATH=/home/boyfriend51/gong/gong_ws/build/gong_basic/prefix_override:/usr/lib/python3/dist-packages/colcon_core/task/python/colcon_distutils_commands:/home/boyfriend51/gong/gong_ws/install/gong_basic/lib/python3.12/site-packages:${PYTHONPATH} /usr/bin/python3 -W ignore:setup.py install is deprecated -W ignore:easy_install command is deprecated setup.py egg_info --egg-base ../../build/gong_basic build --build-base /home/boyfriend51/gong/gong_ws/build/gong_basic/build install --record /home/boyfriend51/gong/gong_ws/build/gong_basic/install.log --install-scripts $base/lib/gong_basic --single-version-externally-managed install_data --force
[1.910s] running egg_info
[1.933s] writing ../../build/gong_basic/gong_basic.egg-info/PKG-INFO
[1.934s] writing dependency_links to ../../build/gong_basic/gong_basic.egg-info/dependency_links.txt
[1.935s] writing entry points to ../../build/gong_basic/gong_basic.egg-info/entry_points.txt
[1.936s] writing requirements to ../../build/gong_basic/gong_basic.egg-info/requires.txt
[1.936s] writing top-level names to ../../build/gong_basic/gong_basic.egg-info/top_level.txt
[1.981s] reading manifest file '../../build/gong_basic/gong_basic.egg-info/SOURCES.txt'
[1.982s] writing manifest file '../../build/gong_basic/gong_basic.egg-info/SOURCES.txt'
[1.983s] running build
[1.983s] running build_py
[1.983s] copying gong_basic/mv_turtle.py -> /home/boyfriend51/gong/gong_ws/build/gong_basic/build/lib/gong_basic
[1.984s] copying gong_basic/mt_sub.py -> /home/boyfriend51/gong/gong_ws/build/gong_basic/build/lib/gong_basic
[1.984s] copying gong_basic/mpub.py -> /home/boyfriend51/gong/gong_ws/build/gong_basic/build/lib/gong_basic
[1.984s] running install
[1.991s] running install_lib
[2.012s] creating /home/boyfriend51/gong/gong_ws/install/gong_basic/lib/python3.12/site-packages/gong_basic
[2.013s] copying /home/boyfriend51/gong/gong_ws/build/gong_basic/build/lib/gong_basic/mv_turtle.py -> /home/boyfriend51/gong/gong_ws/install/gong_basic/lib/python3.12/site-packages/gong_basic
[2.013s] copying /home/boyfriend51/gong/gong_ws/build/gong_basic/build/lib/gong_basic/simple_pub.py -> /home/boyfriend51/gong/gong_ws/install/gong_basic/lib/python3.12/site-packages/gong_basic
[2.014s] copying /home/boyfriend51/gong/gong_ws/build/gong_basic/build/lib/gong_basic/m2_sub.py -> /home/boyfriend51/gong/gong_ws/install/gong_basic/lib/python3.12/site-packages/gong_basic
[2.014s] copying /home/boyfriend51/gong/gong_ws/build/gong_basic/build/lib/gong_basic/class_sub.py -> /home/boyfriend51/gong/gong_ws/install/gong_basic/lib/python3.12/site-packages/gong_basic
[2.014s] copying /home/boyfriend51/gong/gong_ws/build/gong_basic/build/lib/gong_basic/mt_sub.py -> /home/boyfriend51/gong/gong_ws/install/gong_basic/lib/python3.12/site-packages/gong_basic
[2.015s] copying /home/boyfriend51/gong/gong_ws/build/gong_basic/build/lib/gong_basic/mpub.py -> /home/boyfriend51/gong/gong_ws/install/gong_basic/lib/python3.12/site-packages/gong_basic
[2.015s] copying /home/boyfriend51/gong/gong_ws/build/gong_basic/build/lib/gong_basic/m1_sub.py -> /home/boyfriend51/gong/gong_ws/install/gong_basic/lib/python3.12/site-packages/gong_basic
[2.015s] copying /home/boyfriend51/gong/gong_ws/build/gong_basic/build/lib/gong_basic/tpub.py -> /home/boyfriend51/gong/gong_ws/install/gong_basic/lib/python3.12/site-packages/gong_basic
[2.016s] copying /home/boyfriend51/gong/gong_ws/build/gong_basic/build/lib/gong_basic/__init__.py -> /home/boyfriend51/gong/gong_ws/install/gong_basic/lib/python3.12/site-packages/gong_basic
[2.017s] copying /home/boyfriend51/gong/gong_ws/build/gong_basic/build/lib/gong_basic/header_pub.py -> /home/boyfriend51/gong/gong_ws/install/gong_basic/lib/python3.12/site-packages/gong_basic
[2.017s] copying /home/boyfriend51/gong/gong_ws/build/gong_basic/build/lib/gong_basic/class_pub.py -> /home/boyfriend51/gong/gong_ws/install/gong_basic/lib/python3.12/site-packages/gong_basic
[2.018s] byte-compiling /home/boyfriend51/gong/gong_ws/install/gong_basic/lib/python3.12/site-packages/gong_basic/mv_turtle.py to mv_turtle.cpython-312.pyc
[2.020s] byte-compiling /home/boyfriend51/gong/gong_ws/install/gong_basic/lib/python3.12/site-packages/gong_basic/simple_pub.py to simple_pub.cpython-312.pyc
[2.021s] byte-compiling /home/boyfriend51/gong/gong_ws/install/gong_basic/lib/python3.12/site-packages/gong_basic/m2_sub.py to m2_sub.cpython-312.pyc
[2.022s] byte-compiling /home/boyfriend51/gong/gong_ws/install/gong_basic/lib/python3.12/site-packages/gong_basic/class_sub.py to class_sub.cpython-312.pyc
[2.023s] byte-compiling /home/boyfriend51/gong/gong_ws/install/gong_basic/lib/python3.12/site-packages/gong_basic/mt_sub.py to mt_sub.cpython-312.pyc
[2.024s] byte-compiling /home/boyfriend51/gong/gong_ws/install/gong_basic/lib/python3.12/site-packages/gong_basic/mpub.py to mpub.cpython-312.pyc
[2.026s] byte-compiling /home/boyfriend51/gong/gong_ws/install/gong_basic/lib/python3.12/site-packages/gong_basic/m1_sub.py to m1_sub.cpython-312.pyc
[2.027s] byte-compiling /home/boyfriend51/gong/gong_ws/install/gong_basic/lib/python3.12/site-packages/gong_basic/tpub.py to tpub.cpython-312.pyc
[2.028s] byte-compiling /home/boyfriend51/gong/gong_ws/install/gong_basic/lib/python3.12/site-packages/gong_basic/__init__.py to __init__.cpython-312.pyc
[2.028s] byte-compiling /home/boyfriend51/gong/gong_ws/install/gong_basic/lib/python3.12/site-packages/gong_basic/header_pub.py to header_pub.cpython-312.pyc
[2.028s] byte-compiling /home/boyfriend51/gong/gong_ws/install/gong_basic/lib/python3.12/site-packages/gong_basic/class_pub.py to class_pub.cpython-312.pyc
[2.029s] running install_data
[2.029s] copying resource/gong_basic -> /home/boyfriend51/gong/gong_ws/install/gong_basic/share/ament_index/resource_index/packages
[2.029s] copying package.xml -> /home/boyfriend51/gong/gong_ws/install/gong_basic/share/gong_basic
[2.030s] copying launch/hello.launch.py -> /home/boyfriend51/gong/gong_ws/install/gong_basic/share/gong_basic/launch
[2.030s] running install_egg_info
[2.052s] Copying ../../build/gong_basic/gong_basic.egg-info to /home/boyfriend51/gong/gong_ws/install/gong_basic/lib/python3.12/site-packages/gong_basic-0.0.0-py3.12.egg-info
[2.055s] running install_scripts
[2.196s] Installing class_pub script to /home/boyfriend51/gong/gong_ws/install/gong_basic/lib/gong_basic
[2.196s] Installing class_sub script to /home/boyfriend51/gong/gong_ws/install/gong_basic/lib/gong_basic
[2.197s] Installing header_pub script to /home/boyfriend51/gong/gong_ws/install/gong_basic/lib/gong_basic
[2.197s] Installing m1_sub script to /home/boyfriend51/gong/gong_ws/install/gong_basic/lib/gong_basic
[2.197s] Installing m2_sub script to /home/boyfriend51/gong/gong_ws/install/gong_basic/lib/gong_basic
[2.198s] Installing mpub script to /home/boyfriend51/gong/gong_ws/install/gong_basic/lib/gong_basic
[2.198s] Installing mt_sub script to /home/boyfriend51/gong/gong_ws/install/gong_basic/lib/gong_basic
[2.198s] Installing mv_turtle script to /home/boyfriend51/gong/gong_ws/install/gong_basic/lib/gong_basic
[2.199s] Installing simple_pub script to /home/boyfriend51/gong/gong_ws/install/gong_basic/lib/gong_basic
[2.199s] Installing tpub script to /home/boyfriend51/gong/gong_ws/install/gong_basic/lib/gong_basic
[2.199s] writing list of installed files to '/home/boyfriend51/gong/gong_ws/build/gong_basic/install.log'
[2.243s] Invoked command in '/home/boyfriend51/gong/gong_ws/src/gong_basic' returned '0': PYTHONPATH=/home/boyfriend51/gong/gong_ws/build/gong_basic/prefix_override:/usr/lib/python3/dist-packages/colcon_core/task/python/colcon_distutils_commands:/home/boyfriend51/gong/gong_ws/install/gong_basic/lib/python3.12/site-packages:${PYTHONPATH} /usr/bin/python3 -W ignore:setup.py install is deprecated -W ignore:easy_install command is deprecated setup.py egg_info --egg-base ../../build/gong_basic build --build-base /home/boyfriend51/gong/gong_ws/build/gong_basic/build install --record /home/boyfriend51/gong/gong_ws/build/gong_basic/install.log --install-scripts $base/lib/gong_basic --single-version-externally-managed install_data --force
