[0.247s] DEBUG:colcon:Command line arguments: ['/usr/bin/colcon', 'build', '--symlink-install']
[0.247s] DEBUG:colcon:Parsed command line arguments: Namespace(log_base=None, log_level=None, verb_name='build', build_base='build', install_base='install', merge_install=False, symlink_install=True, test_result_base=None, continue_on_error=False, executor='parallel', parallel_workers=8, event_handlers=None, ignore_user_meta=False, metas=['./colcon.meta'], base_paths=['.'], packages_ignore=None, packages_ignore_regex=None, paths=None, packages_up_to=None, packages_up_to_regex=None, packages_above=None, packages_above_and_dependencies=None, packages_above_depth=None, packages_select_by_dep=None, packages_skip_by_dep=None, packages_skip_up_to=None, packages_select_build_failed=False, packages_skip_build_finished=False, packages_select_test_failures=False, packages_skip_test_passed=False, packages_select=None, packages_skip=None, packages_select_regex=None, packages_skip_regex=None, packages_start=None, packages_end=None, allow_overriding=[], cmake_args=None, cmake_target=None, cmake_target_skip_unavailable=False, cmake_clean_cache=False, cmake_clean_first=False, cmake_force_configure=False, ament_cmake_args=None, catkin_cmake_args=None, catkin_skip_building_tests=False, mixin_files=None, mixin=None, verb_parser=<colcon_mixin.mixin.mixin_argument.MixinArgumentDecorator object at 0x7d67f4d9de20>, verb_extension=<colcon_core.verb.build.BuildVerb object at 0x7d67f4be9880>, main=<bound method BuildVerb.main of <colcon_core.verb.build.BuildVerb object at 0x7d67f4be9880>>, mixin_verb=('build',))
[0.289s] Level 1:colcon.colcon_core.package_discovery:discover_packages(colcon_meta) check parameters
[0.289s] Level 1:colcon.colcon_core.package_discovery:discover_packages(recursive) check parameters
[0.289s] Level 1:colcon.colcon_core.package_discovery:discover_packages(ignore) check parameters
[0.289s] Level 1:colcon.colcon_core.package_discovery:discover_packages(path) check parameters
[0.289s] Level 1:colcon.colcon_core.package_discovery:discover_packages(colcon_meta) discover
[0.290s] Level 1:colcon.colcon_core.package_discovery:discover_packages(recursive) discover
[0.290s] INFO:colcon.colcon_core.package_discovery:Crawling recursively for packages in '/home/boyfriend51/gong/gong_ws'
[0.290s] Level 1:colcon.colcon_core.package_identification:_identify(.) by extensions ['ignore', 'ignore_ament_install']
[0.290s] Level 1:colcon.colcon_core.package_identification:_identify(.) by extension 'ignore'
[0.290s] Level 1:colcon.colcon_core.package_identification:_identify(.) by extension 'ignore_ament_install'
[0.290s] Level 1:colcon.colcon_core.package_identification:_identify(.) by extensions ['colcon_pkg']
[0.290s] Level 1:colcon.colcon_core.package_identification:_identify(.) by extension 'colcon_pkg'
[0.290s] Level 1:colcon.colcon_core.package_identification:_identify(.) by extensions ['colcon_meta']
[0.291s] Level 1:colcon.colcon_core.package_identification:_identify(.) by extension 'colcon_meta'
[0.291s] Level 1:colcon.colcon_core.package_identification:_identify(.) by extensions ['ros']
[0.291s] Level 1:colcon.colcon_core.package_identification:_identify(.) by extension 'ros'
[0.323s] Level 1:colcon.colcon_core.package_identification:_identify(.) by extensions ['cmake', 'python']
[0.323s] Level 1:colcon.colcon_core.package_identification:_identify(.) by extension 'cmake'
[0.323s] Level 1:colcon.colcon_core.package_identification:_identify(.) by extension 'python'
[0.323s] Level 1:colcon.colcon_core.package_identification:_identify(.) by extensions ['python_setup_py']
[0.323s] Level 1:colcon.colcon_core.package_identification:_identify(.) by extension 'python_setup_py'
[0.324s] Level 1:colcon.colcon_core.package_identification:_identify(build) by extensions ['ignore', 'ignore_ament_install']
[0.324s] Level 1:colcon.colcon_core.package_identification:_identify(build) by extension 'ignore'
[0.324s] Level 1:colcon.colcon_core.package_identification:_identify(build) ignored
[0.324s] Level 1:colcon.colcon_core.package_identification:_identify(install) by extensions ['ignore', 'ignore_ament_install']
[0.324s] Level 1:colcon.colcon_core.package_identification:_identify(install) by extension 'ignore'
[0.324s] Level 1:colcon.colcon_core.package_identification:_identify(install) ignored
[0.324s] Level 1:colcon.colcon_core.package_identification:_identify(log) by extensions ['ignore', 'ignore_ament_install']
[0.324s] Level 1:colcon.colcon_core.package_identification:_identify(log) by extension 'ignore'
[0.325s] Level 1:colcon.colcon_core.package_identification:_identify(log) ignored
[0.325s] Level 1:colcon.colcon_core.package_identification:_identify(src) by extensions ['ignore', 'ignore_ament_install']
[0.325s] Level 1:colcon.colcon_core.package_identification:_identify(src) by extension 'ignore'
[0.325s] Level 1:colcon.colcon_core.package_identification:_identify(src) by extension 'ignore_ament_install'
[0.325s] Level 1:colcon.colcon_core.package_identification:_identify(src) by extensions ['colcon_pkg']
[0.325s] Level 1:colcon.colcon_core.package_identification:_identify(src) by extension 'colcon_pkg'
[0.326s] Level 1:colcon.colcon_core.package_identification:_identify(src) by extensions ['colcon_meta']
[0.326s] Level 1:colcon.colcon_core.package_identification:_identify(src) by extension 'colcon_meta'
[0.326s] Level 1:colcon.colcon_core.package_identification:_identify(src) by extensions ['ros']
[0.326s] Level 1:colcon.colcon_core.package_identification:_identify(src) by extension 'ros'
[0.326s] Level 1:colcon.colcon_core.package_identification:_identify(src) by extensions ['cmake', 'python']
[0.326s] Level 1:colcon.colcon_core.package_identification:_identify(src) by extension 'cmake'
[0.326s] Level 1:colcon.colcon_core.package_identification:_identify(src) by extension 'python'
[0.326s] Level 1:colcon.colcon_core.package_identification:_identify(src) by extensions ['python_setup_py']
[0.326s] Level 1:colcon.colcon_core.package_identification:_identify(src) by extension 'python_setup_py'
[0.327s] Level 1:colcon.colcon_core.package_identification:_identify(src/gong_basic) by extensions ['ignore', 'ignore_ament_install']
[0.327s] Level 1:colcon.colcon_core.package_identification:_identify(src/gong_basic) by extension 'ignore'
[0.327s] Level 1:colcon.colcon_core.package_identification:_identify(src/gong_basic) by extension 'ignore_ament_install'
[0.327s] Level 1:colcon.colcon_core.package_identification:_identify(src/gong_basic) by extensions ['colcon_pkg']
[0.327s] Level 1:colcon.colcon_core.package_identification:_identify(src/gong_basic) by extension 'colcon_pkg'
[0.327s] Level 1:colcon.colcon_core.package_identification:_identify(src/gong_basic) by extensions ['colcon_meta']
[0.327s] Level 1:colcon.colcon_core.package_identification:_identify(src/gong_basic) by extension 'colcon_meta'
[0.327s] Level 1:colcon.colcon_core.package_identification:_identify(src/gong_basic) by extensions ['ros']
[0.327s] Level 1:colcon.colcon_core.package_identification:_identify(src/gong_basic) by extension 'ros'
[0.330s] DEBUG:colcon.colcon_core.package_identification:Package 'src/gong_basic' with type 'ros.ament_python' and name 'gong_basic'
[0.330s] Level 1:colcon.colcon_core.package_identification:_identify(user_interface) by extensions ['ignore', 'ignore_ament_install']
[0.330s] Level 1:colcon.colcon_core.package_identification:_identify(user_interface) by extension 'ignore'
[0.331s] Level 1:colcon.colcon_core.package_identification:_identify(user_interface) by extension 'ignore_ament_install'
[0.331s] Level 1:colcon.colcon_core.package_identification:_identify(user_interface) by extensions ['colcon_pkg']
[0.331s] Level 1:colcon.colcon_core.package_identification:_identify(user_interface) by extension 'colcon_pkg'
[0.331s] Level 1:colcon.colcon_core.package_identification:_identify(user_interface) by extensions ['colcon_meta']
[0.331s] Level 1:colcon.colcon_core.package_identification:_identify(user_interface) by extension 'colcon_meta'
[0.331s] Level 1:colcon.colcon_core.package_identification:_identify(user_interface) by extensions ['ros']
[0.331s] Level 1:colcon.colcon_core.package_identification:_identify(user_interface) by extension 'ros'
[0.332s] DEBUG:colcon.colcon_core.package_identification:Package 'user_interface' with type 'ros.ament_cmake' and name 'user_interface'
[0.332s] Level 1:colcon.colcon_core.package_discovery:discover_packages(recursive) using defaults
[0.332s] Level 1:colcon.colcon_core.package_discovery:discover_packages(ignore) discover
[0.332s] Level 1:colcon.colcon_core.package_discovery:discover_packages(ignore) using defaults
[0.332s] Level 1:colcon.colcon_core.package_discovery:discover_packages(path) discover
[0.332s] Level 1:colcon.colcon_core.package_discovery:discover_packages(path) using defaults
[0.355s] Level 1:colcon.colcon_core.package_discovery:discover_packages(prefix_path) check parameters
[0.356s] Level 1:colcon.colcon_core.package_discovery:discover_packages(prefix_path) discover
[0.358s] DEBUG:colcon.colcon_installed_package_information.package_discovery:Found 2 installed packages in /home/boyfriend51/gong/gong_ws/install
[0.359s] DEBUG:colcon.colcon_installed_package_information.package_discovery:Found 287 installed packages in /opt/ros/jazzy
[0.360s] Level 1:colcon.colcon_core.package_discovery:discover_packages(prefix_path) using defaults
[0.403s] Level 5:colcon.colcon_core.verb:set package 'gong_basic' build argument 'cmake_args' from command line to 'None'
[0.403s] Level 5:colcon.colcon_core.verb:set package 'gong_basic' build argument 'cmake_target' from command line to 'None'
[0.403s] Level 5:colcon.colcon_core.verb:set package 'gong_basic' build argument 'cmake_target_skip_unavailable' from command line to 'False'
[0.403s] Level 5:colcon.colcon_core.verb:set package 'gong_basic' build argument 'cmake_clean_cache' from command line to 'False'
[0.403s] Level 5:colcon.colcon_core.verb:set package 'gong_basic' build argument 'cmake_clean_first' from command line to 'False'
[0.403s] Level 5:colcon.colcon_core.verb:set package 'gong_basic' build argument 'cmake_force_configure' from command line to 'False'
[0.403s] Level 5:colcon.colcon_core.verb:set package 'gong_basic' build argument 'ament_cmake_args' from command line to 'None'
[0.403s] Level 5:colcon.colcon_core.verb:set package 'gong_basic' build argument 'catkin_cmake_args' from command line to 'None'
[0.403s] Level 5:colcon.colcon_core.verb:set package 'gong_basic' build argument 'catkin_skip_building_tests' from command line to 'False'
[0.404s] DEBUG:colcon.colcon_core.verb:Building package 'gong_basic' with the following arguments: {'ament_cmake_args': None, 'build_base': '/home/boyfriend51/gong/gong_ws/build/gong_basic', 'catkin_cmake_args': None, 'catkin_skip_building_tests': False, 'cmake_args': None, 'cmake_clean_cache': False, 'cmake_clean_first': False, 'cmake_force_configure': False, 'cmake_target': None, 'cmake_target_skip_unavailable': False, 'install_base': '/home/boyfriend51/gong/gong_ws/install/gong_basic', 'merge_install': False, 'path': '/home/boyfriend51/gong/gong_ws/src/gong_basic', 'symlink_install': True, 'test_result_base': None}
[0.404s] Level 5:colcon.colcon_core.verb:set package 'user_interface' build argument 'cmake_args' from command line to 'None'
[0.404s] Level 5:colcon.colcon_core.verb:set package 'user_interface' build argument 'cmake_target' from command line to 'None'
[0.404s] Level 5:colcon.colcon_core.verb:set package 'user_interface' build argument 'cmake_target_skip_unavailable' from command line to 'False'
[0.404s] Level 5:colcon.colcon_core.verb:set package 'user_interface' build argument 'cmake_clean_cache' from command line to 'False'
[0.404s] Level 5:colcon.colcon_core.verb:set package 'user_interface' build argument 'cmake_clean_first' from command line to 'False'
[0.404s] Level 5:colcon.colcon_core.verb:set package 'user_interface' build argument 'cmake_force_configure' from command line to 'False'
[0.404s] Level 5:colcon.colcon_core.verb:set package 'user_interface' build argument 'ament_cmake_args' from command line to 'None'
[0.404s] Level 5:colcon.colcon_core.verb:set package 'user_interface' build argument 'catkin_cmake_args' from command line to 'None'
[0.404s] Level 5:colcon.colcon_core.verb:set package 'user_interface' build argument 'catkin_skip_building_tests' from command line to 'False'
[0.404s] DEBUG:colcon.colcon_core.verb:Building package 'user_interface' with the following arguments: {'ament_cmake_args': None, 'build_base': '/home/boyfriend51/gong/gong_ws/build/user_interface', 'catkin_cmake_args': None, 'catkin_skip_building_tests': False, 'cmake_args': None, 'cmake_clean_cache': False, 'cmake_clean_first': False, 'cmake_force_configure': False, 'cmake_target': None, 'cmake_target_skip_unavailable': False, 'install_base': '/home/boyfriend51/gong/gong_ws/install/user_interface', 'merge_install': False, 'path': '/home/boyfriend51/gong/gong_ws/user_interface', 'symlink_install': True, 'test_result_base': None}
[0.404s] INFO:colcon.colcon_core.executor:Executing jobs using 'parallel' executor
[0.406s] DEBUG:colcon.colcon_parallel_executor.executor.parallel:run_until_complete
[0.407s] INFO:colcon.colcon_ros.task.ament_python.build:Building ROS package in '/home/boyfriend51/gong/gong_ws/src/gong_basic' with build type 'ament_python'
[0.407s] Level 1:colcon.colcon_core.shell:create_environment_hook('gong_basic', 'ament_prefix_path')
[0.410s] INFO:colcon.colcon_core.plugin_system:Skipping extension 'colcon_core.shell.bat': Not used on non-Windows systems
[0.411s] INFO:colcon.colcon_core.shell:Creating environment hook '/home/boyfriend51/gong/gong_ws/install/gong_basic/share/gong_basic/hook/ament_prefix_path.ps1'
[0.412s] INFO:colcon.colcon_core.shell:Creating environment descriptor '/home/boyfriend51/gong/gong_ws/install/gong_basic/share/gong_basic/hook/ament_prefix_path.dsv'
[0.412s] INFO:colcon.colcon_core.shell:Creating environment hook '/home/boyfriend51/gong/gong_ws/install/gong_basic/share/gong_basic/hook/ament_prefix_path.sh'
[0.413s] INFO:colcon.colcon_core.shell:Skip shell extension 'powershell' for command environment: Not usable outside of PowerShell
[0.413s] DEBUG:colcon.colcon_core.shell:Skip shell extension 'dsv' for command environment
[0.418s] INFO:colcon.colcon_ros.task.ament_cmake.build:Building ROS package in '/home/boyfriend51/gong/gong_ws/user_interface' with build type 'ament_cmake'
[0.418s] INFO:colcon.colcon_cmake.task.cmake.build:Building CMake package in '/home/boyfriend51/gong/gong_ws/user_interface'
[0.418s] INFO:colcon.colcon_core.shell:Skip shell extension 'powershell' for command environment: Not usable outside of PowerShell
[0.419s] DEBUG:colcon.colcon_core.shell:Skip shell extension 'dsv' for command environment
[0.750s] INFO:colcon.colcon_core.task.python.build:Building Python package in '/home/boyfriend51/gong/gong_ws/src/gong_basic'
[0.750s] INFO:colcon.colcon_core.shell:Skip shell extension 'powershell' for command environment: Not usable outside of PowerShell
[0.750s] DEBUG:colcon.colcon_core.shell:Skip shell extension 'dsv' for command environment
[0.764s] DEBUG:colcon.colcon_core.event_handler.log_command:Invoking command in '/home/boyfriend51/gong/gong_ws/build/user_interface': CMAKE_PREFIX_PATH=${CMAKE_PREFIX_PATH}:/home/boyfriend51/gong/gong_ws/install/gong_basic:/opt/ros/jazzy /usr/bin/cmake --build /home/boyfriend51/gong/gong_ws/build/user_interface -- -j8 -l8
[1.548s] DEBUG:colcon.colcon_core.event_handler.log_command:Invoked command in '/home/boyfriend51/gong/gong_ws/build/user_interface' returned '0': CMAKE_PREFIX_PATH=${CMAKE_PREFIX_PATH}:/home/boyfriend51/gong/gong_ws/install/gong_basic:/opt/ros/jazzy /usr/bin/cmake --build /home/boyfriend51/gong/gong_ws/build/user_interface -- -j8 -l8
[1.564s] DEBUG:colcon.colcon_core.event_handler.log_command:Invoking command in '/home/boyfriend51/gong/gong_ws/build/user_interface': CMAKE_PREFIX_PATH=${CMAKE_PREFIX_PATH}:/home/boyfriend51/gong/gong_ws/install/gong_basic:/opt/ros/jazzy /usr/bin/cmake --install /home/boyfriend51/gong/gong_ws/build/user_interface
[1.740s] Level 1:colcon.colcon_core.environment:create_environment_scripts_only(user_interface)
[1.743s] DEBUG:colcon.colcon_core.event_handler.log_command:Invoked command in '/home/boyfriend51/gong/gong_ws/build/user_interface' returned '0': CMAKE_PREFIX_PATH=${CMAKE_PREFIX_PATH}:/home/boyfriend51/gong/gong_ws/install/gong_basic:/opt/ros/jazzy /usr/bin/cmake --install /home/boyfriend51/gong/gong_ws/build/user_interface
[1.748s] Level 1:colcon.colcon_core.environment:checking '/home/boyfriend51/gong/gong_ws/install/user_interface' for CMake module files
[1.749s] Level 1:colcon.colcon_core.environment:checking '/home/boyfriend51/gong/gong_ws/install/user_interface' for CMake config files
[1.751s] Level 1:colcon.colcon_core.shell:create_environment_hook('user_interface', 'cmake_prefix_path')
[1.751s] INFO:colcon.colcon_core.shell:Creating environment hook '/home/boyfriend51/gong/gong_ws/install/user_interface/share/user_interface/hook/cmake_prefix_path.ps1'
[1.752s] INFO:colcon.colcon_core.shell:Creating environment descriptor '/home/boyfriend51/gong/gong_ws/install/user_interface/share/user_interface/hook/cmake_prefix_path.dsv'
[1.754s] INFO:colcon.colcon_core.shell:Creating environment hook '/home/boyfriend51/gong/gong_ws/install/user_interface/share/user_interface/hook/cmake_prefix_path.sh'
[1.755s] Level 1:colcon.colcon_core.environment:checking '/home/boyfriend51/gong/gong_ws/install/user_interface/lib'
[1.756s] Level 1:colcon.colcon_core.shell:create_environment_hook('user_interface', 'ld_library_path_lib')
[1.756s] INFO:colcon.colcon_core.shell:Creating environment hook '/home/boyfriend51/gong/gong_ws/install/user_interface/share/user_interface/hook/ld_library_path_lib.ps1'
[1.757s] INFO:colcon.colcon_core.shell:Creating environment descriptor '/home/boyfriend51/gong/gong_ws/install/user_interface/share/user_interface/hook/ld_library_path_lib.dsv'
[1.761s] INFO:colcon.colcon_core.shell:Creating environment hook '/home/boyfriend51/gong/gong_ws/install/user_interface/share/user_interface/hook/ld_library_path_lib.sh'
[1.763s] Level 1:colcon.colcon_core.environment:checking '/home/boyfriend51/gong/gong_ws/install/user_interface/bin'
[1.763s] Level 1:colcon.colcon_core.environment:checking '/home/boyfriend51/gong/gong_ws/install/user_interface/lib/pkgconfig/user_interface.pc'
[1.764s] Level 1:colcon.colcon_core.environment:checking '/home/boyfriend51/gong/gong_ws/install/user_interface/lib/python3.12/site-packages'
[1.764s] Level 1:colcon.colcon_core.shell:create_environment_hook('user_interface', 'pythonpath')
[1.765s] INFO:colcon.colcon_core.shell:Creating environment hook '/home/boyfriend51/gong/gong_ws/install/user_interface/share/user_interface/hook/pythonpath.ps1'
[1.766s] INFO:colcon.colcon_core.shell:Creating environment descriptor '/home/boyfriend51/gong/gong_ws/install/user_interface/share/user_interface/hook/pythonpath.dsv'
[1.767s] INFO:colcon.colcon_core.shell:Creating environment hook '/home/boyfriend51/gong/gong_ws/install/user_interface/share/user_interface/hook/pythonpath.sh'
[1.769s] Level 1:colcon.colcon_core.environment:checking '/home/boyfriend51/gong/gong_ws/install/user_interface/bin'
[1.770s] INFO:colcon.colcon_core.shell:Creating package script '/home/boyfriend51/gong/gong_ws/install/user_interface/share/user_interface/package.ps1'
[1.773s] INFO:colcon.colcon_core.shell:Creating package descriptor '/home/boyfriend51/gong/gong_ws/install/user_interface/share/user_interface/package.dsv'
[1.779s] INFO:colcon.colcon_core.shell:Creating package script '/home/boyfriend51/gong/gong_ws/install/user_interface/share/user_interface/package.sh'
[1.781s] INFO:colcon.colcon_core.shell:Creating package script '/home/boyfriend51/gong/gong_ws/install/user_interface/share/user_interface/package.bash'
[1.784s] INFO:colcon.colcon_core.shell:Creating package script '/home/boyfriend51/gong/gong_ws/install/user_interface/share/user_interface/package.zsh'
[1.786s] Level 1:colcon.colcon_core.environment:create_file_with_runtime_dependencies(/home/boyfriend51/gong/gong_ws/install/user_interface/share/colcon-core/packages/user_interface)
[1.788s] Level 1:colcon.colcon_core.environment:create_environment_scripts_only(user_interface)
[1.788s] Level 1:colcon.colcon_core.environment:checking '/home/boyfriend51/gong/gong_ws/install/user_interface' for CMake module files
[1.790s] Level 1:colcon.colcon_core.environment:checking '/home/boyfriend51/gong/gong_ws/install/user_interface' for CMake config files
[1.797s] Level 1:colcon.colcon_core.shell:create_environment_hook('user_interface', 'cmake_prefix_path')
[1.797s] INFO:colcon.colcon_core.shell:Creating environment hook '/home/boyfriend51/gong/gong_ws/install/user_interface/share/user_interface/hook/cmake_prefix_path.ps1'
[1.799s] INFO:colcon.colcon_core.shell:Creating environment descriptor '/home/boyfriend51/gong/gong_ws/install/user_interface/share/user_interface/hook/cmake_prefix_path.dsv'
[1.800s] INFO:colcon.colcon_core.shell:Creating environment hook '/home/boyfriend51/gong/gong_ws/install/user_interface/share/user_interface/hook/cmake_prefix_path.sh'
[1.801s] Level 1:colcon.colcon_core.environment:checking '/home/boyfriend51/gong/gong_ws/install/user_interface/lib'
[1.802s] Level 1:colcon.colcon_core.shell:create_environment_hook('user_interface', 'ld_library_path_lib')
[1.802s] INFO:colcon.colcon_core.shell:Creating environment hook '/home/boyfriend51/gong/gong_ws/install/user_interface/share/user_interface/hook/ld_library_path_lib.ps1'
[1.803s] INFO:colcon.colcon_core.shell:Creating environment descriptor '/home/boyfriend51/gong/gong_ws/install/user_interface/share/user_interface/hook/ld_library_path_lib.dsv'
[1.804s] INFO:colcon.colcon_core.shell:Creating environment hook '/home/boyfriend51/gong/gong_ws/install/user_interface/share/user_interface/hook/ld_library_path_lib.sh'
[1.806s] Level 1:colcon.colcon_core.environment:checking '/home/boyfriend51/gong/gong_ws/install/user_interface/bin'
[1.806s] Level 1:colcon.colcon_core.environment:checking '/home/boyfriend51/gong/gong_ws/install/user_interface/lib/pkgconfig/user_interface.pc'
[1.807s] Level 1:colcon.colcon_core.environment:checking '/home/boyfriend51/gong/gong_ws/install/user_interface/lib/python3.12/site-packages'
[1.807s] Level 1:colcon.colcon_core.shell:create_environment_hook('user_interface', 'pythonpath')
[1.810s] INFO:colcon.colcon_core.shell:Creating environment hook '/home/boyfriend51/gong/gong_ws/install/user_interface/share/user_interface/hook/pythonpath.ps1'
[1.814s] INFO:colcon.colcon_core.shell:Creating environment descriptor '/home/boyfriend51/gong/gong_ws/install/user_interface/share/user_interface/hook/pythonpath.dsv'
[1.815s] INFO:colcon.colcon_core.shell:Creating environment hook '/home/boyfriend51/gong/gong_ws/install/user_interface/share/user_interface/hook/pythonpath.sh'
[1.817s] Level 1:colcon.colcon_core.environment:checking '/home/boyfriend51/gong/gong_ws/install/user_interface/bin'
[1.818s] INFO:colcon.colcon_core.shell:Creating package script '/home/boyfriend51/gong/gong_ws/install/user_interface/share/user_interface/package.ps1'
[1.820s] INFO:colcon.colcon_core.shell:Creating package descriptor '/home/boyfriend51/gong/gong_ws/install/user_interface/share/user_interface/package.dsv'
[1.822s] INFO:colcon.colcon_core.shell:Creating package script '/home/boyfriend51/gong/gong_ws/install/user_interface/share/user_interface/package.sh'
[1.824s] INFO:colcon.colcon_core.shell:Creating package script '/home/boyfriend51/gong/gong_ws/install/user_interface/share/user_interface/package.bash'
[1.832s] INFO:colcon.colcon_core.shell:Creating package script '/home/boyfriend51/gong/gong_ws/install/user_interface/share/user_interface/package.zsh'
[1.834s] Level 1:colcon.colcon_core.environment:create_file_with_runtime_dependencies(/home/boyfriend51/gong/gong_ws/install/user_interface/share/colcon-core/packages/user_interface)
[2.044s] DEBUG:colcon.colcon_core.task.python.build:Available setuptools commands: setopt, install_headers, check, bdist_dumb, build_clib, install_lib, bdist_rpm, install_egg_info, develop, easy_install, update_catalog, alias, sdist, clean, rotate, install_data, compile_catalog, upload_docs, test, install_scripts, egg_info, build_py, saveopts, register, build, init_catalog, install, build_scripts, symlink_data, bdist_egg, editable_wheel, build_ext, upload, bdist, dist_info, extract_messages
[2.724s] DEBUG:colcon.colcon_core.task.python.build:Available setuptools 'develop' options: --install-layout, --editable, --no-find-links, --zip-ok, --help, --exclude-scripts, --install-dir, --quiet, --allow-hosts, --optimize, --no-deps, --record, --upgrade, --site-dirs, --version, --find-links, --user, --multi-version, --prefix, --index-url, --always-copy, --build-directory, --egg-path, --local-snapshots-ok, --always-unzip, --verbose, --no-user-cfg, --script-dir, --force-installation-into-system-dir, --dry-run, --uninstall
[2.729s] DEBUG:colcon.colcon_core.event_handler.log_command:Invoking command in '/home/boyfriend51/gong/gong_ws/build/gong_basic': PYTHONPATH=/home/boyfriend51/gong/gong_ws/build/gong_basic/prefix_override:/usr/lib/python3/dist-packages/colcon_core/task/python/colcon_distutils_commands:/home/boyfriend51/gong/gong_ws/install/gong_basic/lib/python3.12/site-packages:${PYTHONPATH} /usr/bin/python3 -W ignore:setup.py install is deprecated -W ignore:easy_install command is deprecated setup.py develop --editable --build-directory /home/boyfriend51/gong/gong_ws/build/gong_basic/build --no-deps symlink_data
[3.700s] Level 1:colcon.colcon_core.shell:create_environment_hook('gong_basic', 'pythonpath_develop')
[3.700s] INFO:colcon.colcon_core.shell:Creating environment hook '/home/boyfriend51/gong/gong_ws/build/gong_basic/share/gong_basic/hook/pythonpath_develop.ps1'
[3.701s] DEBUG:colcon.colcon_core.event_handler.log_command:Invoked command in '/home/boyfriend51/gong/gong_ws/build/gong_basic' returned '0': PYTHONPATH=/home/boyfriend51/gong/gong_ws/build/gong_basic/prefix_override:/usr/lib/python3/dist-packages/colcon_core/task/python/colcon_distutils_commands:/home/boyfriend51/gong/gong_ws/install/gong_basic/lib/python3.12/site-packages:${PYTHONPATH} /usr/bin/python3 -W ignore:setup.py install is deprecated -W ignore:easy_install command is deprecated setup.py develop --editable --build-directory /home/boyfriend51/gong/gong_ws/build/gong_basic/build --no-deps symlink_data
[3.702s] INFO:colcon.colcon_core.shell:Creating environment descriptor '/home/boyfriend51/gong/gong_ws/build/gong_basic/share/gong_basic/hook/pythonpath_develop.dsv'
[3.702s] INFO:colcon.colcon_core.shell:Creating environment hook '/home/boyfriend51/gong/gong_ws/build/gong_basic/share/gong_basic/hook/pythonpath_develop.sh'
[3.703s] Level 1:colcon.colcon_core.environment:checking '/home/boyfriend51/gong/gong_ws/install/gong_basic' for CMake module files
[3.704s] Level 1:colcon.colcon_core.environment:checking '/home/boyfriend51/gong/gong_ws/install/gong_basic' for CMake config files
[3.704s] Level 1:colcon.colcon_core.environment:checking '/home/boyfriend51/gong/gong_ws/install/gong_basic/lib'
[3.705s] Level 1:colcon.colcon_core.environment:checking '/home/boyfriend51/gong/gong_ws/install/gong_basic/bin'
[3.705s] Level 1:colcon.colcon_core.environment:checking '/home/boyfriend51/gong/gong_ws/install/gong_basic/lib/pkgconfig/gong_basic.pc'
[3.706s] Level 1:colcon.colcon_core.environment:checking '/home/boyfriend51/gong/gong_ws/install/gong_basic/lib/python3.12/site-packages'
[3.706s] Level 1:colcon.colcon_core.shell:create_environment_hook('gong_basic', 'pythonpath')
[3.706s] INFO:colcon.colcon_core.shell:Creating environment hook '/home/boyfriend51/gong/gong_ws/install/gong_basic/share/gong_basic/hook/pythonpath.ps1'
[3.707s] INFO:colcon.colcon_core.shell:Creating environment descriptor '/home/boyfriend51/gong/gong_ws/install/gong_basic/share/gong_basic/hook/pythonpath.dsv'
[3.707s] INFO:colcon.colcon_core.shell:Creating environment hook '/home/boyfriend51/gong/gong_ws/install/gong_basic/share/gong_basic/hook/pythonpath.sh'
[3.709s] Level 1:colcon.colcon_core.environment:checking '/home/boyfriend51/gong/gong_ws/install/gong_basic/bin'
[3.709s] Level 1:colcon.colcon_core.environment:create_environment_scripts_only(gong_basic)
[3.710s] INFO:colcon.colcon_core.shell:Creating package script '/home/boyfriend51/gong/gong_ws/install/gong_basic/share/gong_basic/package.ps1'
[3.711s] INFO:colcon.colcon_core.shell:Creating package descriptor '/home/boyfriend51/gong/gong_ws/install/gong_basic/share/gong_basic/package.dsv'
[3.711s] INFO:colcon.colcon_core.shell:Creating package script '/home/boyfriend51/gong/gong_ws/install/gong_basic/share/gong_basic/package.sh'
[3.712s] INFO:colcon.colcon_core.shell:Creating package script '/home/boyfriend51/gong/gong_ws/install/gong_basic/share/gong_basic/package.bash'
[3.712s] INFO:colcon.colcon_core.shell:Creating package script '/home/boyfriend51/gong/gong_ws/install/gong_basic/share/gong_basic/package.zsh'
[3.714s] Level 1:colcon.colcon_core.environment:create_file_with_runtime_dependencies(/home/boyfriend51/gong/gong_ws/install/gong_basic/share/colcon-core/packages/gong_basic)
[3.715s] DEBUG:colcon.colcon_parallel_executor.executor.parallel:closing loop
[3.716s] DEBUG:colcon.colcon_parallel_executor.executor.parallel:loop closed
[3.716s] DEBUG:colcon.colcon_parallel_executor.executor.parallel:run_until_complete finished with '0'
[3.717s] DEBUG:colcon.colcon_core.event_reactor:joining thread
[3.801s] INFO:colcon.colcon_core.plugin_system:Skipping extension 'colcon_notification.desktop_notification.notify_send': Could not find 'notify-send'
[3.801s] INFO:colcon.colcon_core.plugin_system:Skipping extension 'colcon_notification.desktop_notification.terminal_notifier': Not used on non-Darwin systems
[3.801s] INFO:colcon.colcon_core.plugin_system:Skipping extension 'colcon_notification.desktop_notification.win32': Not used on non-Windows systems
[3.801s] INFO:colcon.colcon_notification.desktop_notification:Sending desktop notification using 'notify2'
[3.803s] DEBUG:colcon.colcon_notification.desktop_notification.notify2:Failed to initialize notify2: org.freedesktop.DBus.Error.ServiceUnknown: The name org.freedesktop.Notifications was not provided by any .service files
[3.803s] DEBUG:colcon.colcon_core.event_reactor:joined thread
[3.803s] INFO:colcon.colcon_core.shell:Creating prefix script '/home/boyfriend51/gong/gong_ws/install/local_setup.ps1'
[3.804s] INFO:colcon.colcon_core.shell:Creating prefix util module '/home/boyfriend51/gong/gong_ws/install/_local_setup_util_ps1.py'
[3.806s] INFO:colcon.colcon_core.shell:Creating prefix chain script '/home/boyfriend51/gong/gong_ws/install/setup.ps1'
[3.807s] INFO:colcon.colcon_core.shell:Creating prefix script '/home/boyfriend51/gong/gong_ws/install/local_setup.sh'
[3.809s] INFO:colcon.colcon_core.shell:Creating prefix util module '/home/boyfriend51/gong/gong_ws/install/_local_setup_util_sh.py'
[3.811s] INFO:colcon.colcon_core.shell:Creating prefix chain script '/home/boyfriend51/gong/gong_ws/install/setup.sh'
[3.814s] INFO:colcon.colcon_core.shell:Creating prefix script '/home/boyfriend51/gong/gong_ws/install/local_setup.bash'
[3.815s] INFO:colcon.colcon_core.shell:Creating prefix chain script '/home/boyfriend51/gong/gong_ws/install/setup.bash'
[3.817s] INFO:colcon.colcon_core.shell:Creating prefix script '/home/boyfriend51/gong/gong_ws/install/local_setup.zsh'
[3.818s] INFO:colcon.colcon_core.shell:Creating prefix chain script '/home/boyfriend51/gong/gong_ws/install/setup.zsh'
