running egg_info
creating ../../build/gong_basic/gong_basic.egg-info
writing ../../build/gong_basic/gong_basic.egg-info/PKG-INFO
writing dependency_links to ../../build/gong_basic/gong_basic.egg-info/dependency_links.txt
writing requirements to ../../build/gong_basic/gong_basic.egg-info/requires.txt
writing top-level names to ../../build/gong_basic/gong_basic.egg-info/top_level.txt
writing manifest file '../../build/gong_basic/gong_basic.egg-info/SOURCES.txt'
reading manifest file '../../build/gong_basic/gong_basic.egg-info/SOURCES.txt'
writing manifest file '../../build/gong_basic/gong_basic.egg-info/SOURCES.txt'
running build
running build_py
creating /home/boyfriend51/gong/gong_ws/build/gong_basic/build
creating /home/boyfriend51/gong/gong_ws/build/gong_basic/build/lib
creating /home/boyfriend51/gong/gong_ws/build/gong_basic/build/lib/gong_basic
copying gong_basic/__init__.py -> /home/boyfriend51/gong/gong_ws/build/gong_basic/build/lib/gong_basic
running install
running install_lib
creating /home/boyfriend51/gong/gong_ws/install/gong_basic/lib/python3.12/site-packages/gong_basic
copying /home/boyfriend51/gong/gong_ws/build/gong_basic/build/lib/gong_basic/__init__.py -> /home/boyfriend51/gong/gong_ws/install/gong_basic/lib/python3.12/site-packages/gong_basic
byte-compiling /home/boyfriend51/gong/gong_ws/install/gong_basic/lib/python3.12/site-packages/gong_basic/__init__.py to __init__.cpython-312.pyc
running install_data
creating /home/boyfriend51/gong/gong_ws/install/gong_basic/share/ament_index
creating /home/boyfriend51/gong/gong_ws/install/gong_basic/share/ament_index/resource_index
creating /home/boyfriend51/gong/gong_ws/install/gong_basic/share/ament_index/resource_index/packages
copying resource/gong_basic -> /home/boyfriend51/gong/gong_ws/install/gong_basic/share/ament_index/resource_index/packages
copying package.xml -> /home/boyfriend51/gong/gong_ws/install/gong_basic/share/gong_basic
running install_egg_info
Copying ../../build/gong_basic/gong_basic.egg-info to /home/boyfriend51/gong/gong_ws/install/gong_basic/lib/python3.12/site-packages/gong_basic-0.0.0-py3.12.egg-info
running install_scripts
writing list of installed files to '/home/boyfriend51/gong/gong_ws/build/gong_basic/install.log'
