[1.388s] Invoking command in '/home/boyfriend51/gong/gong_ws/src/gong_basic': PYTHONPATH=/home/boyfriend51/gong/gong_ws/build/gong_basic/prefix_override:/usr/lib/python3/dist-packages/colcon_core/task/python/colcon_distutils_commands:/home/boyfriend51/gong/gong_ws/install/gong_basic/lib/python3.12/site-packages:${PYTHONPATH} /usr/bin/python3 -W ignore:setup.py install is deprecated -W ignore:easy_install command is deprecated setup.py egg_info --egg-base ../../build/gong_basic build --build-base /home/boyfriend51/gong/gong_ws/build/gong_basic/build install --record /home/boyfriend51/gong/gong_ws/build/gong_basic/install.log --install-scripts $base/lib/gong_basic --single-version-externally-managed install_data
[1.713s] running egg_info
[1.714s] creating ../../build/gong_basic/gong_basic.egg-info
[1.740s] writing ../../build/gong_basic/gong_basic.egg-info/PKG-INFO
[1.741s] writing dependency_links to ../../build/gong_basic/gong_basic.egg-info/dependency_links.txt
[1.741s] writing requirements to ../../build/gong_basic/gong_basic.egg-info/requires.txt
[1.741s] writing top-level names to ../../build/gong_basic/gong_basic.egg-info/top_level.txt
[1.741s] writing manifest file '../../build/gong_basic/gong_basic.egg-info/SOURCES.txt'
[1.783s] reading manifest file '../../build/gong_basic/gong_basic.egg-info/SOURCES.txt'
[1.784s] writing manifest file '../../build/gong_basic/gong_basic.egg-info/SOURCES.txt'
[1.784s] running build
[1.784s] running build_py
[1.785s] creating /home/boyfriend51/gong/gong_ws/build/gong_basic/build
[1.785s] creating /home/boyfriend51/gong/gong_ws/build/gong_basic/build/lib
[1.785s] creating /home/boyfriend51/gong/gong_ws/build/gong_basic/build/lib/gong_basic
[1.786s] copying gong_basic/__init__.py -> /home/boyfriend51/gong/gong_ws/build/gong_basic/build/lib/gong_basic
[1.786s] running install
[1.792s] running install_lib
[1.813s] creating /home/boyfriend51/gong/gong_ws/install/gong_basic/lib/python3.12/site-packages/gong_basic
[1.814s] copying /home/boyfriend51/gong/gong_ws/build/gong_basic/build/lib/gong_basic/__init__.py -> /home/boyfriend51/gong/gong_ws/install/gong_basic/lib/python3.12/site-packages/gong_basic
[1.815s] byte-compiling /home/boyfriend51/gong/gong_ws/install/gong_basic/lib/python3.12/site-packages/gong_basic/__init__.py to __init__.cpython-312.pyc
[1.816s] running install_data
[1.816s] creating /home/boyfriend51/gong/gong_ws/install/gong_basic/share/ament_index
[1.817s] creating /home/boyfriend51/gong/gong_ws/install/gong_basic/share/ament_index/resource_index
[1.817s] creating /home/boyfriend51/gong/gong_ws/install/gong_basic/share/ament_index/resource_index/packages
[1.818s] copying resource/gong_basic -> /home/boyfriend51/gong/gong_ws/install/gong_basic/share/ament_index/resource_index/packages
[1.818s] copying package.xml -> /home/boyfriend51/gong/gong_ws/install/gong_basic/share/gong_basic
[1.818s] running install_egg_info
[1.847s] Copying ../../build/gong_basic/gong_basic.egg-info to /home/boyfriend51/gong/gong_ws/install/gong_basic/lib/python3.12/site-packages/gong_basic-0.0.0-py3.12.egg-info
[1.851s] running install_scripts
[2.009s] writing list of installed files to '/home/boyfriend51/gong/gong_ws/build/gong_basic/install.log'
[2.046s] Invoked command in '/home/boyfriend51/gong/gong_ws/src/gong_basic' returned '0': PYTHONPATH=/home/boyfriend51/gong/gong_ws/build/gong_basic/prefix_override:/usr/lib/python3/dist-packages/colcon_core/task/python/colcon_distutils_commands:/home/boyfriend51/gong/gong_ws/install/gong_basic/lib/python3.12/site-packages:${PYTHONPATH} /usr/bin/python3 -W ignore:setup.py install is deprecated -W ignore:easy_install command is deprecated setup.py egg_info --egg-base ../../build/gong_basic build --build-base /home/boyfriend51/gong/gong_ws/build/gong_basic/build install --record /home/boyfriend51/gong/gong_ws/build/gong_basic/install.log --install-scripts $base/lib/gong_basic --single-version-externally-managed install_data
