[0.266s] DEBUG:colcon:Command line arguments: ['/usr/bin/colcon', 'build']
[0.266s] DEBUG:colcon:Parsed command line arguments: Namespace(log_base=None, log_level=None, verb_name='build', build_base='build', install_base='install', merge_install=False, symlink_install=False, test_result_base=None, continue_on_error=False, executor='parallel', parallel_workers=8, event_handlers=None, ignore_user_meta=False, metas=['./colcon.meta'], base_paths=['.'], packages_ignore=None, packages_ignore_regex=None, paths=None, packages_up_to=None, packages_up_to_regex=None, packages_above=None, packages_above_and_dependencies=None, packages_above_depth=None, packages_select_by_dep=None, packages_skip_by_dep=None, packages_skip_up_to=None, packages_select_build_failed=False, packages_skip_build_finished=False, packages_select_test_failures=False, packages_skip_test_passed=False, packages_select=None, packages_skip=None, packages_select_regex=None, packages_skip_regex=None, packages_start=None, packages_end=None, allow_overriding=[], cmake_args=None, cmake_target=None, cmake_target_skip_unavailable=False, cmake_clean_cache=False, cmake_clean_first=False, cmake_force_configure=False, ament_cmake_args=None, catkin_cmake_args=None, catkin_skip_building_tests=False, mixin_files=None, mixin=None, verb_parser=<colcon_mixin.mixin.mixin_argument.MixinArgumentDecorator object at 0x76a13987da00>, verb_extension=<colcon_core.verb.build.BuildVerb object at 0x76a13a0c7560>, main=<bound method BuildVerb.main of <colcon_core.verb.build.BuildVerb object at 0x76a13a0c7560>>, mixin_verb=('build',))
[0.323s] Level 1:colcon.colcon_core.package_discovery:discover_packages(colcon_meta) check parameters
[0.324s] Level 1:colcon.colcon_core.package_discovery:discover_packages(recursive) check parameters
[0.324s] Level 1:colcon.colcon_core.package_discovery:discover_packages(ignore) check parameters
[0.324s] Level 1:colcon.colcon_core.package_discovery:discover_packages(path) check parameters
[0.324s] Level 1:colcon.colcon_core.package_discovery:discover_packages(colcon_meta) discover
[0.324s] Level 1:colcon.colcon_core.package_discovery:discover_packages(recursive) discover
[0.324s] INFO:colcon.colcon_core.package_discovery:Crawling recursively for packages in '/home/boyfriend51/gong/gong_ws'
[0.324s] Level 1:colcon.colcon_core.package_identification:_identify(.) by extensions ['ignore', 'ignore_ament_install']
[0.324s] Level 1:colcon.colcon_core.package_identification:_identify(.) by extension 'ignore'
[0.325s] Level 1:colcon.colcon_core.package_identification:_identify(.) by extension 'ignore_ament_install'
[0.325s] Level 1:colcon.colcon_core.package_identification:_identify(.) by extensions ['colcon_pkg']
[0.325s] Level 1:colcon.colcon_core.package_identification:_identify(.) by extension 'colcon_pkg'
[0.325s] Level 1:colcon.colcon_core.package_identification:_identify(.) by extensions ['colcon_meta']
[0.325s] Level 1:colcon.colcon_core.package_identification:_identify(.) by extension 'colcon_meta'
[0.325s] Level 1:colcon.colcon_core.package_identification:_identify(.) by extensions ['ros']
[0.325s] Level 1:colcon.colcon_core.package_identification:_identify(.) by extension 'ros'
[0.374s] Level 1:colcon.colcon_core.package_identification:_identify(.) by extensions ['cmake', 'python']
[0.374s] Level 1:colcon.colcon_core.package_identification:_identify(.) by extension 'cmake'
[0.374s] Level 1:colcon.colcon_core.package_identification:_identify(.) by extension 'python'
[0.374s] Level 1:colcon.colcon_core.package_identification:_identify(.) by extensions ['python_setup_py']
[0.374s] Level 1:colcon.colcon_core.package_identification:_identify(.) by extension 'python_setup_py'
[0.375s] Level 1:colcon.colcon_core.package_identification:_identify(build) by extensions ['ignore', 'ignore_ament_install']
[0.375s] Level 1:colcon.colcon_core.package_identification:_identify(build) by extension 'ignore'
[0.375s] Level 1:colcon.colcon_core.package_identification:_identify(build) ignored
[0.375s] Level 1:colcon.colcon_core.package_identification:_identify(install) by extensions ['ignore', 'ignore_ament_install']
[0.375s] Level 1:colcon.colcon_core.package_identification:_identify(install) by extension 'ignore'
[0.375s] Level 1:colcon.colcon_core.package_identification:_identify(install) ignored
[0.375s] Level 1:colcon.colcon_core.package_identification:_identify(log) by extensions ['ignore', 'ignore_ament_install']
[0.375s] Level 1:colcon.colcon_core.package_identification:_identify(log) by extension 'ignore'
[0.375s] Level 1:colcon.colcon_core.package_identification:_identify(log) ignored
[0.376s] Level 1:colcon.colcon_core.package_identification:_identify(src) by extensions ['ignore', 'ignore_ament_install']
[0.376s] Level 1:colcon.colcon_core.package_identification:_identify(src) by extension 'ignore'
[0.376s] Level 1:colcon.colcon_core.package_identification:_identify(src) by extension 'ignore_ament_install'
[0.376s] Level 1:colcon.colcon_core.package_identification:_identify(src) by extensions ['colcon_pkg']
[0.376s] Level 1:colcon.colcon_core.package_identification:_identify(src) by extension 'colcon_pkg'
[0.376s] Level 1:colcon.colcon_core.package_identification:_identify(src) by extensions ['colcon_meta']
[0.376s] Level 1:colcon.colcon_core.package_identification:_identify(src) by extension 'colcon_meta'
[0.376s] Level 1:colcon.colcon_core.package_identification:_identify(src) by extensions ['ros']
[0.376s] Level 1:colcon.colcon_core.package_identification:_identify(src) by extension 'ros'
[0.376s] Level 1:colcon.colcon_core.package_identification:_identify(src) by extensions ['cmake', 'python']
[0.376s] Level 1:colcon.colcon_core.package_identification:_identify(src) by extension 'cmake'
[0.377s] Level 1:colcon.colcon_core.package_identification:_identify(src) by extension 'python'
[0.377s] Level 1:colcon.colcon_core.package_identification:_identify(src) by extensions ['python_setup_py']
[0.377s] Level 1:colcon.colcon_core.package_identification:_identify(src) by extension 'python_setup_py'
[0.377s] Level 1:colcon.colcon_core.package_identification:_identify(src/gong_basic) by extensions ['ignore', 'ignore_ament_install']
[0.377s] Level 1:colcon.colcon_core.package_identification:_identify(src/gong_basic) by extension 'ignore'
[0.377s] Level 1:colcon.colcon_core.package_identification:_identify(src/gong_basic) by extension 'ignore_ament_install'
[0.377s] Level 1:colcon.colcon_core.package_identification:_identify(src/gong_basic) by extensions ['colcon_pkg']
[0.377s] Level 1:colcon.colcon_core.package_identification:_identify(src/gong_basic) by extension 'colcon_pkg'
[0.377s] Level 1:colcon.colcon_core.package_identification:_identify(src/gong_basic) by extensions ['colcon_meta']
[0.377s] Level 1:colcon.colcon_core.package_identification:_identify(src/gong_basic) by extension 'colcon_meta'
[0.377s] Level 1:colcon.colcon_core.package_identification:_identify(src/gong_basic) by extensions ['ros']
[0.377s] Level 1:colcon.colcon_core.package_identification:_identify(src/gong_basic) by extension 'ros'
[0.380s] DEBUG:colcon.colcon_core.package_identification:Package 'src/gong_basic' with type 'ros.ament_python' and name 'gong_basic'
[0.380s] Level 1:colcon.colcon_core.package_discovery:discover_packages(recursive) using defaults
[0.380s] Level 1:colcon.colcon_core.package_discovery:discover_packages(ignore) discover
[0.380s] Level 1:colcon.colcon_core.package_discovery:discover_packages(ignore) using defaults
[0.380s] Level 1:colcon.colcon_core.package_discovery:discover_packages(path) discover
[0.380s] Level 1:colcon.colcon_core.package_discovery:discover_packages(path) using defaults
[0.404s] Level 1:colcon.colcon_core.package_discovery:discover_packages(prefix_path) check parameters
[0.404s] Level 1:colcon.colcon_core.package_discovery:discover_packages(prefix_path) discover
[0.406s] DEBUG:colcon.colcon_installed_package_information.package_discovery:Found 1 installed packages in /home/boyfriend51/gong/gong_ws/install
[0.407s] DEBUG:colcon.colcon_installed_package_information.package_discovery:Found 287 installed packages in /opt/ros/jazzy
[0.408s] Level 1:colcon.colcon_core.package_discovery:discover_packages(prefix_path) using defaults
[0.470s] Level 5:colcon.colcon_core.verb:set package 'gong_basic' build argument 'cmake_args' from command line to 'None'
[0.470s] Level 5:colcon.colcon_core.verb:set package 'gong_basic' build argument 'cmake_target' from command line to 'None'
[0.470s] Level 5:colcon.colcon_core.verb:set package 'gong_basic' build argument 'cmake_target_skip_unavailable' from command line to 'False'
[0.470s] Level 5:colcon.colcon_core.verb:set package 'gong_basic' build argument 'cmake_clean_cache' from command line to 'False'
[0.470s] Level 5:colcon.colcon_core.verb:set package 'gong_basic' build argument 'cmake_clean_first' from command line to 'False'
[0.470s] Level 5:colcon.colcon_core.verb:set package 'gong_basic' build argument 'cmake_force_configure' from command line to 'False'
[0.470s] Level 5:colcon.colcon_core.verb:set package 'gong_basic' build argument 'ament_cmake_args' from command line to 'None'
[0.470s] Level 5:colcon.colcon_core.verb:set package 'gong_basic' build argument 'catkin_cmake_args' from command line to 'None'
[0.470s] Level 5:colcon.colcon_core.verb:set package 'gong_basic' build argument 'catkin_skip_building_tests' from command line to 'False'
[0.470s] DEBUG:colcon.colcon_core.verb:Building package 'gong_basic' with the following arguments: {'ament_cmake_args': None, 'build_base': '/home/boyfriend51/gong/gong_ws/build/gong_basic', 'catkin_cmake_args': None, 'catkin_skip_building_tests': False, 'cmake_args': None, 'cmake_clean_cache': False, 'cmake_clean_first': False, 'cmake_force_configure': False, 'cmake_target': None, 'cmake_target_skip_unavailable': False, 'install_base': '/home/boyfriend51/gong/gong_ws/install/gong_basic', 'merge_install': False, 'path': '/home/boyfriend51/gong/gong_ws/src/gong_basic', 'symlink_install': False, 'test_result_base': None}
[0.471s] INFO:colcon.colcon_core.executor:Executing jobs using 'parallel' executor
[0.472s] DEBUG:colcon.colcon_parallel_executor.executor.parallel:run_until_complete
[0.473s] INFO:colcon.colcon_ros.task.ament_python.build:Building ROS package in '/home/boyfriend51/gong/gong_ws/src/gong_basic' with build type 'ament_python'
[0.473s] Level 1:colcon.colcon_core.shell:create_environment_hook('gong_basic', 'ament_prefix_path')
[0.476s] INFO:colcon.colcon_core.plugin_system:Skipping extension 'colcon_core.shell.bat': Not used on non-Windows systems
[0.476s] INFO:colcon.colcon_core.shell:Creating environment hook '/home/boyfriend51/gong/gong_ws/install/gong_basic/share/gong_basic/hook/ament_prefix_path.ps1'
[0.477s] INFO:colcon.colcon_core.shell:Creating environment descriptor '/home/boyfriend51/gong/gong_ws/install/gong_basic/share/gong_basic/hook/ament_prefix_path.dsv'
[0.478s] INFO:colcon.colcon_core.shell:Creating environment hook '/home/boyfriend51/gong/gong_ws/install/gong_basic/share/gong_basic/hook/ament_prefix_path.sh'
[0.479s] INFO:colcon.colcon_core.shell:Skip shell extension 'powershell' for command environment: Not usable outside of PowerShell
[0.480s] DEBUG:colcon.colcon_core.shell:Skip shell extension 'dsv' for command environment
[0.764s] INFO:colcon.colcon_core.task.python.build:Building Python package in '/home/boyfriend51/gong/gong_ws/src/gong_basic'
[0.764s] INFO:colcon.colcon_core.shell:Skip shell extension 'powershell' for command environment: Not usable outside of PowerShell
[0.764s] DEBUG:colcon.colcon_core.shell:Skip shell extension 'dsv' for command environment
[1.600s] DEBUG:colcon.colcon_core.task.python.build:Available setuptools commands: test, install_lib, install_data, build_ext, build_clib, update_catalog, sdist, bdist_dumb, bdist_egg, upload_docs, install_headers, compile_catalog, build, register, dist_info, editable_wheel, upload, alias, symlink_data, easy_install, install_scripts, bdist, install_egg_info, init_catalog, bdist_rpm, rotate, check, develop, build_py, saveopts, extract_messages, build_scripts, install, egg_info, setopt, clean
[1.605s] DEBUG:colcon.colcon_core.event_handler.log_command:Invoking command in '/home/boyfriend51/gong/gong_ws/build/gong_basic': PYTHONPATH=/home/boyfriend51/gong/gong_ws/build/gong_basic/prefix_override:/usr/lib/python3/dist-packages/colcon_core/task/python/colcon_distutils_commands:/home/boyfriend51/gong/gong_ws/install/gong_basic/lib/python3.12/site-packages:${PYTHONPATH} /usr/bin/python3 -W ignore:setup.py install is deprecated -W ignore:easy_install command is deprecated setup.py develop --uninstall --editable --build-directory /home/boyfriend51/gong/gong_ws/build/gong_basic/build
[2.328s] DEBUG:colcon.colcon_core.event_handler.log_command:Invoked command in '/home/boyfriend51/gong/gong_ws/build/gong_basic' returned '0': PYTHONPATH=/home/boyfriend51/gong/gong_ws/build/gong_basic/prefix_override:/usr/lib/python3/dist-packages/colcon_core/task/python/colcon_distutils_commands:/home/boyfriend51/gong/gong_ws/install/gong_basic/lib/python3.12/site-packages:${PYTHONPATH} /usr/bin/python3 -W ignore:setup.py install is deprecated -W ignore:easy_install command is deprecated setup.py develop --uninstall --editable --build-directory /home/boyfriend51/gong/gong_ws/build/gong_basic/build
[2.330s] DEBUG:colcon.colcon_core.event_handler.log_command:Invoking command in '/home/boyfriend51/gong/gong_ws/src/gong_basic': PYTHONPATH=/home/boyfriend51/gong/gong_ws/build/gong_basic/prefix_override:/usr/lib/python3/dist-packages/colcon_core/task/python/colcon_distutils_commands:/home/boyfriend51/gong/gong_ws/install/gong_basic/lib/python3.12/site-packages:${PYTHONPATH} /usr/bin/python3 -W ignore:setup.py install is deprecated -W ignore:easy_install command is deprecated setup.py egg_info --egg-base ../../build/gong_basic build --build-base /home/boyfriend51/gong/gong_ws/build/gong_basic/build install --record /home/boyfriend51/gong/gong_ws/build/gong_basic/install.log --install-scripts $base/lib/gong_basic --single-version-externally-managed install_data --force
[3.003s] DEBUG:colcon.colcon_core.event_handler.log_command:Invoked command in '/home/boyfriend51/gong/gong_ws/src/gong_basic' returned '0': PYTHONPATH=/home/boyfriend51/gong/gong_ws/build/gong_basic/prefix_override:/usr/lib/python3/dist-packages/colcon_core/task/python/colcon_distutils_commands:/home/boyfriend51/gong/gong_ws/install/gong_basic/lib/python3.12/site-packages:${PYTHONPATH} /usr/bin/python3 -W ignore:setup.py install is deprecated -W ignore:easy_install command is deprecated setup.py egg_info --egg-base ../../build/gong_basic build --build-base /home/boyfriend51/gong/gong_ws/build/gong_basic/build install --record /home/boyfriend51/gong/gong_ws/build/gong_basic/install.log --install-scripts $base/lib/gong_basic --single-version-externally-managed install_data --force
[3.005s] Level 1:colcon.colcon_core.environment:checking '/home/boyfriend51/gong/gong_ws/install/gong_basic' for CMake module files
[3.006s] Level 1:colcon.colcon_core.environment:checking '/home/boyfriend51/gong/gong_ws/install/gong_basic' for CMake config files
[3.006s] Level 1:colcon.colcon_core.environment:checking '/home/boyfriend51/gong/gong_ws/install/gong_basic/lib'
[3.007s] Level 1:colcon.colcon_core.environment:checking '/home/boyfriend51/gong/gong_ws/install/gong_basic/bin'
[3.007s] Level 1:colcon.colcon_core.environment:checking '/home/boyfriend51/gong/gong_ws/install/gong_basic/lib/pkgconfig/gong_basic.pc'
[3.007s] Level 1:colcon.colcon_core.environment:checking '/home/boyfriend51/gong/gong_ws/install/gong_basic/lib/python3.12/site-packages'
[3.007s] Level 1:colcon.colcon_core.shell:create_environment_hook('gong_basic', 'pythonpath')
[3.008s] INFO:colcon.colcon_core.shell:Creating environment hook '/home/boyfriend51/gong/gong_ws/install/gong_basic/share/gong_basic/hook/pythonpath.ps1'
[3.008s] INFO:colcon.colcon_core.shell:Creating environment descriptor '/home/boyfriend51/gong/gong_ws/install/gong_basic/share/gong_basic/hook/pythonpath.dsv'
[3.009s] INFO:colcon.colcon_core.shell:Creating environment hook '/home/boyfriend51/gong/gong_ws/install/gong_basic/share/gong_basic/hook/pythonpath.sh'
[3.010s] Level 1:colcon.colcon_core.environment:checking '/home/boyfriend51/gong/gong_ws/install/gong_basic/bin'
[3.011s] Level 1:colcon.colcon_core.environment:create_environment_scripts_only(gong_basic)
[3.011s] INFO:colcon.colcon_core.shell:Creating package script '/home/boyfriend51/gong/gong_ws/install/gong_basic/share/gong_basic/package.ps1'
[3.012s] INFO:colcon.colcon_core.shell:Creating package descriptor '/home/boyfriend51/gong/gong_ws/install/gong_basic/share/gong_basic/package.dsv'
[3.013s] INFO:colcon.colcon_core.shell:Creating package script '/home/boyfriend51/gong/gong_ws/install/gong_basic/share/gong_basic/package.sh'
[3.015s] INFO:colcon.colcon_core.shell:Creating package script '/home/boyfriend51/gong/gong_ws/install/gong_basic/share/gong_basic/package.bash'
[3.015s] INFO:colcon.colcon_core.shell:Creating package script '/home/boyfriend51/gong/gong_ws/install/gong_basic/share/gong_basic/package.zsh'
[3.016s] Level 1:colcon.colcon_core.environment:create_file_with_runtime_dependencies(/home/boyfriend51/gong/gong_ws/install/gong_basic/share/colcon-core/packages/gong_basic)
[3.017s] DEBUG:colcon.colcon_parallel_executor.executor.parallel:closing loop
[3.018s] DEBUG:colcon.colcon_parallel_executor.executor.parallel:loop closed
[3.018s] DEBUG:colcon.colcon_parallel_executor.executor.parallel:run_until_complete finished with '0'
[3.018s] DEBUG:colcon.colcon_core.event_reactor:joining thread
[3.076s] INFO:colcon.colcon_core.plugin_system:Skipping extension 'colcon_notification.desktop_notification.notify_send': Could not find 'notify-send'
[3.076s] INFO:colcon.colcon_core.plugin_system:Skipping extension 'colcon_notification.desktop_notification.terminal_notifier': Not used on non-Darwin systems
[3.076s] INFO:colcon.colcon_core.plugin_system:Skipping extension 'colcon_notification.desktop_notification.win32': Not used on non-Windows systems
[3.076s] INFO:colcon.colcon_notification.desktop_notification:Sending desktop notification using 'notify2'
[3.077s] DEBUG:colcon.colcon_notification.desktop_notification.notify2:Failed to initialize notify2: org.freedesktop.DBus.Error.ServiceUnknown: The name org.freedesktop.Notifications was not provided by any .service files
[3.078s] DEBUG:colcon.colcon_core.event_reactor:joined thread
[3.078s] INFO:colcon.colcon_core.shell:Creating prefix script '/home/boyfriend51/gong/gong_ws/install/local_setup.ps1'
[3.079s] INFO:colcon.colcon_core.shell:Creating prefix util module '/home/boyfriend51/gong/gong_ws/install/_local_setup_util_ps1.py'
[3.080s] INFO:colcon.colcon_core.shell:Creating prefix chain script '/home/boyfriend51/gong/gong_ws/install/setup.ps1'
[3.081s] INFO:colcon.colcon_core.shell:Creating prefix script '/home/boyfriend51/gong/gong_ws/install/local_setup.sh'
[3.081s] INFO:colcon.colcon_core.shell:Creating prefix util module '/home/boyfriend51/gong/gong_ws/install/_local_setup_util_sh.py'
[3.082s] INFO:colcon.colcon_core.shell:Creating prefix chain script '/home/boyfriend51/gong/gong_ws/install/setup.sh'
[3.083s] INFO:colcon.colcon_core.shell:Creating prefix script '/home/boyfriend51/gong/gong_ws/install/local_setup.bash'
[3.083s] INFO:colcon.colcon_core.shell:Creating prefix chain script '/home/boyfriend51/gong/gong_ws/install/setup.bash'
[3.084s] INFO:colcon.colcon_core.shell:Creating prefix script '/home/boyfriend51/gong/gong_ws/install/local_setup.zsh'
[3.085s] INFO:colcon.colcon_core.shell:Creating prefix chain script '/home/boyfriend51/gong/gong_ws/install/setup.zsh'
