[1.652s] Invoking command in '/home/boyfriend51/gong/gong_ws/build/gong_basic': PYTHONPATH=/home/boyfriend51/gong/gong_ws/build/gong_basic/prefix_override:/usr/lib/python3/dist-packages/colcon_core/task/python/colcon_distutils_commands:/home/boyfriend51/gong/gong_ws/install/gong_basic/lib/python3.12/site-packages:${PYTHONPATH} /usr/bin/python3 -W ignore:setup.py install is deprecated -W ignore:easy_install command is deprecated setup.py develop --editable --build-directory /home/boyfriend51/gong/gong_ws/build/gong_basic/build --no-deps symlink_data
[2.127s] running develop
[2.352s] running egg_info
[2.371s] writing gong_basic.egg-info/PKG-INFO
[2.372s] writing dependency_links to gong_basic.egg-info/dependency_links.txt
[2.372s] writing entry points to gong_basic.egg-info/entry_points.txt
[2.372s] writing requirements to gong_basic.egg-info/requires.txt
[2.373s] writing top-level names to gong_basic.egg-info/top_level.txt
[2.418s] reading manifest file 'gong_basic.egg-info/SOURCES.txt'
[2.419s] writing manifest file 'gong_basic.egg-info/SOURCES.txt'
[2.444s] running build_ext
[2.444s] Creating /home/boyfriend51/gong/gong_ws/install/gong_basic/lib/python3.12/site-packages/gong-basic.egg-link (link to .)
[2.445s] Installing class_pub script to /home/boyfriend51/gong/gong_ws/install/gong_basic/lib/gong_basic
[2.446s] Installing class_sub script to /home/boyfriend51/gong/gong_ws/install/gong_basic/lib/gong_basic
[2.446s] Installing header_pub script to /home/boyfriend51/gong/gong_ws/install/gong_basic/lib/gong_basic
[2.447s] Installing m1_sub script to /home/boyfriend51/gong/gong_ws/install/gong_basic/lib/gong_basic
[2.447s] Installing m2_sub script to /home/boyfriend51/gong/gong_ws/install/gong_basic/lib/gong_basic
[2.447s] Installing mpub script to /home/boyfriend51/gong/gong_ws/install/gong_basic/lib/gong_basic
[2.447s] Installing mt_sub script to /home/boyfriend51/gong/gong_ws/install/gong_basic/lib/gong_basic
[2.448s] Installing mv_turtle script to /home/boyfriend51/gong/gong_ws/install/gong_basic/lib/gong_basic
[2.448s] Installing qos_test_pub script to /home/boyfriend51/gong/gong_ws/install/gong_basic/lib/gong_basic
[2.448s] Installing qos_test_sub script to /home/boyfriend51/gong/gong_ws/install/gong_basic/lib/gong_basic
[2.449s] Installing service_server script to /home/boyfriend51/gong/gong_ws/install/gong_basic/lib/gong_basic
[2.449s] Installing simple_pub script to /home/boyfriend51/gong/gong_ws/install/gong_basic/lib/gong_basic
[2.449s] Installing tpub script to /home/boyfriend51/gong/gong_ws/install/gong_basic/lib/gong_basic
[2.449s] Installing user_int_pub script to /home/boyfriend51/gong/gong_ws/install/gong_basic/lib/gong_basic
[2.450s] Installing user_int_sub script to /home/boyfriend51/gong/gong_ws/install/gong_basic/lib/gong_basic
[2.450s] 
[2.450s] Installed /home/boyfriend51/gong/gong_ws/build/gong_basic
[2.450s] running symlink_data
[2.490s] Invoked command in '/home/boyfriend51/gong/gong_ws/build/gong_basic' returned '0': PYTHONPATH=/home/boyfriend51/gong/gong_ws/build/gong_basic/prefix_override:/usr/lib/python3/dist-packages/colcon_core/task/python/colcon_distutils_commands:/home/boyfriend51/gong/gong_ws/install/gong_basic/lib/python3.12/site-packages:${PYTHONPATH} /usr/bin/python3 -W ignore:setup.py install is deprecated -W ignore:easy_install command is deprecated setup.py develop --editable --build-directory /home/boyfriend51/gong/gong_ws/build/gong_basic/build --no-deps symlink_data
