[0.282s] Invoking command in '/home/boyfriend51/gong/gong_ws/build/user_interface': CMAKE_PREFIX_PATH=${CMAKE_PREFIX_PATH}:/home/boyfriend51/gong/gong_ws/install/gong_basic:/opt/ros/jazzy /usr/bin/cmake /home/boyfriend51/gong/gong_ws/user_interface -DAMENT_CMAKE_SYMLINK_INSTALL=1 -DCMAKE_INSTALL_PREFIX=/home/boyfriend51/gong/gong_ws/install/user_interface
[0.299s] -- Found ament_cmake: 2.5.6 (/opt/ros/jazzy/share/ament_cmake/cmake)
[0.599s] -- Override CMake install command with custom implementation using symlinks instead of copying resources
[0.611s] -- Found rosidl_default_generators: 1.6.1 (/opt/ros/jazzy/share/rosidl_default_generators/cmake)
[0.615s] -- Using all available rosidl_typesupport_c: rosidl_typesupport_fastrtps_c;rosidl_typesupport_introspection_c
[0.929s] -- Using all available rosidl_typesupport_cpp: rosidl_typesupport_fastrtps_cpp;rosidl_typesupport_introspection_cpp
[0.967s] -- Found rosidl_adapter: 4.6.9 (/opt/ros/jazzy/share/rosidl_adapter/cmake)
[1.326s] [31mCMake Error at /opt/ros/jazzy/share/rosidl_adapter/cmake/rosidl_adapt_interfaces.cmake:57 (message):
[1.327s]   execute_process(/usr/bin/python3 -m rosidl_adapter --package-name
[1.327s]   user_interface --arguments-file
[1.327s]   /home/boyfriend51/gong/gong_ws/build/user_interface/rosidl_adapter__arguments__user_interface.json
[1.327s]   --output-dir
[1.327s]   /home/boyfriend51/gong/gong_ws/build/user_interface/rosidl_adapter/user_interface
[1.327s]   --output-file
[1.327s]   /home/boyfriend51/gong/gong_ws/build/user_interface/rosidl_adapter/user_interface.idls)
[1.327s]   returned error code 1:
[1.328s] 
[1.328s]   Error processing 'int 32 user_int' of 'user_interface/UserInt': ''int' is
[1.328s]   an invalid message name.  It should have the pattern '^[A-Z][A-Za-z0-9]*$''
[1.329s] 
[1.329s]   Traceback (most recent call last):
[1.329s] 
[1.329s]     File "<frozen runpy>", line 198, in _run_module_as_main
[1.329s]     File "<frozen runpy>", line 88, in _run_code
[1.329s]     File "/opt/ros/jazzy/lib/python3.12/site-packages/rosidl_adapter/__main__.py", line 19, in <module>
[1.330s]       sys.exit(main())
[1.330s]                ^^^^^^
[1.330s]     File "/opt/ros/jazzy/lib/python3.12/site-packages/rosidl_adapter/main.py", line 53, in main
[1.330s]       abs_idl_file = convert_to_idl(
[1.330s]                      ^^^^^^^^^^^^^^^
[1.330s]     File "/opt/ros/jazzy/lib/python3.12/site-packages/rosidl_adapter/__init__.py", line 19, in convert_to_idl
[1.330s]       return convert_msg_to_idl(
[1.331s]              ^^^^^^^^^^^^^^^^^^^
[1.331s]     File "/opt/ros/jazzy/lib/python3.12/site-packages/rosidl_adapter/msg/__init__.py", line 28, in convert_msg_to_idl
[1.331s]       msg = parse_message_string(package_name, input_file.stem, content)
[1.332s]             ^^^^^^^^^^^^^^^^^^^^^^^^^^^^^^^^^^^^^^^^^^^^^^^^^^^^^^^^^^^^
[1.332s]     File "/opt/ros/jazzy/lib/python3.12/site-packages/rosidl_adapter/parser.py", line 521, in parse_message_string
[1.332s]       Type(type_string, context_package_name=pkg_name),
[1.332s]       ^^^^^^^^^^^^^^^^^^^^^^^^^^^^^^^^^^^^^^^^^^^^^^^^
[1.332s]     File "/opt/ros/jazzy/lib/python3.12/site-packages/rosidl_adapter/parser.py", line 278, in __init__
[1.332s]       super(Type, self).__init__(
[1.332s]     File "/opt/ros/jazzy/lib/python3.12/site-packages/rosidl_adapter/parser.py", line 206, in __init__
[1.332s]       raise InvalidResourceName(
[1.332s] 
[1.332s]   rosidl_adapter.parser.InvalidResourceName: 'int' is an invalid message
[1.333s]   name.  It should have the pattern '^[A-Z][A-Za-z0-9]*$'
[1.333s] 
[1.333s] Call Stack (most recent call first):
[1.333s]   /opt/ros/jazzy/share/rosidl_cmake/cmake/rosidl_generate_interfaces.cmake:132 (rosidl_adapt_interfaces)
[1.333s]   CMakeLists.txt:12 (rosidl_generate_interfaces)
[1.333s] 
[1.333s] [0m
[1.333s] -- Configuring incomplete, errors occurred!
[1.338s] Invoked command in '/home/boyfriend51/gong/gong_ws/build/user_interface' returned '1': CMAKE_PREFIX_PATH=${CMAKE_PREFIX_PATH}:/home/boyfriend51/gong/gong_ws/install/gong_basic:/opt/ros/jazzy /usr/bin/cmake /home/boyfriend51/gong/gong_ws/user_interface -DAMENT_CMAKE_SYMLINK_INSTALL=1 -DCMAKE_INSTALL_PREFIX=/home/boyfriend51/gong/gong_ws/install/user_interface
