[0.205s] DEBUG:colcon:Command line arguments: ['/usr/bin/colcon', 'build', '--symlink-install']
[0.205s] DEBUG:colcon:Parsed command line arguments: Namespace(log_base=None, log_level=None, verb_name='build', build_base='build', install_base='install', merge_install=False, symlink_install=True, test_result_base=None, continue_on_error=False, executor='parallel', parallel_workers=8, event_handlers=None, ignore_user_meta=False, metas=['./colcon.meta'], base_paths=['.'], packages_ignore=None, packages_ignore_regex=None, paths=None, packages_up_to=None, packages_up_to_regex=None, packages_above=None, packages_above_and_dependencies=None, packages_above_depth=None, packages_select_by_dep=None, packages_skip_by_dep=None, packages_skip_up_to=None, packages_select_build_failed=False, packages_skip_build_finished=False, packages_select_test_failures=False, packages_skip_test_passed=False, packages_select=None, packages_skip=None, packages_select_regex=None, packages_skip_regex=None, packages_start=None, packages_end=None, allow_overriding=[], cmake_args=None, cmake_target=None, cmake_target_skip_unavailable=False, cmake_clean_cache=False, cmake_clean_first=False, cmake_force_configure=False, ament_cmake_args=None, catkin_cmake_args=None, catkin_skip_building_tests=False, mixin_files=None, mixin=None, verb_parser=<colcon_mixin.mixin.mixin_argument.MixinArgumentDecorator object at 0x7d8fc3a6dbe0>, verb_extension=<colcon_core.verb.build.BuildVerb object at 0x7d8fc3bef560>, main=<bound method BuildVerb.main of <colcon_core.verb.build.BuildVerb object at 0x7d8fc3bef560>>, mixin_verb=('build',))
[0.246s] Level 1:colcon.colcon_core.package_discovery:discover_packages(colcon_meta) check parameters
[0.247s] Level 1:colcon.colcon_core.package_discovery:discover_packages(recursive) check parameters
[0.247s] Level 1:colcon.colcon_core.package_discovery:discover_packages(ignore) check parameters
[0.247s] Level 1:colcon.colcon_core.package_discovery:discover_packages(path) check parameters
[0.247s] Level 1:colcon.colcon_core.package_discovery:discover_packages(colcon_meta) discover
[0.247s] Level 1:colcon.colcon_core.package_discovery:discover_packages(recursive) discover
[0.247s] INFO:colcon.colcon_core.package_discovery:Crawling recursively for packages in '/home/boyfriend51/gong/gong_ws'
[0.247s] Level 1:colcon.colcon_core.package_identification:_identify(.) by extensions ['ignore', 'ignore_ament_install']
[0.247s] Level 1:colcon.colcon_core.package_identification:_identify(.) by extension 'ignore'
[0.247s] Level 1:colcon.colcon_core.package_identification:_identify(.) by extension 'ignore_ament_install'
[0.248s] Level 1:colcon.colcon_core.package_identification:_identify(.) by extensions ['colcon_pkg']
[0.248s] Level 1:colcon.colcon_core.package_identification:_identify(.) by extension 'colcon_pkg'
[0.248s] Level 1:colcon.colcon_core.package_identification:_identify(.) by extensions ['colcon_meta']
[0.248s] Level 1:colcon.colcon_core.package_identification:_identify(.) by extension 'colcon_meta'
[0.248s] Level 1:colcon.colcon_core.package_identification:_identify(.) by extensions ['ros']
[0.248s] Level 1:colcon.colcon_core.package_identification:_identify(.) by extension 'ros'
[0.273s] Level 1:colcon.colcon_core.package_identification:_identify(.) by extensions ['cmake', 'python']
[0.273s] Level 1:colcon.colcon_core.package_identification:_identify(.) by extension 'cmake'
[0.273s] Level 1:colcon.colcon_core.package_identification:_identify(.) by extension 'python'
[0.273s] Level 1:colcon.colcon_core.package_identification:_identify(.) by extensions ['python_setup_py']
[0.274s] Level 1:colcon.colcon_core.package_identification:_identify(.) by extension 'python_setup_py'
[0.274s] Level 1:colcon.colcon_core.package_identification:_identify(build) by extensions ['ignore', 'ignore_ament_install']
[0.274s] Level 1:colcon.colcon_core.package_identification:_identify(build) by extension 'ignore'
[0.274s] Level 1:colcon.colcon_core.package_identification:_identify(build) ignored
[0.274s] Level 1:colcon.colcon_core.package_identification:_identify(install) by extensions ['ignore', 'ignore_ament_install']
[0.275s] Level 1:colcon.colcon_core.package_identification:_identify(install) by extension 'ignore'
[0.275s] Level 1:colcon.colcon_core.package_identification:_identify(install) ignored
[0.275s] Level 1:colcon.colcon_core.package_identification:_identify(log) by extensions ['ignore', 'ignore_ament_install']
[0.275s] Level 1:colcon.colcon_core.package_identification:_identify(log) by extension 'ignore'
[0.275s] Level 1:colcon.colcon_core.package_identification:_identify(log) ignored
[0.275s] Level 1:colcon.colcon_core.package_identification:_identify(src) by extensions ['ignore', 'ignore_ament_install']
[0.275s] Level 1:colcon.colcon_core.package_identification:_identify(src) by extension 'ignore'
[0.275s] Level 1:colcon.colcon_core.package_identification:_identify(src) by extension 'ignore_ament_install'
[0.276s] Level 1:colcon.colcon_core.package_identification:_identify(src) by extensions ['colcon_pkg']
[0.276s] Level 1:colcon.colcon_core.package_identification:_identify(src) by extension 'colcon_pkg'
[0.276s] Level 1:colcon.colcon_core.package_identification:_identify(src) by extensions ['colcon_meta']
[0.276s] Level 1:colcon.colcon_core.package_identification:_identify(src) by extension 'colcon_meta'
[0.276s] Level 1:colcon.colcon_core.package_identification:_identify(src) by extensions ['ros']
[0.276s] Level 1:colcon.colcon_core.package_identification:_identify(src) by extension 'ros'
[0.276s] Level 1:colcon.colcon_core.package_identification:_identify(src) by extensions ['cmake', 'python']
[0.276s] Level 1:colcon.colcon_core.package_identification:_identify(src) by extension 'cmake'
[0.276s] Level 1:colcon.colcon_core.package_identification:_identify(src) by extension 'python'
[0.276s] Level 1:colcon.colcon_core.package_identification:_identify(src) by extensions ['python_setup_py']
[0.276s] Level 1:colcon.colcon_core.package_identification:_identify(src) by extension 'python_setup_py'
[0.276s] Level 1:colcon.colcon_core.package_identification:_identify(src/gong_basic) by extensions ['ignore', 'ignore_ament_install']
[0.277s] Level 1:colcon.colcon_core.package_identification:_identify(src/gong_basic) by extension 'ignore'
[0.277s] Level 1:colcon.colcon_core.package_identification:_identify(src/gong_basic) by extension 'ignore_ament_install'
[0.277s] Level 1:colcon.colcon_core.package_identification:_identify(src/gong_basic) by extensions ['colcon_pkg']
[0.277s] Level 1:colcon.colcon_core.package_identification:_identify(src/gong_basic) by extension 'colcon_pkg'
[0.277s] Level 1:colcon.colcon_core.package_identification:_identify(src/gong_basic) by extensions ['colcon_meta']
[0.277s] Level 1:colcon.colcon_core.package_identification:_identify(src/gong_basic) by extension 'colcon_meta'
[0.277s] Level 1:colcon.colcon_core.package_identification:_identify(src/gong_basic) by extensions ['ros']
[0.277s] Level 1:colcon.colcon_core.package_identification:_identify(src/gong_basic) by extension 'ros'
[0.280s] DEBUG:colcon.colcon_core.package_identification:Package 'src/gong_basic' with type 'ros.ament_python' and name 'gong_basic'
[0.280s] Level 1:colcon.colcon_core.package_discovery:discover_packages(recursive) using defaults
[0.280s] Level 1:colcon.colcon_core.package_discovery:discover_packages(ignore) discover
[0.280s] Level 1:colcon.colcon_core.package_discovery:discover_packages(ignore) using defaults
[0.280s] Level 1:colcon.colcon_core.package_discovery:discover_packages(path) discover
[0.280s] Level 1:colcon.colcon_core.package_discovery:discover_packages(path) using defaults
[0.301s] Level 1:colcon.colcon_core.package_discovery:discover_packages(prefix_path) check parameters
[0.302s] Level 1:colcon.colcon_core.package_discovery:discover_packages(prefix_path) discover
[0.303s] DEBUG:colcon.colcon_installed_package_information.package_discovery:Found 1 installed packages in /home/boyfriend51/gong/gong_ws/install
[0.305s] DEBUG:colcon.colcon_installed_package_information.package_discovery:Found 287 installed packages in /opt/ros/jazzy
[0.305s] Level 1:colcon.colcon_core.package_discovery:discover_packages(prefix_path) using defaults
[0.346s] Level 5:colcon.colcon_core.verb:set package 'gong_basic' build argument 'cmake_args' from command line to 'None'
[0.346s] Level 5:colcon.colcon_core.verb:set package 'gong_basic' build argument 'cmake_target' from command line to 'None'
[0.346s] Level 5:colcon.colcon_core.verb:set package 'gong_basic' build argument 'cmake_target_skip_unavailable' from command line to 'False'
[0.346s] Level 5:colcon.colcon_core.verb:set package 'gong_basic' build argument 'cmake_clean_cache' from command line to 'False'
[0.346s] Level 5:colcon.colcon_core.verb:set package 'gong_basic' build argument 'cmake_clean_first' from command line to 'False'
[0.346s] Level 5:colcon.colcon_core.verb:set package 'gong_basic' build argument 'cmake_force_configure' from command line to 'False'
[0.346s] Level 5:colcon.colcon_core.verb:set package 'gong_basic' build argument 'ament_cmake_args' from command line to 'None'
[0.346s] Level 5:colcon.colcon_core.verb:set package 'gong_basic' build argument 'catkin_cmake_args' from command line to 'None'
[0.346s] Level 5:colcon.colcon_core.verb:set package 'gong_basic' build argument 'catkin_skip_building_tests' from command line to 'False'
[0.346s] DEBUG:colcon.colcon_core.verb:Building package 'gong_basic' with the following arguments: {'ament_cmake_args': None, 'build_base': '/home/boyfriend51/gong/gong_ws/build/gong_basic', 'catkin_cmake_args': None, 'catkin_skip_building_tests': False, 'cmake_args': None, 'cmake_clean_cache': False, 'cmake_clean_first': False, 'cmake_force_configure': False, 'cmake_target': None, 'cmake_target_skip_unavailable': False, 'install_base': '/home/boyfriend51/gong/gong_ws/install/gong_basic', 'merge_install': False, 'path': '/home/boyfriend51/gong/gong_ws/src/gong_basic', 'symlink_install': True, 'test_result_base': None}
[0.346s] INFO:colcon.colcon_core.executor:Executing jobs using 'parallel' executor
[0.348s] DEBUG:colcon.colcon_parallel_executor.executor.parallel:run_until_complete
[0.348s] INFO:colcon.colcon_ros.task.ament_python.build:Building ROS package in '/home/boyfriend51/gong/gong_ws/src/gong_basic' with build type 'ament_python'
[0.349s] Level 1:colcon.colcon_core.shell:create_environment_hook('gong_basic', 'ament_prefix_path')
[0.352s] INFO:colcon.colcon_core.plugin_system:Skipping extension 'colcon_core.shell.bat': Not used on non-Windows systems
[0.352s] INFO:colcon.colcon_core.shell:Creating environment hook '/home/boyfriend51/gong/gong_ws/install/gong_basic/share/gong_basic/hook/ament_prefix_path.ps1'
[0.353s] INFO:colcon.colcon_core.shell:Creating environment descriptor '/home/boyfriend51/gong/gong_ws/install/gong_basic/share/gong_basic/hook/ament_prefix_path.dsv'
[0.353s] INFO:colcon.colcon_core.shell:Creating environment hook '/home/boyfriend51/gong/gong_ws/install/gong_basic/share/gong_basic/hook/ament_prefix_path.sh'
[0.354s] INFO:colcon.colcon_core.shell:Skip shell extension 'powershell' for command environment: Not usable outside of PowerShell
[0.354s] DEBUG:colcon.colcon_core.shell:Skip shell extension 'dsv' for command environment
[0.613s] INFO:colcon.colcon_core.task.python.build:Building Python package in '/home/boyfriend51/gong/gong_ws/src/gong_basic'
[0.613s] INFO:colcon.colcon_core.shell:Skip shell extension 'powershell' for command environment: Not usable outside of PowerShell
[0.613s] DEBUG:colcon.colcon_core.shell:Skip shell extension 'dsv' for command environment
[1.315s] DEBUG:colcon.colcon_core.task.python.build:Available setuptools commands: extract_messages, build_clib, check, init_catalog, dist_info, bdist_egg, develop, bdist, install_egg_info, compile_catalog, bdist_dumb, symlink_data, setopt, saveopts, editable_wheel, build_scripts, alias, build, register, egg_info, install_lib, install, bdist_rpm, rotate, install_headers, install_data, upload_docs, build_ext, install_scripts, upload, clean, build_py, sdist, easy_install, test, update_catalog
[1.697s] DEBUG:colcon.colcon_core.task.python.build:Available setuptools 'develop' options: --multi-version, --force-installation-into-system-dir, --index-url, --build-directory, --site-dirs, --dry-run, --verbose, --install-layout, --zip-ok, --no-user-cfg, --egg-path, --help, --user, --install-dir, --uninstall, --record, --upgrade, --optimize, --local-snapshots-ok, --quiet, --always-unzip, --editable, --version, --prefix, --always-copy, --allow-hosts, --no-find-links, --no-deps, --script-dir, --exclude-scripts, --find-links
[1.698s] DEBUG:colcon.colcon_core.task.python.build:While undoing a previous installation files outside the Python library path are being ignored: /home/boyfriend51/gong/gong_ws/install/gong_basic/share/ament_index/resource_index/packages/gong_basic
[1.698s] DEBUG:colcon.colcon_core.task.python.build:While undoing a previous installation files outside the Python library path are being ignored: /home/boyfriend51/gong/gong_ws/install/gong_basic/share/gong_basic/package.xml
[1.698s] DEBUG:colcon.colcon_core.task.python.build:While undoing a previous installation files outside the Python library path are being ignored: /home/boyfriend51/gong/gong_ws/install/gong_basic/share/gong_basic/launch/hello.launch.py
[1.698s] DEBUG:colcon.colcon_core.task.python.build:While undoing a previous installation files outside the Python library path are being ignored: /home/boyfriend51/gong/gong_ws/install/gong_basic/lib/gong_basic/class_pub
[1.698s] DEBUG:colcon.colcon_core.task.python.build:While undoing a previous installation files outside the Python library path are being ignored: /home/boyfriend51/gong/gong_ws/install/gong_basic/lib/gong_basic/class_sub
[1.699s] DEBUG:colcon.colcon_core.task.python.build:While undoing a previous installation files outside the Python library path are being ignored: /home/boyfriend51/gong/gong_ws/install/gong_basic/lib/gong_basic/header_pub
[1.699s] DEBUG:colcon.colcon_core.task.python.build:While undoing a previous installation files outside the Python library path are being ignored: /home/boyfriend51/gong/gong_ws/install/gong_basic/lib/gong_basic/m1_sub
[1.699s] DEBUG:colcon.colcon_core.task.python.build:While undoing a previous installation files outside the Python library path are being ignored: /home/boyfriend51/gong/gong_ws/install/gong_basic/lib/gong_basic/m2_sub
[1.699s] DEBUG:colcon.colcon_core.task.python.build:While undoing a previous installation files outside the Python library path are being ignored: /home/boyfriend51/gong/gong_ws/install/gong_basic/lib/gong_basic/mpub
[1.699s] DEBUG:colcon.colcon_core.task.python.build:While undoing a previous installation files outside the Python library path are being ignored: /home/boyfriend51/gong/gong_ws/install/gong_basic/lib/gong_basic/mt_sub
[1.699s] DEBUG:colcon.colcon_core.task.python.build:While undoing a previous installation files outside the Python library path are being ignored: /home/boyfriend51/gong/gong_ws/install/gong_basic/lib/gong_basic/mv_turtle
[1.699s] DEBUG:colcon.colcon_core.task.python.build:While undoing a previous installation files outside the Python library path are being ignored: /home/boyfriend51/gong/gong_ws/install/gong_basic/lib/gong_basic/simple_pub
[1.699s] DEBUG:colcon.colcon_core.task.python.build:While undoing a previous installation files outside the Python library path are being ignored: /home/boyfriend51/gong/gong_ws/install/gong_basic/lib/gong_basic/tpub
[1.702s] DEBUG:colcon.colcon_core.event_handler.log_command:Invoking command in '/home/boyfriend51/gong/gong_ws/build/gong_basic': PYTHONPATH=/home/boyfriend51/gong/gong_ws/build/gong_basic/prefix_override:/usr/lib/python3/dist-packages/colcon_core/task/python/colcon_distutils_commands:/home/boyfriend51/gong/gong_ws/install/gong_basic/lib/python3.12/site-packages:${PYTHONPATH} /usr/bin/python3 -W ignore:setup.py install is deprecated -W ignore:easy_install command is deprecated setup.py develop --editable --build-directory /home/boyfriend51/gong/gong_ws/build/gong_basic/build --no-deps symlink_data --force
[2.469s] Level 1:colcon.colcon_core.shell:create_environment_hook('gong_basic', 'pythonpath_develop')
[2.470s] DEBUG:colcon.colcon_core.event_handler.log_command:Invoked command in '/home/boyfriend51/gong/gong_ws/build/gong_basic' returned '0': PYTHONPATH=/home/boyfriend51/gong/gong_ws/build/gong_basic/prefix_override:/usr/lib/python3/dist-packages/colcon_core/task/python/colcon_distutils_commands:/home/boyfriend51/gong/gong_ws/install/gong_basic/lib/python3.12/site-packages:${PYTHONPATH} /usr/bin/python3 -W ignore:setup.py install is deprecated -W ignore:easy_install command is deprecated setup.py develop --editable --build-directory /home/boyfriend51/gong/gong_ws/build/gong_basic/build --no-deps symlink_data --force
[2.470s] INFO:colcon.colcon_core.shell:Creating environment hook '/home/boyfriend51/gong/gong_ws/build/gong_basic/share/gong_basic/hook/pythonpath_develop.ps1'
[2.471s] INFO:colcon.colcon_core.shell:Creating environment descriptor '/home/boyfriend51/gong/gong_ws/build/gong_basic/share/gong_basic/hook/pythonpath_develop.dsv'
[2.472s] INFO:colcon.colcon_core.shell:Creating environment hook '/home/boyfriend51/gong/gong_ws/build/gong_basic/share/gong_basic/hook/pythonpath_develop.sh'
[2.475s] Level 1:colcon.colcon_core.environment:checking '/home/boyfriend51/gong/gong_ws/install/gong_basic' for CMake module files
[2.476s] Level 1:colcon.colcon_core.environment:checking '/home/boyfriend51/gong/gong_ws/install/gong_basic' for CMake config files
[2.476s] Level 1:colcon.colcon_core.environment:checking '/home/boyfriend51/gong/gong_ws/install/gong_basic/lib'
[2.476s] Level 1:colcon.colcon_core.environment:checking '/home/boyfriend51/gong/gong_ws/install/gong_basic/bin'
[2.477s] Level 1:colcon.colcon_core.environment:checking '/home/boyfriend51/gong/gong_ws/install/gong_basic/lib/pkgconfig/gong_basic.pc'
[2.477s] Level 1:colcon.colcon_core.environment:checking '/home/boyfriend51/gong/gong_ws/install/gong_basic/lib/python3.12/site-packages'
[2.477s] Level 1:colcon.colcon_core.shell:create_environment_hook('gong_basic', 'pythonpath')
[2.477s] INFO:colcon.colcon_core.shell:Creating environment hook '/home/boyfriend51/gong/gong_ws/install/gong_basic/share/gong_basic/hook/pythonpath.ps1'
[2.478s] INFO:colcon.colcon_core.shell:Creating environment descriptor '/home/boyfriend51/gong/gong_ws/install/gong_basic/share/gong_basic/hook/pythonpath.dsv'
[2.479s] INFO:colcon.colcon_core.shell:Creating environment hook '/home/boyfriend51/gong/gong_ws/install/gong_basic/share/gong_basic/hook/pythonpath.sh'
[2.480s] Level 1:colcon.colcon_core.environment:checking '/home/boyfriend51/gong/gong_ws/install/gong_basic/bin'
[2.480s] Level 1:colcon.colcon_core.environment:create_environment_scripts_only(gong_basic)
[2.481s] INFO:colcon.colcon_core.shell:Creating package script '/home/boyfriend51/gong/gong_ws/install/gong_basic/share/gong_basic/package.ps1'
[2.483s] INFO:colcon.colcon_core.shell:Creating package descriptor '/home/boyfriend51/gong/gong_ws/install/gong_basic/share/gong_basic/package.dsv'
[2.484s] INFO:colcon.colcon_core.shell:Creating package script '/home/boyfriend51/gong/gong_ws/install/gong_basic/share/gong_basic/package.sh'
[2.484s] INFO:colcon.colcon_core.shell:Creating package script '/home/boyfriend51/gong/gong_ws/install/gong_basic/share/gong_basic/package.bash'
[2.485s] INFO:colcon.colcon_core.shell:Creating package script '/home/boyfriend51/gong/gong_ws/install/gong_basic/share/gong_basic/package.zsh'
[2.486s] Level 1:colcon.colcon_core.environment:create_file_with_runtime_dependencies(/home/boyfriend51/gong/gong_ws/install/gong_basic/share/colcon-core/packages/gong_basic)
[2.486s] DEBUG:colcon.colcon_parallel_executor.executor.parallel:closing loop
[2.487s] DEBUG:colcon.colcon_parallel_executor.executor.parallel:loop closed
[2.487s] DEBUG:colcon.colcon_parallel_executor.executor.parallel:run_until_complete finished with '0'
[2.488s] DEBUG:colcon.colcon_core.event_reactor:joining thread
[2.546s] INFO:colcon.colcon_core.plugin_system:Skipping extension 'colcon_notification.desktop_notification.notify_send': Could not find 'notify-send'
[2.546s] INFO:colcon.colcon_core.plugin_system:Skipping extension 'colcon_notification.desktop_notification.terminal_notifier': Not used on non-Darwin systems
[2.546s] INFO:colcon.colcon_core.plugin_system:Skipping extension 'colcon_notification.desktop_notification.win32': Not used on non-Windows systems
[2.547s] INFO:colcon.colcon_notification.desktop_notification:Sending desktop notification using 'notify2'
[2.548s] DEBUG:colcon.colcon_notification.desktop_notification.notify2:Failed to initialize notify2: org.freedesktop.DBus.Error.ServiceUnknown: The name org.freedesktop.Notifications was not provided by any .service files
[2.548s] DEBUG:colcon.colcon_core.event_reactor:joined thread
[2.548s] INFO:colcon.colcon_core.shell:Creating prefix script '/home/boyfriend51/gong/gong_ws/install/local_setup.ps1'
[2.549s] INFO:colcon.colcon_core.shell:Creating prefix util module '/home/boyfriend51/gong/gong_ws/install/_local_setup_util_ps1.py'
[2.550s] INFO:colcon.colcon_core.shell:Creating prefix chain script '/home/boyfriend51/gong/gong_ws/install/setup.ps1'
[2.551s] INFO:colcon.colcon_core.shell:Creating prefix script '/home/boyfriend51/gong/gong_ws/install/local_setup.sh'
[2.552s] INFO:colcon.colcon_core.shell:Creating prefix util module '/home/boyfriend51/gong/gong_ws/install/_local_setup_util_sh.py'
[2.552s] INFO:colcon.colcon_core.shell:Creating prefix chain script '/home/boyfriend51/gong/gong_ws/install/setup.sh'
[2.553s] INFO:colcon.colcon_core.shell:Creating prefix script '/home/boyfriend51/gong/gong_ws/install/local_setup.bash'
[2.554s] INFO:colcon.colcon_core.shell:Creating prefix chain script '/home/boyfriend51/gong/gong_ws/install/setup.bash'
[2.555s] INFO:colcon.colcon_core.shell:Creating prefix script '/home/boyfriend51/gong/gong_ws/install/local_setup.zsh'
[2.555s] INFO:colcon.colcon_core.shell:Creating prefix chain script '/home/boyfriend51/gong/gong_ws/install/setup.zsh'
