[0.350s] Invoking command in '/home/boyfriend51/gong/gong_ws/build/user_interface': CMAKE_PREFIX_PATH=${CMAKE_PREFIX_PATH}:/home/boyfriend51/gong/gong_ws/install/gong_basic:/opt/ros/jazzy /usr/bin/cmake --build /home/boyfriend51/gong/gong_ws/build/user_interface -- -j8 -l8
[0.411s] [  2%] Built target user_interface__rosidl_generator_type_description
[0.415s] [  4%] Built target user_interface__rs
[0.426s] [  4%] Built target ament_cmake_python_symlink_user_interface
[0.443s] [  6%] Built target user_interface__cpp
[0.446s] [ 24%] Built target user_interface__rosidl_generator_c
[0.484s] [ 33%] Built target user_interface__rosidl_typesupport_fastrtps_c
[0.486s] [ 42%] Built target user_interface__rosidl_typesupport_c
[0.490s] [ 51%] Built target user_interface__rosidl_typesupport_introspection_cpp
[0.499s] [ 68%] Built target user_interface__rosidl_typesupport_cpp
[0.499s] [ 68%] Built target user_interface__rosidl_typesupport_fastrtps_cpp
[0.505s] [ 77%] Built target user_interface__rosidl_typesupport_introspection_c
[0.544s] [ 77%] Built target user_interface
[0.579s] [ 80%] Built target user_interface__py
[0.616s] [ 86%] Built target user_interface__rosidl_generator_py
[0.649s] [ 91%] Built target user_interface_s__rosidl_typesupport_introspection_c
[0.650s] [ 95%] Built target user_interface_s__rosidl_typesupport_fastrtps_c
[0.651s] [100%] Built target user_interface_s__rosidl_typesupport_c
[0.797s] running egg_info
[0.856s] writing user_interface.egg-info/PKG-INFO
[0.857s] writing dependency_links to user_interface.egg-info/dependency_links.txt
[0.858s] writing top-level names to user_interface.egg-info/top_level.txt
[0.965s] reading manifest file 'user_interface.egg-info/SOURCES.txt'
[0.967s] writing manifest file 'user_interface.egg-info/SOURCES.txt'
[1.011s] [100%] Built target ament_cmake_python_build_user_interface_egg
[1.029s] Invoked command in '/home/boyfriend51/gong/gong_ws/build/user_interface' returned '0': CMAKE_PREFIX_PATH=${CMAKE_PREFIX_PATH}:/home/boyfriend51/gong/gong_ws/install/gong_basic:/opt/ros/jazzy /usr/bin/cmake --build /home/boyfriend51/gong/gong_ws/build/user_interface -- -j8 -l8
[1.039s] Invoking command in '/home/boyfriend51/gong/gong_ws/build/user_interface': CMAKE_PREFIX_PATH=${CMAKE_PREFIX_PATH}:/home/boyfriend51/gong/gong_ws/install/gong_basic:/opt/ros/jazzy /usr/bin/cmake --install /home/boyfriend51/gong/gong_ws/build/user_interface
[1.047s] -- Install configuration: ""
[1.048s] -- Execute custom install script
[1.048s] -- Up-to-date symlink: /home/boyfriend51/gong/gong_ws/install/user_interface/share/ament_index/resource_index/rosidl_interfaces/user_interface
[1.048s] -- Up-to-date symlink: /home/boyfriend51/gong/gong_ws/install/user_interface/share/user_interface/msg/UserInt.json
[1.049s] -- Up-to-date symlink: /home/boyfriend51/gong/gong_ws/install/user_interface/share/user_interface/srv/AddAndOdd.json
[1.050s] -- Up-to-date symlink: /home/boyfriend51/gong/gong_ws/install/user_interface/include/user_interface/user_interface/msg/detail/user_int__functions.h
[1.051s] -- Up-to-date symlink: /home/boyfriend51/gong/gong_ws/install/user_interface/include/user_interface/user_interface/msg/detail/user_int__struct.h
[1.051s] -- Up-to-date symlink: /home/boyfriend51/gong/gong_ws/install/user_interface/include/user_interface/user_interface/msg/detail/user_int__type_support.h
[1.051s] -- Up-to-date symlink: /home/boyfriend51/gong/gong_ws/install/user_interface/include/user_interface/user_interface/msg/rosidl_generator_c__visibility_control.h
[1.052s] -- Up-to-date symlink: /home/boyfriend51/gong/gong_ws/install/user_interface/include/user_interface/user_interface/msg/user_int.h
[1.053s] -- Up-to-date symlink: /home/boyfriend51/gong/gong_ws/install/user_interface/include/user_interface/user_interface/srv/add_and_odd.h
[1.053s] -- Up-to-date symlink: /home/boyfriend51/gong/gong_ws/install/user_interface/include/user_interface/user_interface/srv/detail/add_and_odd__functions.h
[1.053s] -- Up-to-date symlink: /home/boyfriend51/gong/gong_ws/install/user_interface/include/user_interface/user_interface/srv/detail/add_and_odd__struct.h
[1.053s] -- Up-to-date symlink: /home/boyfriend51/gong/gong_ws/install/user_interface/include/user_interface/user_interface/srv/detail/add_and_odd__type_support.h
[1.054s] -- Up-to-date symlink: /home/boyfriend51/gong/gong_ws/install/user_interface/share/user_interface/environment/library_path.sh
[1.054s] -- Up-to-date symlink: /home/boyfriend51/gong/gong_ws/install/user_interface/share/user_interface/environment/library_path.dsv
[1.054s] -- Up-to-date symlink: /home/boyfriend51/gong/gong_ws/install/user_interface/include/user_interface/user_interface/msg/detail/user_int__rosidl_typesupport_fastrtps_c.h
[1.055s] -- Up-to-date symlink: /home/boyfriend51/gong/gong_ws/install/user_interface/include/user_interface/user_interface/msg/rosidl_typesupport_fastrtps_c__visibility_control.h
[1.055s] -- Up-to-date symlink: /home/boyfriend51/gong/gong_ws/install/user_interface/include/user_interface/user_interface/srv/detail/add_and_odd__rosidl_typesupport_fastrtps_c.h
[1.055s] -- Up-to-date symlink: /home/boyfriend51/gong/gong_ws/install/user_interface/include/user_interface/user_interface/msg/detail/user_int__rosidl_typesupport_introspection_c.h
[1.055s] -- Up-to-date symlink: /home/boyfriend51/gong/gong_ws/install/user_interface/include/user_interface/user_interface/msg/rosidl_typesupport_introspection_c__visibility_control.h
[1.055s] -- Up-to-date symlink: /home/boyfriend51/gong/gong_ws/install/user_interface/include/user_interface/user_interface/srv/detail/add_and_odd__rosidl_typesupport_introspection_c.h
[1.057s] -- Up-to-date symlink: /home/boyfriend51/gong/gong_ws/install/user_interface/include/user_interface/user_interface/msg/detail/user_int__builder.hpp
[1.057s] -- Up-to-date symlink: /home/boyfriend51/gong/gong_ws/install/user_interface/include/user_interface/user_interface/msg/detail/user_int__struct.hpp
[1.058s] -- Up-to-date symlink: /home/boyfriend51/gong/gong_ws/install/user_interface/include/user_interface/user_interface/msg/detail/user_int__traits.hpp
[1.058s] -- Up-to-date symlink: /home/boyfriend51/gong/gong_ws/install/user_interface/include/user_interface/user_interface/msg/detail/user_int__type_support.hpp
[1.058s] -- Up-to-date symlink: /home/boyfriend51/gong/gong_ws/install/user_interface/include/user_interface/user_interface/msg/rosidl_generator_cpp__visibility_control.hpp
[1.058s] -- Up-to-date symlink: /home/boyfriend51/gong/gong_ws/install/user_interface/include/user_interface/user_interface/msg/user_int.hpp
[1.059s] -- Up-to-date symlink: /home/boyfriend51/gong/gong_ws/install/user_interface/include/user_interface/user_interface/srv/add_and_odd.hpp
[1.059s] -- Up-to-date symlink: /home/boyfriend51/gong/gong_ws/install/user_interface/include/user_interface/user_interface/srv/detail/add_and_odd__builder.hpp
[1.059s] -- Up-to-date symlink: /home/boyfriend51/gong/gong_ws/install/user_interface/include/user_interface/user_interface/srv/detail/add_and_odd__struct.hpp
[1.059s] -- Up-to-date symlink: /home/boyfriend51/gong/gong_ws/install/user_interface/include/user_interface/user_interface/srv/detail/add_and_odd__traits.hpp
[1.059s] -- Up-to-date symlink: /home/boyfriend51/gong/gong_ws/install/user_interface/include/user_interface/user_interface/srv/detail/add_and_odd__type_support.hpp
[1.060s] -- Up-to-date symlink: /home/boyfriend51/gong/gong_ws/install/user_interface/include/user_interface/user_interface/msg/detail/user_int__rosidl_typesupport_fastrtps_cpp.hpp
[1.060s] -- Up-to-date symlink: /home/boyfriend51/gong/gong_ws/install/user_interface/include/user_interface/user_interface/msg/rosidl_typesupport_fastrtps_cpp__visibility_control.h
[1.060s] -- Up-to-date symlink: /home/boyfriend51/gong/gong_ws/install/user_interface/include/user_interface/user_interface/srv/detail/add_and_odd__rosidl_typesupport_fastrtps_cpp.hpp
[1.060s] -- Up-to-date symlink: /home/boyfriend51/gong/gong_ws/install/user_interface/include/user_interface/user_interface/msg/detail/user_int__rosidl_typesupport_introspection_cpp.hpp
[1.061s] -- Up-to-date symlink: /home/boyfriend51/gong/gong_ws/install/user_interface/include/user_interface/user_interface/srv/detail/add_and_odd__rosidl_typesupport_introspection_cpp.hpp
[1.062s] -- Up-to-date symlink: /home/boyfriend51/gong/gong_ws/install/user_interface/share/user_interface/environment/pythonpath.sh
[1.062s] -- Up-to-date symlink: /home/boyfriend51/gong/gong_ws/install/user_interface/share/user_interface/environment/pythonpath.dsv
[1.063s] -- Up-to-date symlink: /home/boyfriend51/gong/gong_ws/install/user_interface/lib/python3.12/site-packages/user_interface-0.0.0-py3.12.egg-info/PKG-INFO
[1.063s] -- Up-to-date symlink: /home/boyfriend51/gong/gong_ws/install/user_interface/lib/python3.12/site-packages/user_interface-0.0.0-py3.12.egg-info/SOURCES.txt
[1.063s] -- Up-to-date symlink: /home/boyfriend51/gong/gong_ws/install/user_interface/lib/python3.12/site-packages/user_interface-0.0.0-py3.12.egg-info/dependency_links.txt
[1.063s] -- Up-to-date symlink: /home/boyfriend51/gong/gong_ws/install/user_interface/lib/python3.12/site-packages/user_interface-0.0.0-py3.12.egg-info/top_level.txt
[1.064s] -- Up-to-date symlink: /home/boyfriend51/gong/gong_ws/install/user_interface/lib/python3.12/site-packages/user_interface/__init__.py
[1.064s] -- Up-to-date symlink: /home/boyfriend51/gong/gong_ws/install/user_interface/lib/python3.12/site-packages/user_interface/_user_interface_s.ep.rosidl_typesupport_c.c
[1.065s] -- Up-to-date symlink: /home/boyfriend51/gong/gong_ws/install/user_interface/lib/python3.12/site-packages/user_interface/_user_interface_s.ep.rosidl_typesupport_fastrtps_c.c
[1.065s] -- Up-to-date symlink: /home/boyfriend51/gong/gong_ws/install/user_interface/lib/python3.12/site-packages/user_interface/_user_interface_s.ep.rosidl_typesupport_introspection_c.c
[1.066s] -- Up-to-date symlink: /home/boyfriend51/gong/gong_ws/install/user_interface/lib/python3.12/site-packages/user_interface/msg/__init__.py
[1.066s] -- Up-to-date symlink: /home/boyfriend51/gong/gong_ws/install/user_interface/lib/python3.12/site-packages/user_interface/msg/_user_int.py
[1.066s] -- Up-to-date symlink: /home/boyfriend51/gong/gong_ws/install/user_interface/lib/python3.12/site-packages/user_interface/msg/_user_int_s.c
[1.067s] -- Up-to-date symlink: /home/boyfriend51/gong/gong_ws/install/user_interface/lib/python3.12/site-packages/user_interface/srv/__init__.py
[1.067s] -- Up-to-date symlink: /home/boyfriend51/gong/gong_ws/install/user_interface/lib/python3.12/site-packages/user_interface/srv/_add_and_odd.py
[1.067s] -- Up-to-date symlink: /home/boyfriend51/gong/gong_ws/install/user_interface/lib/python3.12/site-packages/user_interface/srv/_add_and_odd_s.c
[1.067s] -- Up-to-date symlink: /home/boyfriend51/gong/gong_ws/install/user_interface/lib/python3.12/site-packages/user_interface/user_interface_s__rosidl_typesupport_c.so
[1.068s] -- Up-to-date symlink: /home/boyfriend51/gong/gong_ws/install/user_interface/lib/python3.12/site-packages/user_interface/user_interface_s__rosidl_typesupport_fastrtps_c.so
[1.068s] -- Up-to-date symlink: /home/boyfriend51/gong/gong_ws/install/user_interface/lib/python3.12/site-packages/user_interface/user_interface_s__rosidl_typesupport_introspection_c.so
[1.068s] -- Up-to-date symlink: /home/boyfriend51/gong/gong_ws/install/user_interface/lib/python3.12/site-packages/user_interface/user_interface_s__rosidl_typesupport_fastrtps_c.so
[1.068s] -- Up-to-date symlink: /home/boyfriend51/gong/gong_ws/install/user_interface/lib/python3.12/site-packages/user_interface/user_interface_s__rosidl_typesupport_introspection_c.so
[1.069s] -- Up-to-date symlink: /home/boyfriend51/gong/gong_ws/install/user_interface/lib/python3.12/site-packages/user_interface/user_interface_s__rosidl_typesupport_c.so
[1.069s] -- Up-to-date symlink: /home/boyfriend51/gong/gong_ws/install/user_interface/share/ament_index/resource_index/rust_packages/user_interface
[1.070s] -- Up-to-date symlink: /home/boyfriend51/gong/gong_ws/install/user_interface/share/user_interface/rust/Cargo.toml
[1.070s] -- Up-to-date symlink: /home/boyfriend51/gong/gong_ws/install/user_interface/share/user_interface/rust/build.rs
[1.071s] -- Up-to-date symlink: /home/boyfriend51/gong/gong_ws/install/user_interface/share/user_interface/rust/src/lib.rs
[1.071s] -- Up-to-date symlink: /home/boyfriend51/gong/gong_ws/install/user_interface/share/user_interface/rust/src/msg.rs
[1.071s] -- Up-to-date symlink: /home/boyfriend51/gong/gong_ws/install/user_interface/share/user_interface/rust/src/msg/rmw.rs
[1.071s] -- Up-to-date symlink: /home/boyfriend51/gong/gong_ws/install/user_interface/share/user_interface/rust/src/srv.rs
[1.072s] -- Up-to-date symlink: /home/boyfriend51/gong/gong_ws/install/user_interface/share/user_interface/rust/src/srv/rmw.rs
[1.072s] -- Up-to-date symlink: /home/boyfriend51/gong/gong_ws/install/user_interface/share/user_interface/msg/UserInt.idl
[1.072s] -- Up-to-date symlink: /home/boyfriend51/gong/gong_ws/install/user_interface/share/user_interface/srv/AddAndOdd.idl
[1.072s] -- Up-to-date symlink: /home/boyfriend51/gong/gong_ws/install/user_interface/share/user_interface/msg/UserInt.msg
[1.072s] -- Up-to-date symlink: /home/boyfriend51/gong/gong_ws/install/user_interface/share/user_interface/srv/AddAndOdd.srv
[1.073s] -- Up-to-date symlink: /home/boyfriend51/gong/gong_ws/install/user_interface/share/ament_index/resource_index/package_run_dependencies/user_interface
[1.073s] -- Up-to-date symlink: /home/boyfriend51/gong/gong_ws/install/user_interface/share/ament_index/resource_index/parent_prefix_path/user_interface
[1.073s] -- Up-to-date symlink: /home/boyfriend51/gong/gong_ws/install/user_interface/share/user_interface/environment/ament_prefix_path.sh
[1.073s] -- Up-to-date symlink: /home/boyfriend51/gong/gong_ws/install/user_interface/share/user_interface/environment/ament_prefix_path.dsv
[1.074s] -- Up-to-date symlink: /home/boyfriend51/gong/gong_ws/install/user_interface/share/user_interface/environment/path.sh
[1.075s] -- Up-to-date symlink: /home/boyfriend51/gong/gong_ws/install/user_interface/share/user_interface/environment/path.dsv
[1.075s] -- Up-to-date symlink: /home/boyfriend51/gong/gong_ws/install/user_interface/share/user_interface/local_setup.bash
[1.076s] -- Up-to-date symlink: /home/boyfriend51/gong/gong_ws/install/user_interface/share/user_interface/local_setup.sh
[1.076s] -- Up-to-date symlink: /home/boyfriend51/gong/gong_ws/install/user_interface/share/user_interface/local_setup.zsh
[1.076s] -- Up-to-date symlink: /home/boyfriend51/gong/gong_ws/install/user_interface/share/user_interface/local_setup.dsv
[1.076s] -- Symlinking: /home/boyfriend51/gong/gong_ws/install/user_interface/share/user_interface/package.dsv
[1.086s] -- Up-to-date symlink: /home/boyfriend51/gong/gong_ws/install/user_interface/share/ament_index/resource_index/packages/user_interface
[1.086s] -- Up-to-date symlink: /home/boyfriend51/gong/gong_ws/install/user_interface/share/user_interface/cmake/rosidl_cmake-extras.cmake
[1.087s] -- Up-to-date symlink: /home/boyfriend51/gong/gong_ws/install/user_interface/share/user_interface/cmake/ament_cmake_export_dependencies-extras.cmake
[1.087s] -- Up-to-date symlink: /home/boyfriend51/gong/gong_ws/install/user_interface/share/user_interface/cmake/ament_cmake_export_include_directories-extras.cmake
[1.088s] -- Up-to-date symlink: /home/boyfriend51/gong/gong_ws/install/user_interface/share/user_interface/cmake/ament_cmake_export_libraries-extras.cmake
[1.088s] -- Up-to-date symlink: /home/boyfriend51/gong/gong_ws/install/user_interface/share/user_interface/cmake/ament_cmake_export_targets-extras.cmake
[1.089s] -- Up-to-date symlink: /home/boyfriend51/gong/gong_ws/install/user_interface/share/user_interface/cmake/rosidl_cmake_export_typesupport_targets-extras.cmake
[1.089s] -- Up-to-date symlink: /home/boyfriend51/gong/gong_ws/install/user_interface/share/user_interface/cmake/rosidl_cmake_export_typesupport_libraries-extras.cmake
[1.089s] -- Up-to-date symlink: /home/boyfriend51/gong/gong_ws/install/user_interface/share/user_interface/cmake/rosidl_cmake_aggregate_target-extras.cmake
[1.089s] -- Up-to-date symlink: /home/boyfriend51/gong/gong_ws/install/user_interface/share/user_interface/cmake/user_interfaceConfig.cmake
[1.090s] -- Up-to-date symlink: /home/boyfriend51/gong/gong_ws/install/user_interface/share/user_interface/cmake/user_interfaceConfig-version.cmake
[1.090s] -- Up-to-date symlink: /home/boyfriend51/gong/gong_ws/install/user_interface/share/user_interface/package.xml
[1.090s] -- Up-to-date: /home/boyfriend51/gong/gong_ws/install/user_interface/lib/libuser_interface__rosidl_generator_c.so
[1.091s] -- Up-to-date: /home/boyfriend51/gong/gong_ws/install/user_interface/lib/libuser_interface__rosidl_typesupport_fastrtps_c.so
[1.091s] -- Up-to-date: /home/boyfriend51/gong/gong_ws/install/user_interface/lib/libuser_interface__rosidl_typesupport_introspection_c.so
[1.091s] -- Up-to-date: /home/boyfriend51/gong/gong_ws/install/user_interface/lib/libuser_interface__rosidl_typesupport_c.so
[1.092s] -- Up-to-date: /home/boyfriend51/gong/gong_ws/install/user_interface/lib/libuser_interface__rosidl_typesupport_fastrtps_cpp.so
[1.093s] -- Up-to-date: /home/boyfriend51/gong/gong_ws/install/user_interface/lib/libuser_interface__rosidl_typesupport_introspection_cpp.so
[1.093s] -- Up-to-date: /home/boyfriend51/gong/gong_ws/install/user_interface/lib/libuser_interface__rosidl_typesupport_cpp.so
[1.141s] Listing '/home/boyfriend51/gong/gong_ws/install/user_interface/lib/python3.12/site-packages/user_interface'...
[1.141s] Listing '/home/boyfriend51/gong/gong_ws/install/user_interface/lib/python3.12/site-packages/user_interface/msg'...
[1.142s] Listing '/home/boyfriend51/gong/gong_ws/install/user_interface/lib/python3.12/site-packages/user_interface/srv'...
[1.148s] -- Up-to-date: /home/boyfriend51/gong/gong_ws/install/user_interface/lib/libuser_interface__rosidl_generator_py.so
[1.148s] -- Up-to-date: /home/boyfriend51/gong/gong_ws/install/user_interface/share/user_interface/cmake/export_user_interface__rosidl_generator_cExport.cmake
[1.149s] -- Up-to-date: /home/boyfriend51/gong/gong_ws/install/user_interface/share/user_interface/cmake/export_user_interface__rosidl_generator_cExport-noconfig.cmake
[1.149s] -- Up-to-date: /home/boyfriend51/gong/gong_ws/install/user_interface/share/user_interface/cmake/export_user_interface__rosidl_typesupport_fastrtps_cExport.cmake
[1.149s] -- Up-to-date: /home/boyfriend51/gong/gong_ws/install/user_interface/share/user_interface/cmake/export_user_interface__rosidl_typesupport_fastrtps_cExport-noconfig.cmake
[1.150s] -- Up-to-date: /home/boyfriend51/gong/gong_ws/install/user_interface/share/user_interface/cmake/user_interface__rosidl_typesupport_introspection_cExport.cmake
[1.150s] -- Up-to-date: /home/boyfriend51/gong/gong_ws/install/user_interface/share/user_interface/cmake/user_interface__rosidl_typesupport_introspection_cExport-noconfig.cmake
[1.150s] -- Up-to-date: /home/boyfriend51/gong/gong_ws/install/user_interface/share/user_interface/cmake/user_interface__rosidl_typesupport_cExport.cmake
[1.151s] -- Up-to-date: /home/boyfriend51/gong/gong_ws/install/user_interface/share/user_interface/cmake/user_interface__rosidl_typesupport_cExport-noconfig.cmake
[1.151s] -- Up-to-date: /home/boyfriend51/gong/gong_ws/install/user_interface/share/user_interface/cmake/export_user_interface__rosidl_generator_cppExport.cmake
[1.151s] -- Up-to-date: /home/boyfriend51/gong/gong_ws/install/user_interface/share/user_interface/cmake/export_user_interface__rosidl_typesupport_fastrtps_cppExport.cmake
[1.151s] -- Up-to-date: /home/boyfriend51/gong/gong_ws/install/user_interface/share/user_interface/cmake/export_user_interface__rosidl_typesupport_fastrtps_cppExport-noconfig.cmake
[1.151s] -- Up-to-date: /home/boyfriend51/gong/gong_ws/install/user_interface/share/user_interface/cmake/user_interface__rosidl_typesupport_introspection_cppExport.cmake
[1.152s] -- Up-to-date: /home/boyfriend51/gong/gong_ws/install/user_interface/share/user_interface/cmake/user_interface__rosidl_typesupport_introspection_cppExport-noconfig.cmake
[1.152s] -- Up-to-date: /home/boyfriend51/gong/gong_ws/install/user_interface/share/user_interface/cmake/user_interface__rosidl_typesupport_cppExport.cmake
[1.152s] -- Up-to-date: /home/boyfriend51/gong/gong_ws/install/user_interface/share/user_interface/cmake/user_interface__rosidl_typesupport_cppExport-noconfig.cmake
[1.153s] -- Up-to-date: /home/boyfriend51/gong/gong_ws/install/user_interface/share/user_interface/cmake/export_user_interface__rosidl_generator_pyExport.cmake
[1.154s] -- Up-to-date: /home/boyfriend51/gong/gong_ws/install/user_interface/share/user_interface/cmake/export_user_interface__rosidl_generator_pyExport-noconfig.cmake
[1.154s] Invoked command in '/home/boyfriend51/gong/gong_ws/build/user_interface' returned '0': CMAKE_PREFIX_PATH=${CMAKE_PREFIX_PATH}:/home/boyfriend51/gong/gong_ws/install/gong_basic:/opt/ros/jazzy /usr/bin/cmake --install /home/boyfriend51/gong/gong_ws/build/user_interface
