[1.131s] Invoking command in '/home/boyfriend51/gong/gong_ws/build/gong_basic': PYTHONPATH=/home/boyfriend51/gong/gong_ws/build/gong_basic/prefix_override:/usr/lib/python3/dist-packages/colcon_core/task/python/colcon_distutils_commands:/home/boyfriend51/gong/gong_ws/install/gong_basic/lib/python3.12/site-packages:${PYTHONPATH} /usr/bin/python3 -W ignore:setup.py install is deprecated -W ignore:easy_install command is deprecated setup.py develop --uninstall --editable --build-directory /home/boyfriend51/gong/gong_ws/build/gong_basic/build
[1.585s] running develop
[1.807s] Removing /home/boyfriend51/gong/gong_ws/install/gong_basic/lib/python3.12/site-packages/gong-basic.egg-link (link to .)
[1.854s] Invoked command in '/home/boyfriend51/gong/gong_ws/build/gong_basic' returned '0': PYTHONPATH=/home/boyfriend51/gong/gong_ws/build/gong_basic/prefix_override:/usr/lib/python3/dist-packages/colcon_core/task/python/colcon_distutils_commands:/home/boyfriend51/gong/gong_ws/install/gong_basic/lib/python3.12/site-packages:${PYTHONPATH} /usr/bin/python3 -W ignore:setup.py install is deprecated -W ignore:easy_install command is deprecated setup.py develop --uninstall --editable --build-directory /home/boyfriend51/gong/gong_ws/build/gong_basic/build
[1.856s] Invoking command in '/home/boyfriend51/gong/gong_ws/src/gong_basic': PYTHONPATH=/home/boyfriend51/gong/gong_ws/build/gong_basic/prefix_override:/usr/lib/python3/dist-packages/colcon_core/task/python/colcon_distutils_commands:/home/boyfriend51/gong/gong_ws/install/gong_basic/lib/python3.12/site-packages:${PYTHONPATH} /usr/bin/python3 -W ignore:setup.py install is deprecated -W ignore:easy_install command is deprecated setup.py egg_info --egg-base ../../build/gong_basic build --build-base /home/boyfriend51/gong/gong_ws/build/gong_basic/build install --record /home/boyfriend51/gong/gong_ws/build/gong_basic/install.log --install-scripts $base/lib/gong_basic --single-version-externally-managed install_data --force
[2.169s] running egg_info
[2.195s] writing ../../build/gong_basic/gong_basic.egg-info/PKG-INFO
[2.196s] writing dependency_links to ../../build/gong_basic/gong_basic.egg-info/dependency_links.txt
[2.196s] writing entry points to ../../build/gong_basic/gong_basic.egg-info/entry_points.txt
[2.197s] writing requirements to ../../build/gong_basic/gong_basic.egg-info/requires.txt
[2.197s] writing top-level names to ../../build/gong_basic/gong_basic.egg-info/top_level.txt
[2.252s] reading manifest file '../../build/gong_basic/gong_basic.egg-info/SOURCES.txt'
[2.254s] writing manifest file '../../build/gong_basic/gong_basic.egg-info/SOURCES.txt'
[2.254s] running build
[2.254s] running build_py
[2.254s] running install
[2.261s] running install_lib
[2.283s] creating /home/boyfriend51/gong/gong_ws/install/gong_basic/lib/python3.12/site-packages/gong_basic
[2.284s] copying /home/boyfriend51/gong/gong_ws/build/gong_basic/build/lib/gong_basic/simple_pub.py -> /home/boyfriend51/gong/gong_ws/install/gong_basic/lib/python3.12/site-packages/gong_basic
[2.285s] copying /home/boyfriend51/gong/gong_ws/build/gong_basic/build/lib/gong_basic/m2_sub.py -> /home/boyfriend51/gong/gong_ws/install/gong_basic/lib/python3.12/site-packages/gong_basic
[2.285s] copying /home/boyfriend51/gong/gong_ws/build/gong_basic/build/lib/gong_basic/class_sub.py -> /home/boyfriend51/gong/gong_ws/install/gong_basic/lib/python3.12/site-packages/gong_basic
[2.285s] copying /home/boyfriend51/gong/gong_ws/build/gong_basic/build/lib/gong_basic/mt_sub.py -> /home/boyfriend51/gong/gong_ws/install/gong_basic/lib/python3.12/site-packages/gong_basic
[2.286s] copying /home/boyfriend51/gong/gong_ws/build/gong_basic/build/lib/gong_basic/mpub.py -> /home/boyfriend51/gong/gong_ws/install/gong_basic/lib/python3.12/site-packages/gong_basic
[2.286s] copying /home/boyfriend51/gong/gong_ws/build/gong_basic/build/lib/gong_basic/m1_sub.py -> /home/boyfriend51/gong/gong_ws/install/gong_basic/lib/python3.12/site-packages/gong_basic
[2.286s] copying /home/boyfriend51/gong/gong_ws/build/gong_basic/build/lib/gong_basic/tpub.py -> /home/boyfriend51/gong/gong_ws/install/gong_basic/lib/python3.12/site-packages/gong_basic
[2.286s] copying /home/boyfriend51/gong/gong_ws/build/gong_basic/build/lib/gong_basic/__init__.py -> /home/boyfriend51/gong/gong_ws/install/gong_basic/lib/python3.12/site-packages/gong_basic
[2.286s] copying /home/boyfriend51/gong/gong_ws/build/gong_basic/build/lib/gong_basic/header_pub.py -> /home/boyfriend51/gong/gong_ws/install/gong_basic/lib/python3.12/site-packages/gong_basic
[2.287s] copying /home/boyfriend51/gong/gong_ws/build/gong_basic/build/lib/gong_basic/class_pub.py -> /home/boyfriend51/gong/gong_ws/install/gong_basic/lib/python3.12/site-packages/gong_basic
[2.288s] byte-compiling /home/boyfriend51/gong/gong_ws/install/gong_basic/lib/python3.12/site-packages/gong_basic/simple_pub.py to simple_pub.cpython-312.pyc
[2.289s] byte-compiling /home/boyfriend51/gong/gong_ws/install/gong_basic/lib/python3.12/site-packages/gong_basic/m2_sub.py to m2_sub.cpython-312.pyc
[2.289s] byte-compiling /home/boyfriend51/gong/gong_ws/install/gong_basic/lib/python3.12/site-packages/gong_basic/class_sub.py to class_sub.cpython-312.pyc
[2.291s] byte-compiling /home/boyfriend51/gong/gong_ws/install/gong_basic/lib/python3.12/site-packages/gong_basic/mt_sub.py to mt_sub.cpython-312.pyc
[2.292s] byte-compiling /home/boyfriend51/gong/gong_ws/install/gong_basic/lib/python3.12/site-packages/gong_basic/mpub.py to mpub.cpython-312.pyc
[2.293s] byte-compiling /home/boyfriend51/gong/gong_ws/install/gong_basic/lib/python3.12/site-packages/gong_basic/m1_sub.py to m1_sub.cpython-312.pyc
[2.293s] byte-compiling /home/boyfriend51/gong/gong_ws/install/gong_basic/lib/python3.12/site-packages/gong_basic/tpub.py to tpub.cpython-312.pyc
[2.295s] byte-compiling /home/boyfriend51/gong/gong_ws/install/gong_basic/lib/python3.12/site-packages/gong_basic/__init__.py to __init__.cpython-312.pyc
[2.295s] byte-compiling /home/boyfriend51/gong/gong_ws/install/gong_basic/lib/python3.12/site-packages/gong_basic/header_pub.py to header_pub.cpython-312.pyc
[2.296s] byte-compiling /home/boyfriend51/gong/gong_ws/install/gong_basic/lib/python3.12/site-packages/gong_basic/class_pub.py to class_pub.cpython-312.pyc
[2.298s] running install_data
[2.298s] copying resource/gong_basic -> /home/boyfriend51/gong/gong_ws/install/gong_basic/share/ament_index/resource_index/packages
[2.298s] copying package.xml -> /home/boyfriend51/gong/gong_ws/install/gong_basic/share/gong_basic
[2.299s] copying launch/hello.launch.py -> /home/boyfriend51/gong/gong_ws/install/gong_basic/share/gong_basic/launch
[2.299s] running install_egg_info
[2.328s] Copying ../../build/gong_basic/gong_basic.egg-info to /home/boyfriend51/gong/gong_ws/install/gong_basic/lib/python3.12/site-packages/gong_basic-0.0.0-py3.12.egg-info
[2.331s] running install_scripts
[2.484s] Installing class_pub script to /home/boyfriend51/gong/gong_ws/install/gong_basic/lib/gong_basic
[2.484s] Installing class_sub script to /home/boyfriend51/gong/gong_ws/install/gong_basic/lib/gong_basic
[2.485s] Installing header_pub script to /home/boyfriend51/gong/gong_ws/install/gong_basic/lib/gong_basic
[2.485s] Installing m1sub script to /home/boyfriend51/gong/gong_ws/install/gong_basic/lib/gong_basic
[2.485s] Installing m2sub script to /home/boyfriend51/gong/gong_ws/install/gong_basic/lib/gong_basic
[2.486s] Installing mpub script to /home/boyfriend51/gong/gong_ws/install/gong_basic/lib/gong_basic
[2.486s] Installing mt_sub script to /home/boyfriend51/gong/gong_ws/install/gong_basic/lib/gong_basic
[2.486s] Installing simple_pub script to /home/boyfriend51/gong/gong_ws/install/gong_basic/lib/gong_basic
[2.486s] Installing tpub script to /home/boyfriend51/gong/gong_ws/install/gong_basic/lib/gong_basic
[2.487s] writing list of installed files to '/home/boyfriend51/gong/gong_ws/build/gong_basic/install.log'
[2.529s] Invoked command in '/home/boyfriend51/gong/gong_ws/src/gong_basic' returned '0': PYTHONPATH=/home/boyfriend51/gong/gong_ws/build/gong_basic/prefix_override:/usr/lib/python3/dist-packages/colcon_core/task/python/colcon_distutils_commands:/home/boyfriend51/gong/gong_ws/install/gong_basic/lib/python3.12/site-packages:${PYTHONPATH} /usr/bin/python3 -W ignore:setup.py install is deprecated -W ignore:easy_install command is deprecated setup.py egg_info --egg-base ../../build/gong_basic build --build-base /home/boyfriend51/gong/gong_ws/build/gong_basic/build install --record /home/boyfriend51/gong/gong_ws/build/gong_basic/install.log --install-scripts $base/lib/gong_basic --single-version-externally-managed install_data --force
