[0.224s] DEBUG:colcon:Command line arguments: ['/usr/bin/colcon', 'build', '--symlink-install']
[0.224s] DEBUG:colcon:Parsed command line arguments: Namespace(log_base=None, log_level=None, verb_name='build', build_base='build', install_base='install', merge_install=False, symlink_install=True, test_result_base=None, continue_on_error=False, executor='parallel', parallel_workers=8, event_handlers=None, ignore_user_meta=False, metas=['./colcon.meta'], base_paths=['.'], packages_ignore=None, packages_ignore_regex=None, paths=None, packages_up_to=None, packages_up_to_regex=None, packages_above=None, packages_above_and_dependencies=None, packages_above_depth=None, packages_select_by_dep=None, packages_skip_by_dep=None, packages_skip_up_to=None, packages_select_build_failed=False, packages_skip_build_finished=False, packages_select_test_failures=False, packages_skip_test_passed=False, packages_select=None, packages_skip=None, packages_select_regex=None, packages_skip_regex=None, packages_start=None, packages_end=None, allow_overriding=[], cmake_args=None, cmake_target=None, cmake_target_skip_unavailable=False, cmake_clean_cache=False, cmake_clean_first=False, cmake_force_configure=False, ament_cmake_args=None, catkin_cmake_args=None, catkin_skip_building_tests=False, mixin_files=None, mixin=None, verb_parser=<colcon_mixin.mixin.mixin_argument.MixinArgumentDecorator object at 0x7aac4f561fa0>, verb_extension=<colcon_core.verb.build.BuildVerb object at 0x7aac4f517980>, main=<bound method BuildVerb.main of <colcon_core.verb.build.BuildVerb object at 0x7aac4f517980>>, mixin_verb=('build',))
[0.269s] Level 1:colcon.colcon_core.package_discovery:discover_packages(colcon_meta) check parameters
[0.269s] Level 1:colcon.colcon_core.package_discovery:discover_packages(recursive) check parameters
[0.269s] Level 1:colcon.colcon_core.package_discovery:discover_packages(ignore) check parameters
[0.269s] Level 1:colcon.colcon_core.package_discovery:discover_packages(path) check parameters
[0.269s] Level 1:colcon.colcon_core.package_discovery:discover_packages(colcon_meta) discover
[0.269s] Level 1:colcon.colcon_core.package_discovery:discover_packages(recursive) discover
[0.269s] INFO:colcon.colcon_core.package_discovery:Crawling recursively for packages in '/home/boyfriend51/gong/gong_ws'
[0.269s] Level 1:colcon.colcon_core.package_identification:_identify(.) by extensions ['ignore', 'ignore_ament_install']
[0.269s] Level 1:colcon.colcon_core.package_identification:_identify(.) by extension 'ignore'
[0.269s] Level 1:colcon.colcon_core.package_identification:_identify(.) by extension 'ignore_ament_install'
[0.269s] Level 1:colcon.colcon_core.package_identification:_identify(.) by extensions ['colcon_pkg']
[0.269s] Level 1:colcon.colcon_core.package_identification:_identify(.) by extension 'colcon_pkg'
[0.270s] Level 1:colcon.colcon_core.package_identification:_identify(.) by extensions ['colcon_meta']
[0.270s] Level 1:colcon.colcon_core.package_identification:_identify(.) by extension 'colcon_meta'
[0.270s] Level 1:colcon.colcon_core.package_identification:_identify(.) by extensions ['ros']
[0.270s] Level 1:colcon.colcon_core.package_identification:_identify(.) by extension 'ros'
[0.297s] Level 1:colcon.colcon_core.package_identification:_identify(.) by extensions ['cmake', 'python']
[0.297s] Level 1:colcon.colcon_core.package_identification:_identify(.) by extension 'cmake'
[0.298s] Level 1:colcon.colcon_core.package_identification:_identify(.) by extension 'python'
[0.298s] Level 1:colcon.colcon_core.package_identification:_identify(.) by extensions ['python_setup_py']
[0.298s] Level 1:colcon.colcon_core.package_identification:_identify(.) by extension 'python_setup_py'
[0.298s] Level 1:colcon.colcon_core.package_identification:_identify(build) by extensions ['ignore', 'ignore_ament_install']
[0.298s] Level 1:colcon.colcon_core.package_identification:_identify(build) by extension 'ignore'
[0.298s] Level 1:colcon.colcon_core.package_identification:_identify(build) ignored
[0.298s] Level 1:colcon.colcon_core.package_identification:_identify(install) by extensions ['ignore', 'ignore_ament_install']
[0.298s] Level 1:colcon.colcon_core.package_identification:_identify(install) by extension 'ignore'
[0.298s] Level 1:colcon.colcon_core.package_identification:_identify(install) ignored
[0.299s] Level 1:colcon.colcon_core.package_identification:_identify(log) by extensions ['ignore', 'ignore_ament_install']
[0.299s] Level 1:colcon.colcon_core.package_identification:_identify(log) by extension 'ignore'
[0.299s] Level 1:colcon.colcon_core.package_identification:_identify(log) ignored
[0.299s] Level 1:colcon.colcon_core.package_identification:_identify(src) by extensions ['ignore', 'ignore_ament_install']
[0.299s] Level 1:colcon.colcon_core.package_identification:_identify(src) by extension 'ignore'
[0.299s] Level 1:colcon.colcon_core.package_identification:_identify(src) by extension 'ignore_ament_install'
[0.299s] Level 1:colcon.colcon_core.package_identification:_identify(src) by extensions ['colcon_pkg']
[0.299s] Level 1:colcon.colcon_core.package_identification:_identify(src) by extension 'colcon_pkg'
[0.299s] Level 1:colcon.colcon_core.package_identification:_identify(src) by extensions ['colcon_meta']
[0.299s] Level 1:colcon.colcon_core.package_identification:_identify(src) by extension 'colcon_meta'
[0.299s] Level 1:colcon.colcon_core.package_identification:_identify(src) by extensions ['ros']
[0.300s] Level 1:colcon.colcon_core.package_identification:_identify(src) by extension 'ros'
[0.300s] Level 1:colcon.colcon_core.package_identification:_identify(src) by extensions ['cmake', 'python']
[0.300s] Level 1:colcon.colcon_core.package_identification:_identify(src) by extension 'cmake'
[0.300s] Level 1:colcon.colcon_core.package_identification:_identify(src) by extension 'python'
[0.300s] Level 1:colcon.colcon_core.package_identification:_identify(src) by extensions ['python_setup_py']
[0.300s] Level 1:colcon.colcon_core.package_identification:_identify(src) by extension 'python_setup_py'
[0.300s] Level 1:colcon.colcon_core.package_identification:_identify(src/gong_basic) by extensions ['ignore', 'ignore_ament_install']
[0.300s] Level 1:colcon.colcon_core.package_identification:_identify(src/gong_basic) by extension 'ignore'
[0.300s] Level 1:colcon.colcon_core.package_identification:_identify(src/gong_basic) by extension 'ignore_ament_install'
[0.300s] Level 1:colcon.colcon_core.package_identification:_identify(src/gong_basic) by extensions ['colcon_pkg']
[0.301s] Level 1:colcon.colcon_core.package_identification:_identify(src/gong_basic) by extension 'colcon_pkg'
[0.301s] Level 1:colcon.colcon_core.package_identification:_identify(src/gong_basic) by extensions ['colcon_meta']
[0.301s] Level 1:colcon.colcon_core.package_identification:_identify(src/gong_basic) by extension 'colcon_meta'
[0.301s] Level 1:colcon.colcon_core.package_identification:_identify(src/gong_basic) by extensions ['ros']
[0.301s] Level 1:colcon.colcon_core.package_identification:_identify(src/gong_basic) by extension 'ros'
[0.305s] DEBUG:colcon.colcon_core.package_identification:Package 'src/gong_basic' with type 'ros.ament_python' and name 'gong_basic'
[0.306s] Level 1:colcon.colcon_core.package_identification:_identify(user_interface) by extensions ['ignore', 'ignore_ament_install']
[0.306s] Level 1:colcon.colcon_core.package_identification:_identify(user_interface) by extension 'ignore'
[0.306s] Level 1:colcon.colcon_core.package_identification:_identify(user_interface) by extension 'ignore_ament_install'
[0.306s] Level 1:colcon.colcon_core.package_identification:_identify(user_interface) by extensions ['colcon_pkg']
[0.306s] Level 1:colcon.colcon_core.package_identification:_identify(user_interface) by extension 'colcon_pkg'
[0.306s] Level 1:colcon.colcon_core.package_identification:_identify(user_interface) by extensions ['colcon_meta']
[0.307s] Level 1:colcon.colcon_core.package_identification:_identify(user_interface) by extension 'colcon_meta'
[0.307s] Level 1:colcon.colcon_core.package_identification:_identify(user_interface) by extensions ['ros']
[0.307s] Level 1:colcon.colcon_core.package_identification:_identify(user_interface) by extension 'ros'
[0.308s] DEBUG:colcon.colcon_core.package_identification:Package 'user_interface' with type 'ros.ament_cmake' and name 'user_interface'
[0.308s] Level 1:colcon.colcon_core.package_discovery:discover_packages(recursive) using defaults
[0.308s] Level 1:colcon.colcon_core.package_discovery:discover_packages(ignore) discover
[0.308s] Level 1:colcon.colcon_core.package_discovery:discover_packages(ignore) using defaults
[0.308s] Level 1:colcon.colcon_core.package_discovery:discover_packages(path) discover
[0.308s] Level 1:colcon.colcon_core.package_discovery:discover_packages(path) using defaults
[0.331s] Level 1:colcon.colcon_core.package_discovery:discover_packages(prefix_path) check parameters
[0.331s] Level 1:colcon.colcon_core.package_discovery:discover_packages(prefix_path) discover
[0.333s] DEBUG:colcon.colcon_installed_package_information.package_discovery:Found 2 installed packages in /home/boyfriend51/gong/gong_ws/install
[0.335s] DEBUG:colcon.colcon_installed_package_information.package_discovery:Found 287 installed packages in /opt/ros/jazzy
[0.336s] Level 1:colcon.colcon_core.package_discovery:discover_packages(prefix_path) using defaults
[0.381s] Level 5:colcon.colcon_core.verb:set package 'gong_basic' build argument 'cmake_args' from command line to 'None'
[0.382s] Level 5:colcon.colcon_core.verb:set package 'gong_basic' build argument 'cmake_target' from command line to 'None'
[0.382s] Level 5:colcon.colcon_core.verb:set package 'gong_basic' build argument 'cmake_target_skip_unavailable' from command line to 'False'
[0.382s] Level 5:colcon.colcon_core.verb:set package 'gong_basic' build argument 'cmake_clean_cache' from command line to 'False'
[0.382s] Level 5:colcon.colcon_core.verb:set package 'gong_basic' build argument 'cmake_clean_first' from command line to 'False'
[0.382s] Level 5:colcon.colcon_core.verb:set package 'gong_basic' build argument 'cmake_force_configure' from command line to 'False'
[0.382s] Level 5:colcon.colcon_core.verb:set package 'gong_basic' build argument 'ament_cmake_args' from command line to 'None'
[0.382s] Level 5:colcon.colcon_core.verb:set package 'gong_basic' build argument 'catkin_cmake_args' from command line to 'None'
[0.382s] Level 5:colcon.colcon_core.verb:set package 'gong_basic' build argument 'catkin_skip_building_tests' from command line to 'False'
[0.382s] DEBUG:colcon.colcon_core.verb:Building package 'gong_basic' with the following arguments: {'ament_cmake_args': None, 'build_base': '/home/boyfriend51/gong/gong_ws/build/gong_basic', 'catkin_cmake_args': None, 'catkin_skip_building_tests': False, 'cmake_args': None, 'cmake_clean_cache': False, 'cmake_clean_first': False, 'cmake_force_configure': False, 'cmake_target': None, 'cmake_target_skip_unavailable': False, 'install_base': '/home/boyfriend51/gong/gong_ws/install/gong_basic', 'merge_install': False, 'path': '/home/boyfriend51/gong/gong_ws/src/gong_basic', 'symlink_install': True, 'test_result_base': None}
[0.382s] Level 5:colcon.colcon_core.verb:set package 'user_interface' build argument 'cmake_args' from command line to 'None'
[0.382s] Level 5:colcon.colcon_core.verb:set package 'user_interface' build argument 'cmake_target' from command line to 'None'
[0.382s] Level 5:colcon.colcon_core.verb:set package 'user_interface' build argument 'cmake_target_skip_unavailable' from command line to 'False'
[0.382s] Level 5:colcon.colcon_core.verb:set package 'user_interface' build argument 'cmake_clean_cache' from command line to 'False'
[0.382s] Level 5:colcon.colcon_core.verb:set package 'user_interface' build argument 'cmake_clean_first' from command line to 'False'
[0.383s] Level 5:colcon.colcon_core.verb:set package 'user_interface' build argument 'cmake_force_configure' from command line to 'False'
[0.383s] Level 5:colcon.colcon_core.verb:set package 'user_interface' build argument 'ament_cmake_args' from command line to 'None'
[0.383s] Level 5:colcon.colcon_core.verb:set package 'user_interface' build argument 'catkin_cmake_args' from command line to 'None'
[0.383s] Level 5:colcon.colcon_core.verb:set package 'user_interface' build argument 'catkin_skip_building_tests' from command line to 'False'
[0.383s] DEBUG:colcon.colcon_core.verb:Building package 'user_interface' with the following arguments: {'ament_cmake_args': None, 'build_base': '/home/boyfriend51/gong/gong_ws/build/user_interface', 'catkin_cmake_args': None, 'catkin_skip_building_tests': False, 'cmake_args': None, 'cmake_clean_cache': False, 'cmake_clean_first': False, 'cmake_force_configure': False, 'cmake_target': None, 'cmake_target_skip_unavailable': False, 'install_base': '/home/boyfriend51/gong/gong_ws/install/user_interface', 'merge_install': False, 'path': '/home/boyfriend51/gong/gong_ws/user_interface', 'symlink_install': True, 'test_result_base': None}
[0.383s] INFO:colcon.colcon_core.executor:Executing jobs using 'parallel' executor
[0.384s] DEBUG:colcon.colcon_parallel_executor.executor.parallel:run_until_complete
[0.385s] INFO:colcon.colcon_ros.task.ament_python.build:Building ROS package in '/home/boyfriend51/gong/gong_ws/src/gong_basic' with build type 'ament_python'
[0.385s] Level 1:colcon.colcon_core.shell:create_environment_hook('gong_basic', 'ament_prefix_path')
[0.388s] INFO:colcon.colcon_core.plugin_system:Skipping extension 'colcon_core.shell.bat': Not used on non-Windows systems
[0.388s] INFO:colcon.colcon_core.shell:Creating environment hook '/home/boyfriend51/gong/gong_ws/install/gong_basic/share/gong_basic/hook/ament_prefix_path.ps1'
[0.389s] INFO:colcon.colcon_core.shell:Creating environment descriptor '/home/boyfriend51/gong/gong_ws/install/gong_basic/share/gong_basic/hook/ament_prefix_path.dsv'
[0.390s] INFO:colcon.colcon_core.shell:Creating environment hook '/home/boyfriend51/gong/gong_ws/install/gong_basic/share/gong_basic/hook/ament_prefix_path.sh'
[0.391s] INFO:colcon.colcon_core.shell:Skip shell extension 'powershell' for command environment: Not usable outside of PowerShell
[0.391s] DEBUG:colcon.colcon_core.shell:Skip shell extension 'dsv' for command environment
[0.395s] INFO:colcon.colcon_ros.task.ament_cmake.build:Building ROS package in '/home/boyfriend51/gong/gong_ws/user_interface' with build type 'ament_cmake'
[0.396s] INFO:colcon.colcon_cmake.task.cmake.build:Building CMake package in '/home/boyfriend51/gong/gong_ws/user_interface'
[0.396s] INFO:colcon.colcon_core.shell:Skip shell extension 'powershell' for command environment: Not usable outside of PowerShell
[0.396s] DEBUG:colcon.colcon_core.shell:Skip shell extension 'dsv' for command environment
[0.676s] INFO:colcon.colcon_core.task.python.build:Building Python package in '/home/boyfriend51/gong/gong_ws/src/gong_basic'
[0.677s] INFO:colcon.colcon_core.shell:Skip shell extension 'powershell' for command environment: Not usable outside of PowerShell
[0.677s] DEBUG:colcon.colcon_core.shell:Skip shell extension 'dsv' for command environment
[0.689s] DEBUG:colcon.colcon_core.event_handler.log_command:Invoking command in '/home/boyfriend51/gong/gong_ws/build/user_interface': CMAKE_PREFIX_PATH=${CMAKE_PREFIX_PATH}:/home/boyfriend51/gong/gong_ws/install/gong_basic:/opt/ros/jazzy /usr/bin/cmake --build /home/boyfriend51/gong/gong_ws/build/user_interface -- -j8 -l8
[1.243s] DEBUG:colcon.colcon_core.event_handler.log_command:Invoked command in '/home/boyfriend51/gong/gong_ws/build/user_interface' returned '0': CMAKE_PREFIX_PATH=${CMAKE_PREFIX_PATH}:/home/boyfriend51/gong/gong_ws/install/gong_basic:/opt/ros/jazzy /usr/bin/cmake --build /home/boyfriend51/gong/gong_ws/build/user_interface -- -j8 -l8
[1.254s] DEBUG:colcon.colcon_core.event_handler.log_command:Invoking command in '/home/boyfriend51/gong/gong_ws/build/user_interface': CMAKE_PREFIX_PATH=${CMAKE_PREFIX_PATH}:/home/boyfriend51/gong/gong_ws/install/gong_basic:/opt/ros/jazzy /usr/bin/cmake --install /home/boyfriend51/gong/gong_ws/build/user_interface
[1.369s] Level 1:colcon.colcon_core.environment:create_environment_scripts_only(user_interface)
[1.372s] DEBUG:colcon.colcon_core.event_handler.log_command:Invoked command in '/home/boyfriend51/gong/gong_ws/build/user_interface' returned '0': CMAKE_PREFIX_PATH=${CMAKE_PREFIX_PATH}:/home/boyfriend51/gong/gong_ws/install/gong_basic:/opt/ros/jazzy /usr/bin/cmake --install /home/boyfriend51/gong/gong_ws/build/user_interface
[1.374s] Level 1:colcon.colcon_core.environment:checking '/home/boyfriend51/gong/gong_ws/install/user_interface' for CMake module files
[1.375s] Level 1:colcon.colcon_core.environment:checking '/home/boyfriend51/gong/gong_ws/install/user_interface' for CMake config files
[1.376s] Level 1:colcon.colcon_core.shell:create_environment_hook('user_interface', 'cmake_prefix_path')
[1.377s] INFO:colcon.colcon_core.shell:Creating environment hook '/home/boyfriend51/gong/gong_ws/install/user_interface/share/user_interface/hook/cmake_prefix_path.ps1'
[1.378s] INFO:colcon.colcon_core.shell:Creating environment descriptor '/home/boyfriend51/gong/gong_ws/install/user_interface/share/user_interface/hook/cmake_prefix_path.dsv'
[1.379s] INFO:colcon.colcon_core.shell:Creating environment hook '/home/boyfriend51/gong/gong_ws/install/user_interface/share/user_interface/hook/cmake_prefix_path.sh'
[1.380s] Level 1:colcon.colcon_core.environment:checking '/home/boyfriend51/gong/gong_ws/install/user_interface/lib'
[1.381s] Level 1:colcon.colcon_core.shell:create_environment_hook('user_interface', 'ld_library_path_lib')
[1.381s] INFO:colcon.colcon_core.shell:Creating environment hook '/home/boyfriend51/gong/gong_ws/install/user_interface/share/user_interface/hook/ld_library_path_lib.ps1'
[1.382s] INFO:colcon.colcon_core.shell:Creating environment descriptor '/home/boyfriend51/gong/gong_ws/install/user_interface/share/user_interface/hook/ld_library_path_lib.dsv'
[1.383s] INFO:colcon.colcon_core.shell:Creating environment hook '/home/boyfriend51/gong/gong_ws/install/user_interface/share/user_interface/hook/ld_library_path_lib.sh'
[1.384s] Level 1:colcon.colcon_core.environment:checking '/home/boyfriend51/gong/gong_ws/install/user_interface/bin'
[1.384s] Level 1:colcon.colcon_core.environment:checking '/home/boyfriend51/gong/gong_ws/install/user_interface/lib/pkgconfig/user_interface.pc'
[1.384s] Level 1:colcon.colcon_core.environment:checking '/home/boyfriend51/gong/gong_ws/install/user_interface/lib/python3.12/site-packages'
[1.384s] Level 1:colcon.colcon_core.shell:create_environment_hook('user_interface', 'pythonpath')
[1.385s] INFO:colcon.colcon_core.shell:Creating environment hook '/home/boyfriend51/gong/gong_ws/install/user_interface/share/user_interface/hook/pythonpath.ps1'
[1.386s] INFO:colcon.colcon_core.shell:Creating environment descriptor '/home/boyfriend51/gong/gong_ws/install/user_interface/share/user_interface/hook/pythonpath.dsv'
[1.386s] INFO:colcon.colcon_core.shell:Creating environment hook '/home/boyfriend51/gong/gong_ws/install/user_interface/share/user_interface/hook/pythonpath.sh'
[1.388s] Level 1:colcon.colcon_core.environment:checking '/home/boyfriend51/gong/gong_ws/install/user_interface/bin'
[1.388s] INFO:colcon.colcon_core.shell:Creating package script '/home/boyfriend51/gong/gong_ws/install/user_interface/share/user_interface/package.ps1'
[1.390s] INFO:colcon.colcon_core.shell:Creating package descriptor '/home/boyfriend51/gong/gong_ws/install/user_interface/share/user_interface/package.dsv'
[1.391s] INFO:colcon.colcon_core.shell:Creating package script '/home/boyfriend51/gong/gong_ws/install/user_interface/share/user_interface/package.sh'
[1.393s] INFO:colcon.colcon_core.shell:Creating package script '/home/boyfriend51/gong/gong_ws/install/user_interface/share/user_interface/package.bash'
[1.393s] INFO:colcon.colcon_core.shell:Creating package script '/home/boyfriend51/gong/gong_ws/install/user_interface/share/user_interface/package.zsh'
[1.394s] Level 1:colcon.colcon_core.environment:create_file_with_runtime_dependencies(/home/boyfriend51/gong/gong_ws/install/user_interface/share/colcon-core/packages/user_interface)
[1.395s] Level 1:colcon.colcon_core.environment:create_environment_scripts_only(user_interface)
[1.395s] Level 1:colcon.colcon_core.environment:checking '/home/boyfriend51/gong/gong_ws/install/user_interface' for CMake module files
[1.396s] Level 1:colcon.colcon_core.environment:checking '/home/boyfriend51/gong/gong_ws/install/user_interface' for CMake config files
[1.397s] Level 1:colcon.colcon_core.shell:create_environment_hook('user_interface', 'cmake_prefix_path')
[1.398s] INFO:colcon.colcon_core.shell:Creating environment hook '/home/boyfriend51/gong/gong_ws/install/user_interface/share/user_interface/hook/cmake_prefix_path.ps1'
[1.399s] INFO:colcon.colcon_core.shell:Creating environment descriptor '/home/boyfriend51/gong/gong_ws/install/user_interface/share/user_interface/hook/cmake_prefix_path.dsv'
[1.400s] INFO:colcon.colcon_core.shell:Creating environment hook '/home/boyfriend51/gong/gong_ws/install/user_interface/share/user_interface/hook/cmake_prefix_path.sh'
[1.401s] Level 1:colcon.colcon_core.environment:checking '/home/boyfriend51/gong/gong_ws/install/user_interface/lib'
[1.401s] Level 1:colcon.colcon_core.shell:create_environment_hook('user_interface', 'ld_library_path_lib')
[1.402s] INFO:colcon.colcon_core.shell:Creating environment hook '/home/boyfriend51/gong/gong_ws/install/user_interface/share/user_interface/hook/ld_library_path_lib.ps1'
[1.402s] INFO:colcon.colcon_core.shell:Creating environment descriptor '/home/boyfriend51/gong/gong_ws/install/user_interface/share/user_interface/hook/ld_library_path_lib.dsv'
[1.403s] INFO:colcon.colcon_core.shell:Creating environment hook '/home/boyfriend51/gong/gong_ws/install/user_interface/share/user_interface/hook/ld_library_path_lib.sh'
[1.404s] Level 1:colcon.colcon_core.environment:checking '/home/boyfriend51/gong/gong_ws/install/user_interface/bin'
[1.404s] Level 1:colcon.colcon_core.environment:checking '/home/boyfriend51/gong/gong_ws/install/user_interface/lib/pkgconfig/user_interface.pc'
[1.405s] Level 1:colcon.colcon_core.environment:checking '/home/boyfriend51/gong/gong_ws/install/user_interface/lib/python3.12/site-packages'
[1.405s] Level 1:colcon.colcon_core.shell:create_environment_hook('user_interface', 'pythonpath')
[1.405s] INFO:colcon.colcon_core.shell:Creating environment hook '/home/boyfriend51/gong/gong_ws/install/user_interface/share/user_interface/hook/pythonpath.ps1'
[1.406s] INFO:colcon.colcon_core.shell:Creating environment descriptor '/home/boyfriend51/gong/gong_ws/install/user_interface/share/user_interface/hook/pythonpath.dsv'
[1.407s] INFO:colcon.colcon_core.shell:Creating environment hook '/home/boyfriend51/gong/gong_ws/install/user_interface/share/user_interface/hook/pythonpath.sh'
[1.408s] Level 1:colcon.colcon_core.environment:checking '/home/boyfriend51/gong/gong_ws/install/user_interface/bin'
[1.408s] INFO:colcon.colcon_core.shell:Creating package script '/home/boyfriend51/gong/gong_ws/install/user_interface/share/user_interface/package.ps1'
[1.410s] INFO:colcon.colcon_core.shell:Creating package descriptor '/home/boyfriend51/gong/gong_ws/install/user_interface/share/user_interface/package.dsv'
[1.412s] INFO:colcon.colcon_core.shell:Creating package script '/home/boyfriend51/gong/gong_ws/install/user_interface/share/user_interface/package.sh'
[1.412s] INFO:colcon.colcon_core.shell:Creating package script '/home/boyfriend51/gong/gong_ws/install/user_interface/share/user_interface/package.bash'
[1.413s] INFO:colcon.colcon_core.shell:Creating package script '/home/boyfriend51/gong/gong_ws/install/user_interface/share/user_interface/package.zsh'
[1.414s] Level 1:colcon.colcon_core.environment:create_file_with_runtime_dependencies(/home/boyfriend51/gong/gong_ws/install/user_interface/share/colcon-core/packages/user_interface)
[1.504s] DEBUG:colcon.colcon_core.task.python.build:Available setuptools commands: build_ext, install_lib, update_catalog, alias, clean, bdist_rpm, easy_install, bdist, compile_catalog, check, extract_messages, egg_info, install_headers, upload, bdist_egg, test, develop, sdist, install_data, build, upload_docs, dist_info, register, install_scripts, symlink_data, saveopts, build_scripts, build_clib, editable_wheel, init_catalog, build_py, install_egg_info, rotate, setopt, bdist_dumb, install
[1.946s] DEBUG:colcon.colcon_core.task.python.build:Available setuptools 'develop' options: --version, --allow-hosts, --force-installation-into-system-dir, --egg-path, --editable, --verbose, --always-unzip, --multi-version, --help, --build-directory, --exclude-scripts, --zip-ok, --index-url, --record, --install-dir, --site-dirs, --install-layout, --user, --quiet, --uninstall, --script-dir, --no-deps, --find-links, --always-copy, --upgrade, --no-find-links, --prefix, --dry-run, --no-user-cfg, --optimize, --local-snapshots-ok
[1.949s] DEBUG:colcon.colcon_core.event_handler.log_command:Invoking command in '/home/boyfriend51/gong/gong_ws/build/gong_basic': PYTHONPATH=/home/boyfriend51/gong/gong_ws/build/gong_basic/prefix_override:/usr/lib/python3/dist-packages/colcon_core/task/python/colcon_distutils_commands:/home/boyfriend51/gong/gong_ws/install/gong_basic/lib/python3.12/site-packages:${PYTHONPATH} /usr/bin/python3 -W ignore:setup.py install is deprecated -W ignore:easy_install command is deprecated setup.py develop --editable --build-directory /home/boyfriend51/gong/gong_ws/build/gong_basic/build --no-deps symlink_data
[2.829s] Level 1:colcon.colcon_core.shell:create_environment_hook('gong_basic', 'pythonpath_develop')
[2.830s] INFO:colcon.colcon_core.shell:Creating environment hook '/home/boyfriend51/gong/gong_ws/build/gong_basic/share/gong_basic/hook/pythonpath_develop.ps1'
[2.830s] DEBUG:colcon.colcon_core.event_handler.log_command:Invoked command in '/home/boyfriend51/gong/gong_ws/build/gong_basic' returned '0': PYTHONPATH=/home/boyfriend51/gong/gong_ws/build/gong_basic/prefix_override:/usr/lib/python3/dist-packages/colcon_core/task/python/colcon_distutils_commands:/home/boyfriend51/gong/gong_ws/install/gong_basic/lib/python3.12/site-packages:${PYTHONPATH} /usr/bin/python3 -W ignore:setup.py install is deprecated -W ignore:easy_install command is deprecated setup.py develop --editable --build-directory /home/boyfriend51/gong/gong_ws/build/gong_basic/build --no-deps symlink_data
[2.831s] INFO:colcon.colcon_core.shell:Creating environment descriptor '/home/boyfriend51/gong/gong_ws/build/gong_basic/share/gong_basic/hook/pythonpath_develop.dsv'
[2.831s] INFO:colcon.colcon_core.shell:Creating environment hook '/home/boyfriend51/gong/gong_ws/build/gong_basic/share/gong_basic/hook/pythonpath_develop.sh'
[2.832s] Level 1:colcon.colcon_core.environment:checking '/home/boyfriend51/gong/gong_ws/install/gong_basic' for CMake module files
[2.833s] Level 1:colcon.colcon_core.environment:checking '/home/boyfriend51/gong/gong_ws/install/gong_basic' for CMake config files
[2.833s] Level 1:colcon.colcon_core.environment:checking '/home/boyfriend51/gong/gong_ws/install/gong_basic/lib'
[2.833s] Level 1:colcon.colcon_core.environment:checking '/home/boyfriend51/gong/gong_ws/install/gong_basic/bin'
[2.833s] Level 1:colcon.colcon_core.environment:checking '/home/boyfriend51/gong/gong_ws/install/gong_basic/lib/pkgconfig/gong_basic.pc'
[2.834s] Level 1:colcon.colcon_core.environment:checking '/home/boyfriend51/gong/gong_ws/install/gong_basic/lib/python3.12/site-packages'
[2.834s] Level 1:colcon.colcon_core.shell:create_environment_hook('gong_basic', 'pythonpath')
[2.834s] INFO:colcon.colcon_core.shell:Creating environment hook '/home/boyfriend51/gong/gong_ws/install/gong_basic/share/gong_basic/hook/pythonpath.ps1'
[2.834s] INFO:colcon.colcon_core.shell:Creating environment descriptor '/home/boyfriend51/gong/gong_ws/install/gong_basic/share/gong_basic/hook/pythonpath.dsv'
[2.835s] INFO:colcon.colcon_core.shell:Creating environment hook '/home/boyfriend51/gong/gong_ws/install/gong_basic/share/gong_basic/hook/pythonpath.sh'
[2.836s] Level 1:colcon.colcon_core.environment:checking '/home/boyfriend51/gong/gong_ws/install/gong_basic/bin'
[2.836s] Level 1:colcon.colcon_core.environment:create_environment_scripts_only(gong_basic)
[2.836s] INFO:colcon.colcon_core.shell:Creating package script '/home/boyfriend51/gong/gong_ws/install/gong_basic/share/gong_basic/package.ps1'
[2.837s] INFO:colcon.colcon_core.shell:Creating package descriptor '/home/boyfriend51/gong/gong_ws/install/gong_basic/share/gong_basic/package.dsv'
[2.837s] INFO:colcon.colcon_core.shell:Creating package script '/home/boyfriend51/gong/gong_ws/install/gong_basic/share/gong_basic/package.sh'
[2.838s] INFO:colcon.colcon_core.shell:Creating package script '/home/boyfriend51/gong/gong_ws/install/gong_basic/share/gong_basic/package.bash'
[2.840s] INFO:colcon.colcon_core.shell:Creating package script '/home/boyfriend51/gong/gong_ws/install/gong_basic/share/gong_basic/package.zsh'
[2.840s] Level 1:colcon.colcon_core.environment:create_file_with_runtime_dependencies(/home/boyfriend51/gong/gong_ws/install/gong_basic/share/colcon-core/packages/gong_basic)
[2.841s] DEBUG:colcon.colcon_parallel_executor.executor.parallel:closing loop
[2.842s] DEBUG:colcon.colcon_parallel_executor.executor.parallel:loop closed
[2.842s] DEBUG:colcon.colcon_parallel_executor.executor.parallel:run_until_complete finished with '0'
[2.842s] DEBUG:colcon.colcon_core.event_reactor:joining thread
[2.901s] INFO:colcon.colcon_core.plugin_system:Skipping extension 'colcon_notification.desktop_notification.notify_send': Could not find 'notify-send'
[2.901s] INFO:colcon.colcon_core.plugin_system:Skipping extension 'colcon_notification.desktop_notification.terminal_notifier': Not used on non-Darwin systems
[2.901s] INFO:colcon.colcon_core.plugin_system:Skipping extension 'colcon_notification.desktop_notification.win32': Not used on non-Windows systems
[2.901s] INFO:colcon.colcon_notification.desktop_notification:Sending desktop notification using 'notify2'
[2.902s] DEBUG:colcon.colcon_notification.desktop_notification.notify2:Failed to initialize notify2: org.freedesktop.DBus.Error.ServiceUnknown: The name org.freedesktop.Notifications was not provided by any .service files
[2.902s] DEBUG:colcon.colcon_core.event_reactor:joined thread
[2.903s] INFO:colcon.colcon_core.shell:Creating prefix script '/home/boyfriend51/gong/gong_ws/install/local_setup.ps1'
[2.904s] INFO:colcon.colcon_core.shell:Creating prefix util module '/home/boyfriend51/gong/gong_ws/install/_local_setup_util_ps1.py'
[2.906s] INFO:colcon.colcon_core.shell:Creating prefix chain script '/home/boyfriend51/gong/gong_ws/install/setup.ps1'
[2.908s] INFO:colcon.colcon_core.shell:Creating prefix script '/home/boyfriend51/gong/gong_ws/install/local_setup.sh'
[2.909s] INFO:colcon.colcon_core.shell:Creating prefix util module '/home/boyfriend51/gong/gong_ws/install/_local_setup_util_sh.py'
[2.910s] INFO:colcon.colcon_core.shell:Creating prefix chain script '/home/boyfriend51/gong/gong_ws/install/setup.sh'
[2.911s] INFO:colcon.colcon_core.shell:Creating prefix script '/home/boyfriend51/gong/gong_ws/install/local_setup.bash'
[2.912s] INFO:colcon.colcon_core.shell:Creating prefix chain script '/home/boyfriend51/gong/gong_ws/install/setup.bash'
[2.912s] INFO:colcon.colcon_core.shell:Creating prefix script '/home/boyfriend51/gong/gong_ws/install/local_setup.zsh'
[2.913s] INFO:colcon.colcon_core.shell:Creating prefix chain script '/home/boyfriend51/gong/gong_ws/install/setup.zsh'
