[1.572s] Invoking command in '/home/boyfriend51/gong/gong_ws/build/gong_basic': PYTHONPATH=/home/boyfriend51/gong/gong_ws/build/gong_basic/prefix_override:/usr/lib/python3/dist-packages/colcon_core/task/python/colcon_distutils_commands:/home/boyfriend51/gong/gong_ws/install/gong_basic/lib/python3.12/site-packages:${PYTHONPATH} /usr/bin/python3 -W ignore:setup.py install is deprecated -W ignore:easy_install command is deprecated setup.py develop --editable --build-directory /home/boyfriend51/gong/gong_ws/build/gong_basic/build --no-deps symlink_data
[1.979s] running develop
[2.283s] running egg_info
[2.284s] creating gong_basic.egg-info
[2.319s] writing gong_basic.egg-info/PKG-INFO
[2.319s] writing dependency_links to gong_basic.egg-info/dependency_links.txt
[2.322s] writing entry points to gong_basic.egg-info/entry_points.txt
[2.322s] writing requirements to gong_basic.egg-info/requires.txt
[2.323s] writing top-level names to gong_basic.egg-info/top_level.txt
[2.323s] writing manifest file 'gong_basic.egg-info/SOURCES.txt'
[2.401s] reading manifest file 'gong_basic.egg-info/SOURCES.txt'
[2.402s] writing manifest file 'gong_basic.egg-info/SOURCES.txt'
[2.461s] running build_ext
[2.461s] Creating /home/boyfriend51/gong/gong_ws/install/gong_basic/lib/python3.12/site-packages/gong-basic.egg-link (link to .)
[2.462s] Installing class_pub script to /home/boyfriend51/gong/gong_ws/install/gong_basic/lib/gong_basic
[2.463s] Installing class_sub script to /home/boyfriend51/gong/gong_ws/install/gong_basic/lib/gong_basic
[2.464s] Installing header_pub script to /home/boyfriend51/gong/gong_ws/install/gong_basic/lib/gong_basic
[2.465s] Installing m1_sub script to /home/boyfriend51/gong/gong_ws/install/gong_basic/lib/gong_basic
[2.466s] Installing m2_sub script to /home/boyfriend51/gong/gong_ws/install/gong_basic/lib/gong_basic
[2.466s] Installing mpub script to /home/boyfriend51/gong/gong_ws/install/gong_basic/lib/gong_basic
[2.467s] Installing mt_sub script to /home/boyfriend51/gong/gong_ws/install/gong_basic/lib/gong_basic
[2.467s] Installing mv_turtle script to /home/boyfriend51/gong/gong_ws/install/gong_basic/lib/gong_basic
[2.468s] Installing qos_test_pub script to /home/boyfriend51/gong/gong_ws/install/gong_basic/lib/gong_basic
[2.469s] Installing qos_test_sub script to /home/boyfriend51/gong/gong_ws/install/gong_basic/lib/gong_basic
[2.470s] Installing simple_pub script to /home/boyfriend51/gong/gong_ws/install/gong_basic/lib/gong_basic
[2.471s] Installing tpub script to /home/boyfriend51/gong/gong_ws/install/gong_basic/lib/gong_basic
[2.471s] 
[2.471s] Installed /home/boyfriend51/gong/gong_ws/build/gong_basic
[2.472s] running symlink_data
[2.550s] Invoked command in '/home/boyfriend51/gong/gong_ws/build/gong_basic' returned '0': PYTHONPATH=/home/boyfriend51/gong/gong_ws/build/gong_basic/prefix_override:/usr/lib/python3/dist-packages/colcon_core/task/python/colcon_distutils_commands:/home/boyfriend51/gong/gong_ws/install/gong_basic/lib/python3.12/site-packages:${PYTHONPATH} /usr/bin/python3 -W ignore:setup.py install is deprecated -W ignore:easy_install command is deprecated setup.py develop --editable --build-directory /home/boyfriend51/gong/gong_ws/build/gong_basic/build --no-deps symlink_data
