[1.588s] Invoking command in '/home/boyfriend51/gong/gong_ws/build/gong_basic': PYTHONPATH=/home/boyfriend51/gong/gong_ws/build/gong_basic/prefix_override:/usr/lib/python3/dist-packages/colcon_core/task/python/colcon_distutils_commands:/home/boyfriend51/gong/gong_ws/install/gong_basic/lib/python3.12/site-packages:${PYTHONPATH} /usr/bin/python3 -W ignore:setup.py install is deprecated -W ignore:easy_install command is deprecated setup.py develop --editable --build-directory /home/boyfriend51/gong/gong_ws/build/gong_basic/build --no-deps symlink_data
[2.018s] running develop
[2.310s] running egg_info
[2.334s] writing gong_basic.egg-info/PKG-INFO
[2.335s] writing dependency_links to gong_basic.egg-info/dependency_links.txt
[2.335s] writing entry points to gong_basic.egg-info/entry_points.txt
[2.336s] writing requirements to gong_basic.egg-info/requires.txt
[2.336s] writing top-level names to gong_basic.egg-info/top_level.txt
[2.383s] reading manifest file 'gong_basic.egg-info/SOURCES.txt'
[2.384s] writing manifest file 'gong_basic.egg-info/SOURCES.txt'
[2.408s] running build_ext
[2.408s] Creating /home/boyfriend51/gong/gong_ws/install/gong_basic/lib/python3.12/site-packages/gong-basic.egg-link (link to .)
[2.409s] Installing class_pub script to /home/boyfriend51/gong/gong_ws/install/gong_basic/lib/gong_basic
[2.410s] Installing class_sub script to /home/boyfriend51/gong/gong_ws/install/gong_basic/lib/gong_basic
[2.410s] Installing header_pub script to /home/boyfriend51/gong/gong_ws/install/gong_basic/lib/gong_basic
[2.411s] Installing m1_sub script to /home/boyfriend51/gong/gong_ws/install/gong_basic/lib/gong_basic
[2.411s] Installing m2_sub script to /home/boyfriend51/gong/gong_ws/install/gong_basic/lib/gong_basic
[2.411s] Installing mpub script to /home/boyfriend51/gong/gong_ws/install/gong_basic/lib/gong_basic
[2.411s] Installing mt_sub script to /home/boyfriend51/gong/gong_ws/install/gong_basic/lib/gong_basic
[2.412s] Installing mv_turtle script to /home/boyfriend51/gong/gong_ws/install/gong_basic/lib/gong_basic
[2.412s] Installing my_param script to /home/boyfriend51/gong/gong_ws/install/gong_basic/lib/gong_basic
[2.412s] Installing param_async script to /home/boyfriend51/gong/gong_ws/install/gong_basic/lib/gong_basic
[2.413s] Installing qos_test_pub script to /home/boyfriend51/gong/gong_ws/install/gong_basic/lib/gong_basic
[2.413s] Installing qos_test_sub script to /home/boyfriend51/gong/gong_ws/install/gong_basic/lib/gong_basic
[2.414s] Installing service_client script to /home/boyfriend51/gong/gong_ws/install/gong_basic/lib/gong_basic
[2.414s] Installing service_server script to /home/boyfriend51/gong/gong_ws/install/gong_basic/lib/gong_basic
[2.414s] Installing service_thread_server script to /home/boyfriend51/gong/gong_ws/install/gong_basic/lib/gong_basic
[2.415s] Installing simple_pub script to /home/boyfriend51/gong/gong_ws/install/gong_basic/lib/gong_basic
[2.415s] Installing tpub script to /home/boyfriend51/gong/gong_ws/install/gong_basic/lib/gong_basic
[2.415s] Installing user_int_pub script to /home/boyfriend51/gong/gong_ws/install/gong_basic/lib/gong_basic
[2.415s] Installing user_int_sub script to /home/boyfriend51/gong/gong_ws/install/gong_basic/lib/gong_basic
[2.416s] 
[2.416s] Installed /home/boyfriend51/gong/gong_ws/build/gong_basic
[2.416s] running symlink_data
[2.463s] Invoked command in '/home/boyfriend51/gong/gong_ws/build/gong_basic' returned '0': PYTHONPATH=/home/boyfriend51/gong/gong_ws/build/gong_basic/prefix_override:/usr/lib/python3/dist-packages/colcon_core/task/python/colcon_distutils_commands:/home/boyfriend51/gong/gong_ws/install/gong_basic/lib/python3.12/site-packages:${PYTHONPATH} /usr/bin/python3 -W ignore:setup.py install is deprecated -W ignore:easy_install command is deprecated setup.py develop --editable --build-directory /home/boyfriend51/gong/gong_ws/build/gong_basic/build --no-deps symlink_data
