[0.282s] Invoking command in '/home/boyfriend51/gong/gong_ws/build/user_interface': CMAKE_PREFIX_PATH=${CMAKE_PREFIX_PATH}:/home/boyfriend51/gong/gong_ws/install/gong_basic:/opt/ros/jazzy /usr/bin/cmake /home/boyfriend51/gong/gong_ws/user_interface -DAMENT_CMAKE_SYMLINK_INSTALL=1 -DCMAKE_INSTALL_PREFIX=/home/boyfriend51/gong/gong_ws/install/user_interface
[0.445s] -- The C compiler identification is GNU 13.3.0
[1.240s] -- The CXX compiler identification is GNU 13.3.0
[1.955s] -- Detecting C compiler ABI info
[2.293s] -- Detecting C compiler ABI info - done
[2.309s] -- Check for working C compiler: /usr/bin/cc - skipped
[2.311s] -- Detecting C compile features
[2.312s] -- Detecting C compile features - done
[2.511s] -- Detecting CXX compiler ABI info
[2.858s] -- Detecting CXX compiler ABI info - done
[2.868s] -- Check for working CXX compiler: /usr/bin/c++ - skipped
[2.869s] -- Detecting CXX compile features
[2.870s] -- Detecting CXX compile features - done
[2.872s] -- Found ament_cmake: 2.5.6 (/opt/ros/jazzy/share/ament_cmake/cmake)
[3.108s] -- Found Python3: /usr/bin/python3 (found version "3.12.3") found components: Interpreter 
[3.207s] -- Override CMake install command with custom implementation using symlinks instead of copying resources
[3.239s] -- Found rosidl_default_generators: 1.6.1 (/opt/ros/jazzy/share/rosidl_default_generators/cmake)
[3.245s] -- Using all available rosidl_typesupport_c: rosidl_typesupport_fastrtps_c;rosidl_typesupport_introspection_c
[3.466s] -- Using all available rosidl_typesupport_cpp: rosidl_typesupport_fastrtps_cpp;rosidl_typesupport_introspection_cpp
[3.520s] -- Found rosidl_adapter: 4.6.9 (/opt/ros/jazzy/share/rosidl_adapter/cmake)
[3.859s] [31mCMake Error at /opt/ros/jazzy/share/rosidl_adapter/cmake/rosidl_adapt_interfaces.cmake:57 (message):
[3.859s]   execute_process(/usr/bin/python3 -m rosidl_adapter --package-name
[3.859s]   user_interface --arguments-file
[3.859s]   /home/boyfriend51/gong/gong_ws/build/user_interface/rosidl_adapter__arguments__user_interface.json
[3.860s]   --output-dir
[3.860s]   /home/boyfriend51/gong/gong_ws/build/user_interface/rosidl_adapter/user_interface
[3.860s]   --output-file
[3.860s]   /home/boyfriend51/gong/gong_ws/build/user_interface/rosidl_adapter/user_interface.idls)
[3.860s]   returned error code 1:
[3.860s] 
[3.860s]   Error processing 'int 32 user_int' of 'user_interface/UserInt': ''int' is
[3.860s]   an invalid message name.  It should have the pattern '^[A-Z][A-Za-z0-9]*$''
[3.861s] 
[3.861s]   Traceback (most recent call last):
[3.861s] 
[3.861s]     File "<frozen runpy>", line 198, in _run_module_as_main
[3.861s]     File "<frozen runpy>", line 88, in _run_code
[3.861s]     File "/opt/ros/jazzy/lib/python3.12/site-packages/rosidl_adapter/__main__.py", line 19, in <module>
[3.861s]       sys.exit(main())
[3.862s]                ^^^^^^
[3.862s]     File "/opt/ros/jazzy/lib/python3.12/site-packages/rosidl_adapter/main.py", line 53, in main
[3.862s]       abs_idl_file = convert_to_idl(
[3.862s]                      ^^^^^^^^^^^^^^^
[3.862s]     File "/opt/ros/jazzy/lib/python3.12/site-packages/rosidl_adapter/__init__.py", line 19, in convert_to_idl
[3.862s]       return convert_msg_to_idl(
[3.862s]              ^^^^^^^^^^^^^^^^^^^
[3.862s]     File "/opt/ros/jazzy/lib/python3.12/site-packages/rosidl_adapter/msg/__init__.py", line 28, in convert_msg_to_idl
[3.863s]       msg = parse_message_string(package_name, input_file.stem, content)
[3.863s]             ^^^^^^^^^^^^^^^^^^^^^^^^^^^^^^^^^^^^^^^^^^^^^^^^^^^^^^^^^^^^
[3.863s]     File "/opt/ros/jazzy/lib/python3.12/site-packages/rosidl_adapter/parser.py", line 521, in parse_message_string
[3.863s]       Type(type_string, context_package_name=pkg_name),
[3.863s]       ^^^^^^^^^^^^^^^^^^^^^^^^^^^^^^^^^^^^^^^^^^^^^^^^
[3.863s]     File "/opt/ros/jazzy/lib/python3.12/site-packages/rosidl_adapter/parser.py", line 278, in __init__
[3.863s]       super(Type, self).__init__(
[3.863s]     File "/opt/ros/jazzy/lib/python3.12/site-packages/rosidl_adapter/parser.py", line 206, in __init__
[3.863s]       raise InvalidResourceName(
[3.864s] 
[3.864s]   rosidl_adapter.parser.InvalidResourceName: 'int' is an invalid message
[3.864s]   name.  It should have the pattern '^[A-Z][A-Za-z0-9]*$'
[3.864s] 
[3.864s] Call Stack (most recent call first):
[3.864s]   /opt/ros/jazzy/share/rosidl_cmake/cmake/rosidl_generate_interfaces.cmake:132 (rosidl_adapt_interfaces)
[3.864s]   CMakeLists.txt:12 (rosidl_generate_interfaces)
[3.864s] 
[3.864s] [0m
[3.865s] -- Configuring incomplete, errors occurred!
[3.869s] Invoked command in '/home/boyfriend51/gong/gong_ws/build/user_interface' returned '1': CMAKE_PREFIX_PATH=${CMAKE_PREFIX_PATH}:/home/boyfriend51/gong/gong_ws/install/gong_basic:/opt/ros/jazzy /usr/bin/cmake /home/boyfriend51/gong/gong_ws/user_interface -DAMENT_CMAKE_SYMLINK_INSTALL=1 -DCMAKE_INSTALL_PREFIX=/home/boyfriend51/gong/gong_ws/install/user_interface
