running develop
Removing /home/boyfriend51/gong/gong_ws/install/gong_basic/lib/python3.12/site-packages/gong-basic.egg-link (link to .)
running egg_info
writing ../../build/gong_basic/gong_basic.egg-info/PKG-INFO
writing dependency_links to ../../build/gong_basic/gong_basic.egg-info/dependency_links.txt
writing entry points to ../../build/gong_basic/gong_basic.egg-info/entry_points.txt
writing requirements to ../../build/gong_basic/gong_basic.egg-info/requires.txt
writing top-level names to ../../build/gong_basic/gong_basic.egg-info/top_level.txt
reading manifest file '../../build/gong_basic/gong_basic.egg-info/SOURCES.txt'
writing manifest file '../../build/gong_basic/gong_basic.egg-info/SOURCES.txt'
running build
running build_py
copying gong_basic/simple_pub.py -> /home/boyfriend51/gong/gong_ws/build/gong_basic/build/lib/gong_basic
copying gong_basic/m2_sub.py -> /home/boyfriend51/gong/gong_ws/build/gong_basic/build/lib/gong_basic
copying gong_basic/class_sub.py -> /home/boyfriend51/gong/gong_ws/build/gong_basic/build/lib/gong_basic
copying gong_basic/mt_sub.py -> /home/boyfriend51/gong/gong_ws/build/gong_basic/build/lib/gong_basic
copying gong_basic/mpub.py -> /home/boyfriend51/gong/gong_ws/build/gong_basic/build/lib/gong_basic
copying gong_basic/m1_sub.py -> /home/boyfriend51/gong/gong_ws/build/gong_basic/build/lib/gong_basic
copying gong_basic/tpub.py -> /home/boyfriend51/gong/gong_ws/build/gong_basic/build/lib/gong_basic
copying gong_basic/header_pub.py -> /home/boyfriend51/gong/gong_ws/build/gong_basic/build/lib/gong_basic
copying gong_basic/class_pub.py -> /home/boyfriend51/gong/gong_ws/build/gong_basic/build/lib/gong_basic
running install
running install_lib
creating /home/boyfriend51/gong/gong_ws/install/gong_basic/lib/python3.12/site-packages/gong_basic
copying /home/boyfriend51/gong/gong_ws/build/gong_basic/build/lib/gong_basic/simple_pub.py -> /home/boyfriend51/gong/gong_ws/install/gong_basic/lib/python3.12/site-packages/gong_basic
copying /home/boyfriend51/gong/gong_ws/build/gong_basic/build/lib/gong_basic/m2_sub.py -> /home/boyfriend51/gong/gong_ws/install/gong_basic/lib/python3.12/site-packages/gong_basic
copying /home/boyfriend51/gong/gong_ws/build/gong_basic/build/lib/gong_basic/class_sub.py -> /home/boyfriend51/gong/gong_ws/install/gong_basic/lib/python3.12/site-packages/gong_basic
copying /home/boyfriend51/gong/gong_ws/build/gong_basic/build/lib/gong_basic/mt_sub.py -> /home/boyfriend51/gong/gong_ws/install/gong_basic/lib/python3.12/site-packages/gong_basic
copying /home/boyfriend51/gong/gong_ws/build/gong_basic/build/lib/gong_basic/mpub.py -> /home/boyfriend51/gong/gong_ws/install/gong_basic/lib/python3.12/site-packages/gong_basic
copying /home/boyfriend51/gong/gong_ws/build/gong_basic/build/lib/gong_basic/m1_sub.py -> /home/boyfriend51/gong/gong_ws/install/gong_basic/lib/python3.12/site-packages/gong_basic
copying /home/boyfriend51/gong/gong_ws/build/gong_basic/build/lib/gong_basic/tpub.py -> /home/boyfriend51/gong/gong_ws/install/gong_basic/lib/python3.12/site-packages/gong_basic
copying /home/boyfriend51/gong/gong_ws/build/gong_basic/build/lib/gong_basic/__init__.py -> /home/boyfriend51/gong/gong_ws/install/gong_basic/lib/python3.12/site-packages/gong_basic
copying /home/boyfriend51/gong/gong_ws/build/gong_basic/build/lib/gong_basic/header_pub.py -> /home/boyfriend51/gong/gong_ws/install/gong_basic/lib/python3.12/site-packages/gong_basic
copying /home/boyfriend51/gong/gong_ws/build/gong_basic/build/lib/gong_basic/class_pub.py -> /home/boyfriend51/gong/gong_ws/install/gong_basic/lib/python3.12/site-packages/gong_basic
byte-compiling /home/boyfriend51/gong/gong_ws/install/gong_basic/lib/python3.12/site-packages/gong_basic/simple_pub.py to simple_pub.cpython-312.pyc
byte-compiling /home/boyfriend51/gong/gong_ws/install/gong_basic/lib/python3.12/site-packages/gong_basic/m2_sub.py to m2_sub.cpython-312.pyc
byte-compiling /home/boyfriend51/gong/gong_ws/install/gong_basic/lib/python3.12/site-packages/gong_basic/class_sub.py to class_sub.cpython-312.pyc
byte-compiling /home/boyfriend51/gong/gong_ws/install/gong_basic/lib/python3.12/site-packages/gong_basic/mt_sub.py to mt_sub.cpython-312.pyc
byte-compiling /home/boyfriend51/gong/gong_ws/install/gong_basic/lib/python3.12/site-packages/gong_basic/mpub.py to mpub.cpython-312.pyc
byte-compiling /home/boyfriend51/gong/gong_ws/install/gong_basic/lib/python3.12/site-packages/gong_basic/m1_sub.py to m1_sub.cpython-312.pyc
byte-compiling /home/boyfriend51/gong/gong_ws/install/gong_basic/lib/python3.12/site-packages/gong_basic/tpub.py to tpub.cpython-312.pyc
byte-compiling /home/boyfriend51/gong/gong_ws/install/gong_basic/lib/python3.12/site-packages/gong_basic/__init__.py to __init__.cpython-312.pyc
byte-compiling /home/boyfriend51/gong/gong_ws/install/gong_basic/lib/python3.12/site-packages/gong_basic/header_pub.py to header_pub.cpython-312.pyc
byte-compiling /home/boyfriend51/gong/gong_ws/install/gong_basic/lib/python3.12/site-packages/gong_basic/class_pub.py to class_pub.cpython-312.pyc
running install_data
copying resource/gong_basic -> /home/boyfriend51/gong/gong_ws/install/gong_basic/share/ament_index/resource_index/packages
copying package.xml -> /home/boyfriend51/gong/gong_ws/install/gong_basic/share/gong_basic
copying launch/hello.launch.py -> /home/boyfriend51/gong/gong_ws/install/gong_basic/share/gong_basic/launch
running install_egg_info
Copying ../../build/gong_basic/gong_basic.egg-info to /home/boyfriend51/gong/gong_ws/install/gong_basic/lib/python3.12/site-packages/gong_basic-0.0.0-py3.12.egg-info
running install_scripts
Installing class_pub script to /home/boyfriend51/gong/gong_ws/install/gong_basic/lib/gong_basic
Installing class_sub script to /home/boyfriend51/gong/gong_ws/install/gong_basic/lib/gong_basic
Installing header_pub script to /home/boyfriend51/gong/gong_ws/install/gong_basic/lib/gong_basic
Installing m1sub script to /home/boyfriend51/gong/gong_ws/install/gong_basic/lib/gong_basic
Installing m2sub script to /home/boyfriend51/gong/gong_ws/install/gong_basic/lib/gong_basic
Installing mpub script to /home/boyfriend51/gong/gong_ws/install/gong_basic/lib/gong_basic
Installing mtsub script to /home/boyfriend51/gong/gong_ws/install/gong_basic/lib/gong_basic
Installing simple_pub script to /home/boyfriend51/gong/gong_ws/install/gong_basic/lib/gong_basic
Installing tpub script to /home/boyfriend51/gong/gong_ws/install/gong_basic/lib/gong_basic
writing list of installed files to '/home/boyfriend51/gong/gong_ws/build/gong_basic/install.log'
