[1.728s] Invoking command in '/home/boyfriend51/gong/gong_ws/build/gong_basic': PYTHONPATH=/home/boyfriend51/gong/gong_ws/build/gong_basic/prefix_override:/usr/lib/python3/dist-packages/colcon_core/task/python/colcon_distutils_commands:/home/boyfriend51/gong/gong_ws/install/gong_basic/lib/python3.12/site-packages:${PYTHONPATH} /usr/bin/python3 -W ignore:setup.py install is deprecated -W ignore:easy_install command is deprecated setup.py develop --editable --build-directory /home/boyfriend51/gong/gong_ws/build/gong_basic/build --no-deps symlink_data --force
[2.160s] running develop
[2.423s] running egg_info
[2.453s] writing gong_basic.egg-info/PKG-INFO
[2.453s] writing dependency_links to gong_basic.egg-info/dependency_links.txt
[2.454s] writing entry points to gong_basic.egg-info/entry_points.txt
[2.454s] writing requirements to gong_basic.egg-info/requires.txt
[2.455s] writing top-level names to gong_basic.egg-info/top_level.txt
[2.512s] reading manifest file 'gong_basic.egg-info/SOURCES.txt'
[2.514s] writing manifest file 'gong_basic.egg-info/SOURCES.txt'
[2.552s] running build_ext
[2.552s] Creating /home/boyfriend51/gong/gong_ws/install/gong_basic/lib/python3.12/site-packages/gong-basic.egg-link (link to .)
[2.553s] Installing class_pub script to /home/boyfriend51/gong/gong_ws/install/gong_basic/lib/gong_basic
[2.554s] Installing class_sub script to /home/boyfriend51/gong/gong_ws/install/gong_basic/lib/gong_basic
[2.554s] Installing header_pub script to /home/boyfriend51/gong/gong_ws/install/gong_basic/lib/gong_basic
[2.555s] Installing m1sub script to /home/boyfriend51/gong/gong_ws/install/gong_basic/lib/gong_basic
[2.555s] Installing m2sub script to /home/boyfriend51/gong/gong_ws/install/gong_basic/lib/gong_basic
[2.555s] Installing mpub script to /home/boyfriend51/gong/gong_ws/install/gong_basic/lib/gong_basic
[2.556s] Installing mtsub script to /home/boyfriend51/gong/gong_ws/install/gong_basic/lib/gong_basic
[2.556s] Installing simple_pub script to /home/boyfriend51/gong/gong_ws/install/gong_basic/lib/gong_basic
[2.557s] Installing tpub script to /home/boyfriend51/gong/gong_ws/install/gong_basic/lib/gong_basic
[2.557s] 
[2.557s] Installed /home/boyfriend51/gong/gong_ws/build/gong_basic
[2.557s] running symlink_data
[2.558s] symbolically linking /home/boyfriend51/gong/gong_ws/build/gong_basic/resource/gong_basic -> /home/boyfriend51/gong/gong_ws/install/gong_basic/share/ament_index/resource_index/packages
[2.558s] symbolically linking /home/boyfriend51/gong/gong_ws/build/gong_basic/package.xml -> /home/boyfriend51/gong/gong_ws/install/gong_basic/share/gong_basic
[2.559s] symbolically linking /home/boyfriend51/gong/gong_ws/build/gong_basic/launch/hello.launch.py -> /home/boyfriend51/gong/gong_ws/install/gong_basic/share/gong_basic/launch
[2.617s] Invoked command in '/home/boyfriend51/gong/gong_ws/build/gong_basic' returned '0': PYTHONPATH=/home/boyfriend51/gong/gong_ws/build/gong_basic/prefix_override:/usr/lib/python3/dist-packages/colcon_core/task/python/colcon_distutils_commands:/home/boyfriend51/gong/gong_ws/install/gong_basic/lib/python3.12/site-packages:${PYTHONPATH} /usr/bin/python3 -W ignore:setup.py install is deprecated -W ignore:easy_install command is deprecated setup.py develop --editable --build-directory /home/boyfriend51/gong/gong_ws/build/gong_basic/build --no-deps symlink_data --force
