running develop
running egg_info
writing gong_basic.egg-info/PKG-INFO
writing dependency_links to gong_basic.egg-info/dependency_links.txt
writing entry points to gong_basic.egg-info/entry_points.txt
writing requirements to gong_basic.egg-info/requires.txt
writing top-level names to gong_basic.egg-info/top_level.txt
reading manifest file 'gong_basic.egg-info/SOURCES.txt'
writing manifest file 'gong_basic.egg-info/SOURCES.txt'
running build_ext
Creating /home/boyfriend51/gong/gong_ws/install/gong_basic/lib/python3.12/site-packages/gong-basic.egg-link (link to .)
Installing class_pub script to /home/boyfriend51/gong/gong_ws/install/gong_basic/lib/gong_basic
Installing class_sub script to /home/boyfriend51/gong/gong_ws/install/gong_basic/lib/gong_basic
Installing header_pub script to /home/boyfriend51/gong/gong_ws/install/gong_basic/lib/gong_basic
Installing m1sub script to /home/boyfriend51/gong/gong_ws/install/gong_basic/lib/gong_basic
Installing m2sub script to /home/boyfriend51/gong/gong_ws/install/gong_basic/lib/gong_basic
Installing mpub script to /home/boyfriend51/gong/gong_ws/install/gong_basic/lib/gong_basic
Installing mtsub script to /home/boyfriend51/gong/gong_ws/install/gong_basic/lib/gong_basic
Installing simple_pub script to /home/boyfriend51/gong/gong_ws/install/gong_basic/lib/gong_basic
Installing tpub script to /home/boyfriend51/gong/gong_ws/install/gong_basic/lib/gong_basic

Installed /home/boyfriend51/gong/gong_ws/build/gong_basic
running symlink_data
symbolically linking /home/boyfriend51/gong/gong_ws/build/gong_basic/resource/gong_basic -> /home/boyfriend51/gong/gong_ws/install/gong_basic/share/ament_index/resource_index/packages
symbolically linking /home/boyfriend51/gong/gong_ws/build/gong_basic/package.xml -> /home/boyfriend51/gong/gong_ws/install/gong_basic/share/gong_basic
symbolically linking /home/boyfriend51/gong/gong_ws/build/gong_basic/launch/hello.launch.py -> /home/boyfriend51/gong/gong_ws/install/gong_basic/share/gong_basic/launch
