[0.283s] Invoking command in '/home/boyfriend51/gong/gong_ws/build/user_interface': CMAKE_PREFIX_PATH=${CMAKE_PREFIX_PATH}:/home/boyfriend51/gong/gong_ws/install/gong_basic:/opt/ros/jazzy /usr/bin/cmake --build /home/boyfriend51/gong/gong_ws/build/user_interface -- -j8 -l8
[0.339s] [  2%] Built target user_interface__rosidl_generator_type_description
[0.341s] [  4%] Built target user_interface__rs
[0.350s] [  4%] Built target ament_cmake_python_symlink_user_interface
[0.362s] [  6%] Built target user_interface__cpp
[0.362s] [ 24%] Built target user_interface__rosidl_generator_c
[0.395s] [ 33%] Built target user_interface__rosidl_typesupport_c
[0.396s] [ 42%] Built target user_interface__rosidl_typesupport_introspection_c
[0.398s] [ 62%] Built target user_interface__rosidl_typesupport_introspection_cpp
[0.398s] [ 62%] Built target user_interface__rosidl_typesupport_fastrtps_cpp
[0.399s] [ 68%] Built target user_interface__rosidl_typesupport_fastrtps_c
[0.404s] [ 77%] Built target user_interface__rosidl_typesupport_cpp
[0.430s] [ 77%] Built target user_interface
[0.459s] [ 80%] Built target user_interface__py
[0.488s] [ 86%] Built target user_interface__rosidl_generator_py
[0.526s] [ 95%] Built target user_interface_s__rosidl_typesupport_fastrtps_c
[0.526s] [ 95%] Built target user_interface_s__rosidl_typesupport_introspection_c
[0.527s] [100%] Built target user_interface_s__rosidl_typesupport_c
[0.705s] running egg_info
[0.729s] writing user_interface.egg-info/PKG-INFO
[0.730s] writing dependency_links to user_interface.egg-info/dependency_links.txt
[0.730s] writing top-level names to user_interface.egg-info/top_level.txt
[0.816s] reading manifest file 'user_interface.egg-info/SOURCES.txt'
[0.817s] writing manifest file 'user_interface.egg-info/SOURCES.txt'
[0.868s] [100%] Built target ament_cmake_python_build_user_interface_egg
[0.887s] Invoked command in '/home/boyfriend51/gong/gong_ws/build/user_interface' returned '0': CMAKE_PREFIX_PATH=${CMAKE_PREFIX_PATH}:/home/boyfriend51/gong/gong_ws/install/gong_basic:/opt/ros/jazzy /usr/bin/cmake --build /home/boyfriend51/gong/gong_ws/build/user_interface -- -j8 -l8
[0.901s] Invoking command in '/home/boyfriend51/gong/gong_ws/build/user_interface': CMAKE_PREFIX_PATH=${CMAKE_PREFIX_PATH}:/home/boyfriend51/gong/gong_ws/install/gong_basic:/opt/ros/jazzy /usr/bin/cmake --install /home/boyfriend51/gong/gong_ws/build/user_interface
[0.913s] -- Install configuration: ""
[0.915s] -- Execute custom install script
[0.916s] -- Up-to-date symlink: /home/boyfriend51/gong/gong_ws/install/user_interface/share/ament_index/resource_index/rosidl_interfaces/user_interface
[0.916s] -- Up-to-date symlink: /home/boyfriend51/gong/gong_ws/install/user_interface/share/user_interface/msg/UserInt.json
[0.916s] -- Up-to-date symlink: /home/boyfriend51/gong/gong_ws/install/user_interface/share/user_interface/srv/AddAndOdd.json
[0.917s] -- Up-to-date symlink: /home/boyfriend51/gong/gong_ws/install/user_interface/include/user_interface/user_interface/msg/detail/user_int__functions.h
[0.917s] -- Up-to-date symlink: /home/boyfriend51/gong/gong_ws/install/user_interface/include/user_interface/user_interface/msg/detail/user_int__struct.h
[0.918s] -- Up-to-date symlink: /home/boyfriend51/gong/gong_ws/install/user_interface/include/user_interface/user_interface/msg/detail/user_int__type_support.h
[0.918s] -- Up-to-date symlink: /home/boyfriend51/gong/gong_ws/install/user_interface/include/user_interface/user_interface/msg/rosidl_generator_c__visibility_control.h
[0.918s] -- Up-to-date symlink: /home/boyfriend51/gong/gong_ws/install/user_interface/include/user_interface/user_interface/msg/user_int.h
[0.919s] -- Up-to-date symlink: /home/boyfriend51/gong/gong_ws/install/user_interface/include/user_interface/user_interface/srv/add_and_odd.h
[0.919s] -- Up-to-date symlink: /home/boyfriend51/gong/gong_ws/install/user_interface/include/user_interface/user_interface/srv/detail/add_and_odd__functions.h
[0.920s] -- Up-to-date symlink: /home/boyfriend51/gong/gong_ws/install/user_interface/include/user_interface/user_interface/srv/detail/add_and_odd__struct.h
[0.920s] -- Up-to-date symlink: /home/boyfriend51/gong/gong_ws/install/user_interface/include/user_interface/user_interface/srv/detail/add_and_odd__type_support.h
[0.920s] -- Up-to-date symlink: /home/boyfriend51/gong/gong_ws/install/user_interface/share/user_interface/environment/library_path.sh
[0.920s] -- Up-to-date symlink: /home/boyfriend51/gong/gong_ws/install/user_interface/share/user_interface/environment/library_path.dsv
[0.921s] -- Up-to-date symlink: /home/boyfriend51/gong/gong_ws/install/user_interface/include/user_interface/user_interface/msg/detail/user_int__rosidl_typesupport_fastrtps_c.h
[0.921s] -- Up-to-date symlink: /home/boyfriend51/gong/gong_ws/install/user_interface/include/user_interface/user_interface/msg/rosidl_typesupport_fastrtps_c__visibility_control.h
[0.921s] -- Up-to-date symlink: /home/boyfriend51/gong/gong_ws/install/user_interface/include/user_interface/user_interface/srv/detail/add_and_odd__rosidl_typesupport_fastrtps_c.h
[0.922s] -- Up-to-date symlink: /home/boyfriend51/gong/gong_ws/install/user_interface/include/user_interface/user_interface/msg/detail/user_int__rosidl_typesupport_introspection_c.h
[0.922s] -- Up-to-date symlink: /home/boyfriend51/gong/gong_ws/install/user_interface/include/user_interface/user_interface/msg/rosidl_typesupport_introspection_c__visibility_control.h
[0.922s] -- Up-to-date symlink: /home/boyfriend51/gong/gong_ws/install/user_interface/include/user_interface/user_interface/srv/detail/add_and_odd__rosidl_typesupport_introspection_c.h
[0.923s] -- Up-to-date symlink: /home/boyfriend51/gong/gong_ws/install/user_interface/include/user_interface/user_interface/msg/detail/user_int__builder.hpp
[0.923s] -- Up-to-date symlink: /home/boyfriend51/gong/gong_ws/install/user_interface/include/user_interface/user_interface/msg/detail/user_int__struct.hpp
[0.924s] -- Up-to-date symlink: /home/boyfriend51/gong/gong_ws/install/user_interface/include/user_interface/user_interface/msg/detail/user_int__traits.hpp
[0.925s] -- Up-to-date symlink: /home/boyfriend51/gong/gong_ws/install/user_interface/include/user_interface/user_interface/msg/detail/user_int__type_support.hpp
[0.926s] -- Up-to-date symlink: /home/boyfriend51/gong/gong_ws/install/user_interface/include/user_interface/user_interface/msg/rosidl_generator_cpp__visibility_control.hpp
[0.926s] -- Up-to-date symlink: /home/boyfriend51/gong/gong_ws/install/user_interface/include/user_interface/user_interface/msg/user_int.hpp
[0.926s] -- Up-to-date symlink: /home/boyfriend51/gong/gong_ws/install/user_interface/include/user_interface/user_interface/srv/add_and_odd.hpp
[0.926s] -- Up-to-date symlink: /home/boyfriend51/gong/gong_ws/install/user_interface/include/user_interface/user_interface/srv/detail/add_and_odd__builder.hpp
[0.927s] -- Up-to-date symlink: /home/boyfriend51/gong/gong_ws/install/user_interface/include/user_interface/user_interface/srv/detail/add_and_odd__struct.hpp
[0.927s] -- Up-to-date symlink: /home/boyfriend51/gong/gong_ws/install/user_interface/include/user_interface/user_interface/srv/detail/add_and_odd__traits.hpp
[0.927s] -- Up-to-date symlink: /home/boyfriend51/gong/gong_ws/install/user_interface/include/user_interface/user_interface/srv/detail/add_and_odd__type_support.hpp
[0.927s] -- Up-to-date symlink: /home/boyfriend51/gong/gong_ws/install/user_interface/include/user_interface/user_interface/msg/detail/user_int__rosidl_typesupport_fastrtps_cpp.hpp
[0.928s] -- Up-to-date symlink: /home/boyfriend51/gong/gong_ws/install/user_interface/include/user_interface/user_interface/msg/rosidl_typesupport_fastrtps_cpp__visibility_control.h
[0.928s] -- Up-to-date symlink: /home/boyfriend51/gong/gong_ws/install/user_interface/include/user_interface/user_interface/srv/detail/add_and_odd__rosidl_typesupport_fastrtps_cpp.hpp
[0.928s] -- Up-to-date symlink: /home/boyfriend51/gong/gong_ws/install/user_interface/include/user_interface/user_interface/msg/detail/user_int__rosidl_typesupport_introspection_cpp.hpp
[0.928s] -- Up-to-date symlink: /home/boyfriend51/gong/gong_ws/install/user_interface/include/user_interface/user_interface/srv/detail/add_and_odd__rosidl_typesupport_introspection_cpp.hpp
[0.929s] -- Up-to-date symlink: /home/boyfriend51/gong/gong_ws/install/user_interface/share/user_interface/environment/pythonpath.sh
[0.929s] -- Up-to-date symlink: /home/boyfriend51/gong/gong_ws/install/user_interface/share/user_interface/environment/pythonpath.dsv
[0.932s] -- Up-to-date symlink: /home/boyfriend51/gong/gong_ws/install/user_interface/lib/python3.12/site-packages/user_interface-0.0.0-py3.12.egg-info/PKG-INFO
[0.932s] -- Up-to-date symlink: /home/boyfriend51/gong/gong_ws/install/user_interface/lib/python3.12/site-packages/user_interface-0.0.0-py3.12.egg-info/SOURCES.txt
[0.933s] -- Up-to-date symlink: /home/boyfriend51/gong/gong_ws/install/user_interface/lib/python3.12/site-packages/user_interface-0.0.0-py3.12.egg-info/dependency_links.txt
[0.933s] -- Up-to-date symlink: /home/boyfriend51/gong/gong_ws/install/user_interface/lib/python3.12/site-packages/user_interface-0.0.0-py3.12.egg-info/top_level.txt
[0.934s] -- Up-to-date symlink: /home/boyfriend51/gong/gong_ws/install/user_interface/lib/python3.12/site-packages/user_interface/__init__.py
[0.935s] -- Up-to-date symlink: /home/boyfriend51/gong/gong_ws/install/user_interface/lib/python3.12/site-packages/user_interface/_user_interface_s.ep.rosidl_typesupport_c.c
[0.935s] -- Up-to-date symlink: /home/boyfriend51/gong/gong_ws/install/user_interface/lib/python3.12/site-packages/user_interface/_user_interface_s.ep.rosidl_typesupport_fastrtps_c.c
[0.936s] -- Up-to-date symlink: /home/boyfriend51/gong/gong_ws/install/user_interface/lib/python3.12/site-packages/user_interface/_user_interface_s.ep.rosidl_typesupport_introspection_c.c
[0.937s] -- Up-to-date symlink: /home/boyfriend51/gong/gong_ws/install/user_interface/lib/python3.12/site-packages/user_interface/msg/__init__.py
[0.937s] -- Up-to-date symlink: /home/boyfriend51/gong/gong_ws/install/user_interface/lib/python3.12/site-packages/user_interface/msg/_user_int.py
[0.937s] -- Up-to-date symlink: /home/boyfriend51/gong/gong_ws/install/user_interface/lib/python3.12/site-packages/user_interface/msg/_user_int_s.c
[0.938s] -- Up-to-date symlink: /home/boyfriend51/gong/gong_ws/install/user_interface/lib/python3.12/site-packages/user_interface/srv/__init__.py
[0.938s] -- Up-to-date symlink: /home/boyfriend51/gong/gong_ws/install/user_interface/lib/python3.12/site-packages/user_interface/srv/_add_and_odd.py
[0.938s] -- Up-to-date symlink: /home/boyfriend51/gong/gong_ws/install/user_interface/lib/python3.12/site-packages/user_interface/srv/_add_and_odd_s.c
[0.939s] -- Up-to-date symlink: /home/boyfriend51/gong/gong_ws/install/user_interface/lib/python3.12/site-packages/user_interface/user_interface_s__rosidl_typesupport_c.so
[0.939s] -- Up-to-date symlink: /home/boyfriend51/gong/gong_ws/install/user_interface/lib/python3.12/site-packages/user_interface/user_interface_s__rosidl_typesupport_fastrtps_c.so
[0.939s] -- Up-to-date symlink: /home/boyfriend51/gong/gong_ws/install/user_interface/lib/python3.12/site-packages/user_interface/user_interface_s__rosidl_typesupport_introspection_c.so
[0.940s] -- Up-to-date symlink: /home/boyfriend51/gong/gong_ws/install/user_interface/lib/python3.12/site-packages/user_interface/user_interface_s__rosidl_typesupport_fastrtps_c.so
[0.940s] -- Up-to-date symlink: /home/boyfriend51/gong/gong_ws/install/user_interface/lib/python3.12/site-packages/user_interface/user_interface_s__rosidl_typesupport_introspection_c.so
[0.940s] -- Up-to-date symlink: /home/boyfriend51/gong/gong_ws/install/user_interface/lib/python3.12/site-packages/user_interface/user_interface_s__rosidl_typesupport_c.so
[0.940s] -- Up-to-date symlink: /home/boyfriend51/gong/gong_ws/install/user_interface/share/ament_index/resource_index/rust_packages/user_interface
[0.941s] -- Up-to-date symlink: /home/boyfriend51/gong/gong_ws/install/user_interface/share/user_interface/rust/Cargo.toml
[0.941s] -- Up-to-date symlink: /home/boyfriend51/gong/gong_ws/install/user_interface/share/user_interface/rust/build.rs
[0.941s] -- Up-to-date symlink: /home/boyfriend51/gong/gong_ws/install/user_interface/share/user_interface/rust/src/lib.rs
[0.941s] -- Up-to-date symlink: /home/boyfriend51/gong/gong_ws/install/user_interface/share/user_interface/rust/src/msg.rs
[0.942s] -- Up-to-date symlink: /home/boyfriend51/gong/gong_ws/install/user_interface/share/user_interface/rust/src/msg/rmw.rs
[0.942s] -- Up-to-date symlink: /home/boyfriend51/gong/gong_ws/install/user_interface/share/user_interface/rust/src/srv.rs
[0.942s] -- Up-to-date symlink: /home/boyfriend51/gong/gong_ws/install/user_interface/share/user_interface/rust/src/srv/rmw.rs
[0.943s] -- Up-to-date symlink: /home/boyfriend51/gong/gong_ws/install/user_interface/share/user_interface/msg/UserInt.idl
[0.943s] -- Up-to-date symlink: /home/boyfriend51/gong/gong_ws/install/user_interface/share/user_interface/srv/AddAndOdd.idl
[0.943s] -- Up-to-date symlink: /home/boyfriend51/gong/gong_ws/install/user_interface/share/user_interface/msg/UserInt.msg
[0.943s] -- Up-to-date symlink: /home/boyfriend51/gong/gong_ws/install/user_interface/share/user_interface/srv/AddAndOdd.srv
[0.944s] -- Up-to-date symlink: /home/boyfriend51/gong/gong_ws/install/user_interface/share/ament_index/resource_index/package_run_dependencies/user_interface
[0.944s] -- Up-to-date symlink: /home/boyfriend51/gong/gong_ws/install/user_interface/share/ament_index/resource_index/parent_prefix_path/user_interface
[0.944s] -- Up-to-date symlink: /home/boyfriend51/gong/gong_ws/install/user_interface/share/user_interface/environment/ament_prefix_path.sh
[0.944s] -- Up-to-date symlink: /home/boyfriend51/gong/gong_ws/install/user_interface/share/user_interface/environment/ament_prefix_path.dsv
[0.945s] -- Up-to-date symlink: /home/boyfriend51/gong/gong_ws/install/user_interface/share/user_interface/environment/path.sh
[0.945s] -- Up-to-date symlink: /home/boyfriend51/gong/gong_ws/install/user_interface/share/user_interface/environment/path.dsv
[0.945s] -- Up-to-date symlink: /home/boyfriend51/gong/gong_ws/install/user_interface/share/user_interface/local_setup.bash
[0.945s] -- Up-to-date symlink: /home/boyfriend51/gong/gong_ws/install/user_interface/share/user_interface/local_setup.sh
[0.946s] -- Up-to-date symlink: /home/boyfriend51/gong/gong_ws/install/user_interface/share/user_interface/local_setup.zsh
[0.947s] -- Up-to-date symlink: /home/boyfriend51/gong/gong_ws/install/user_interface/share/user_interface/local_setup.dsv
[0.948s] -- Symlinking: /home/boyfriend51/gong/gong_ws/install/user_interface/share/user_interface/package.dsv
[0.958s] -- Up-to-date symlink: /home/boyfriend51/gong/gong_ws/install/user_interface/share/ament_index/resource_index/packages/user_interface
[0.959s] -- Up-to-date symlink: /home/boyfriend51/gong/gong_ws/install/user_interface/share/user_interface/cmake/rosidl_cmake-extras.cmake
[0.959s] -- Up-to-date symlink: /home/boyfriend51/gong/gong_ws/install/user_interface/share/user_interface/cmake/ament_cmake_export_dependencies-extras.cmake
[0.959s] -- Up-to-date symlink: /home/boyfriend51/gong/gong_ws/install/user_interface/share/user_interface/cmake/ament_cmake_export_include_directories-extras.cmake
[0.959s] -- Up-to-date symlink: /home/boyfriend51/gong/gong_ws/install/user_interface/share/user_interface/cmake/ament_cmake_export_libraries-extras.cmake
[0.960s] -- Up-to-date symlink: /home/boyfriend51/gong/gong_ws/install/user_interface/share/user_interface/cmake/ament_cmake_export_targets-extras.cmake
[0.960s] -- Up-to-date symlink: /home/boyfriend51/gong/gong_ws/install/user_interface/share/user_interface/cmake/rosidl_cmake_export_typesupport_targets-extras.cmake
[0.960s] -- Up-to-date symlink: /home/boyfriend51/gong/gong_ws/install/user_interface/share/user_interface/cmake/rosidl_cmake_export_typesupport_libraries-extras.cmake
[0.961s] -- Up-to-date symlink: /home/boyfriend51/gong/gong_ws/install/user_interface/share/user_interface/cmake/rosidl_cmake_aggregate_target-extras.cmake
[0.961s] -- Up-to-date symlink: /home/boyfriend51/gong/gong_ws/install/user_interface/share/user_interface/cmake/user_interfaceConfig.cmake
[0.962s] -- Up-to-date symlink: /home/boyfriend51/gong/gong_ws/install/user_interface/share/user_interface/cmake/user_interfaceConfig-version.cmake
[0.962s] -- Up-to-date symlink: /home/boyfriend51/gong/gong_ws/install/user_interface/share/user_interface/package.xml
[0.962s] -- Up-to-date: /home/boyfriend51/gong/gong_ws/install/user_interface/lib/libuser_interface__rosidl_generator_c.so
[0.963s] -- Up-to-date: /home/boyfriend51/gong/gong_ws/install/user_interface/lib/libuser_interface__rosidl_typesupport_fastrtps_c.so
[0.963s] -- Up-to-date: /home/boyfriend51/gong/gong_ws/install/user_interface/lib/libuser_interface__rosidl_typesupport_introspection_c.so
[0.964s] -- Up-to-date: /home/boyfriend51/gong/gong_ws/install/user_interface/lib/libuser_interface__rosidl_typesupport_c.so
[0.965s] -- Up-to-date: /home/boyfriend51/gong/gong_ws/install/user_interface/lib/libuser_interface__rosidl_typesupport_fastrtps_cpp.so
[0.965s] -- Up-to-date: /home/boyfriend51/gong/gong_ws/install/user_interface/lib/libuser_interface__rosidl_typesupport_introspection_cpp.so
[0.966s] -- Up-to-date: /home/boyfriend51/gong/gong_ws/install/user_interface/lib/libuser_interface__rosidl_typesupport_cpp.so
[1.014s] Listing '/home/boyfriend51/gong/gong_ws/install/user_interface/lib/python3.12/site-packages/user_interface'...
[1.014s] Listing '/home/boyfriend51/gong/gong_ws/install/user_interface/lib/python3.12/site-packages/user_interface/msg'...
[1.014s] Listing '/home/boyfriend51/gong/gong_ws/install/user_interface/lib/python3.12/site-packages/user_interface/srv'...
[1.024s] -- Up-to-date: /home/boyfriend51/gong/gong_ws/install/user_interface/lib/libuser_interface__rosidl_generator_py.so
[1.025s] -- Up-to-date: /home/boyfriend51/gong/gong_ws/install/user_interface/share/user_interface/cmake/export_user_interface__rosidl_generator_cExport.cmake
[1.026s] -- Up-to-date: /home/boyfriend51/gong/gong_ws/install/user_interface/share/user_interface/cmake/export_user_interface__rosidl_generator_cExport-noconfig.cmake
[1.026s] -- Up-to-date: /home/boyfriend51/gong/gong_ws/install/user_interface/share/user_interface/cmake/export_user_interface__rosidl_typesupport_fastrtps_cExport.cmake
[1.027s] -- Up-to-date: /home/boyfriend51/gong/gong_ws/install/user_interface/share/user_interface/cmake/export_user_interface__rosidl_typesupport_fastrtps_cExport-noconfig.cmake
[1.027s] -- Up-to-date: /home/boyfriend51/gong/gong_ws/install/user_interface/share/user_interface/cmake/user_interface__rosidl_typesupport_introspection_cExport.cmake
[1.027s] -- Up-to-date: /home/boyfriend51/gong/gong_ws/install/user_interface/share/user_interface/cmake/user_interface__rosidl_typesupport_introspection_cExport-noconfig.cmake
[1.027s] -- Up-to-date: /home/boyfriend51/gong/gong_ws/install/user_interface/share/user_interface/cmake/user_interface__rosidl_typesupport_cExport.cmake
[1.027s] -- Up-to-date: /home/boyfriend51/gong/gong_ws/install/user_interface/share/user_interface/cmake/user_interface__rosidl_typesupport_cExport-noconfig.cmake
[1.028s] -- Up-to-date: /home/boyfriend51/gong/gong_ws/install/user_interface/share/user_interface/cmake/export_user_interface__rosidl_generator_cppExport.cmake
[1.028s] -- Up-to-date: /home/boyfriend51/gong/gong_ws/install/user_interface/share/user_interface/cmake/export_user_interface__rosidl_typesupport_fastrtps_cppExport.cmake
[1.028s] -- Up-to-date: /home/boyfriend51/gong/gong_ws/install/user_interface/share/user_interface/cmake/export_user_interface__rosidl_typesupport_fastrtps_cppExport-noconfig.cmake
[1.028s] -- Up-to-date: /home/boyfriend51/gong/gong_ws/install/user_interface/share/user_interface/cmake/user_interface__rosidl_typesupport_introspection_cppExport.cmake
[1.028s] -- Up-to-date: /home/boyfriend51/gong/gong_ws/install/user_interface/share/user_interface/cmake/user_interface__rosidl_typesupport_introspection_cppExport-noconfig.cmake
[1.028s] -- Up-to-date: /home/boyfriend51/gong/gong_ws/install/user_interface/share/user_interface/cmake/user_interface__rosidl_typesupport_cppExport.cmake
[1.028s] -- Up-to-date: /home/boyfriend51/gong/gong_ws/install/user_interface/share/user_interface/cmake/user_interface__rosidl_typesupport_cppExport-noconfig.cmake
[1.029s] -- Up-to-date: /home/boyfriend51/gong/gong_ws/install/user_interface/share/user_interface/cmake/export_user_interface__rosidl_generator_pyExport.cmake
[1.029s] -- Up-to-date: /home/boyfriend51/gong/gong_ws/install/user_interface/share/user_interface/cmake/export_user_interface__rosidl_generator_pyExport-noconfig.cmake
[1.031s] Invoked command in '/home/boyfriend51/gong/gong_ws/build/user_interface' returned '0': CMAKE_PREFIX_PATH=${CMAKE_PREFIX_PATH}:/home/boyfriend51/gong/gong_ws/install/gong_basic:/opt/ros/jazzy /usr/bin/cmake --install /home/boyfriend51/gong/gong_ws/build/user_interface
