[1.521s] Invoking command in '/home/boyfriend51/gong/gong_ws/build/gong_basic': PYTHONPATH=/home/boyfriend51/gong/gong_ws/build/gong_basic/prefix_override:/usr/lib/python3/dist-packages/colcon_core/task/python/colcon_distutils_commands:/home/boyfriend51/gong/gong_ws/install/gong_basic/lib/python3.12/site-packages:${PYTHONPATH} /usr/bin/python3 -W ignore:setup.py install is deprecated -W ignore:easy_install command is deprecated setup.py develop --editable --build-directory /home/boyfriend51/gong/gong_ws/build/gong_basic/build --no-deps symlink_data
[1.970s] running develop
[2.266s] running egg_info
[2.294s] writing gong_basic.egg-info/PKG-INFO
[2.295s] writing dependency_links to gong_basic.egg-info/dependency_links.txt
[2.295s] writing entry points to gong_basic.egg-info/entry_points.txt
[2.296s] writing requirements to gong_basic.egg-info/requires.txt
[2.296s] writing top-level names to gong_basic.egg-info/top_level.txt
[2.358s] reading manifest file 'gong_basic.egg-info/SOURCES.txt'
[2.359s] writing manifest file 'gong_basic.egg-info/SOURCES.txt'
[2.394s] running build_ext
[2.395s] Creating /home/boyfriend51/gong/gong_ws/install/gong_basic/lib/python3.12/site-packages/gong-basic.egg-link (link to .)
[2.396s] Installing class_pub script to /home/boyfriend51/gong/gong_ws/install/gong_basic/lib/gong_basic
[2.396s] Installing class_sub script to /home/boyfriend51/gong/gong_ws/install/gong_basic/lib/gong_basic
[2.396s] Installing header_pub script to /home/boyfriend51/gong/gong_ws/install/gong_basic/lib/gong_basic
[2.397s] Installing m1_sub script to /home/boyfriend51/gong/gong_ws/install/gong_basic/lib/gong_basic
[2.397s] Installing m2_sub script to /home/boyfriend51/gong/gong_ws/install/gong_basic/lib/gong_basic
[2.397s] Installing mpub script to /home/boyfriend51/gong/gong_ws/install/gong_basic/lib/gong_basic
[2.397s] Installing mt_sub script to /home/boyfriend51/gong/gong_ws/install/gong_basic/lib/gong_basic
[2.398s] Installing mv_turtle script to /home/boyfriend51/gong/gong_ws/install/gong_basic/lib/gong_basic
[2.398s] Installing qos_test_pub script to /home/boyfriend51/gong/gong_ws/install/gong_basic/lib/gong_basic
[2.398s] Installing qos_test_sub script to /home/boyfriend51/gong/gong_ws/install/gong_basic/lib/gong_basic
[2.399s] Installing service_server script to /home/boyfriend51/gong/gong_ws/install/gong_basic/lib/gong_basic
[2.399s] Installing simple_pub script to /home/boyfriend51/gong/gong_ws/install/gong_basic/lib/gong_basic
[2.399s] Installing tpub script to /home/boyfriend51/gong/gong_ws/install/gong_basic/lib/gong_basic
[2.400s] Installing user_int_pub script to /home/boyfriend51/gong/gong_ws/install/gong_basic/lib/gong_basic
[2.400s] Installing user_int_sub script to /home/boyfriend51/gong/gong_ws/install/gong_basic/lib/gong_basic
[2.401s] 
[2.401s] Installed /home/boyfriend51/gong/gong_ws/build/gong_basic
[2.401s] running symlink_data
[2.451s] Invoked command in '/home/boyfriend51/gong/gong_ws/build/gong_basic' returned '0': PYTHONPATH=/home/boyfriend51/gong/gong_ws/build/gong_basic/prefix_override:/usr/lib/python3/dist-packages/colcon_core/task/python/colcon_distutils_commands:/home/boyfriend51/gong/gong_ws/install/gong_basic/lib/python3.12/site-packages:${PYTHONPATH} /usr/bin/python3 -W ignore:setup.py install is deprecated -W ignore:easy_install command is deprecated setup.py develop --editable --build-directory /home/boyfriend51/gong/gong_ws/build/gong_basic/build --no-deps symlink_data
