[0.298s] Invoking command in '/home/boyfriend51/gong/gong_ws/build/user_interface': CMAKE_PREFIX_PATH=${CMAKE_PREFIX_PATH}:/home/boyfriend51/gong/gong_ws/install/gong_basic:/opt/ros/jazzy /usr/bin/cmake --build /home/boyfriend51/gong/gong_ws/build/user_interface -- -j8 -l8
[0.338s] -- Found ament_cmake: 2.5.6 (/opt/ros/jazzy/share/ament_cmake/cmake)
[0.475s] -- Override CMake install command with custom implementation using symlinks instead of copying resources
[0.483s] -- Found rosidl_default_generators: 1.6.1 (/opt/ros/jazzy/share/rosidl_default_generators/cmake)
[0.486s] -- Using all available rosidl_typesupport_c: rosidl_typesupport_fastrtps_c;rosidl_typesupport_introspection_c
[0.820s] -- Using all available rosidl_typesupport_cpp: rosidl_typesupport_fastrtps_cpp;rosidl_typesupport_introspection_cpp
[0.869s] -- Found rosidl_adapter: 4.6.9 (/opt/ros/jazzy/share/rosidl_adapter/cmake)
[0.872s] -- Found std_msgs: 5.3.8 (/opt/ros/jazzy/share/std_msgs/cmake)
[1.131s] [31mCMake Error at /opt/ros/jazzy/share/rosidl_adapter/cmake/rosidl_adapt_interfaces.cmake:57 (message):
[1.131s]   execute_process(/usr/bin/python3 -m rosidl_adapter --package-name
[1.131s]   user_interface --arguments-file
[1.131s]   /home/boyfriend51/gong/gong_ws/build/user_interface/rosidl_adapter__arguments__user_interface.json
[1.132s]   --output-dir
[1.132s]   /home/boyfriend51/gong/gong_ws/build/user_interface/rosidl_adapter/user_interface
[1.132s]   --output-file
[1.132s]   /home/boyfriend51/gong/gong_ws/build/user_interface/rosidl_adapter/user_interface.idls)
[1.132s]   returned error code 1:
[1.132s] 
[1.132s]   Error processing 'std_msgs/msg/Header header' of 'user_interface/UserInt':
[1.133s]   'std_msgs/msg/Header'
[1.133s] 
[1.133s]   Traceback (most recent call last):
[1.133s] 
[1.133s]     File "<frozen runpy>", line 198, in _run_module_as_main
[1.133s]     File "<frozen runpy>", line 88, in _run_code
[1.134s]     File "/opt/ros/jazzy/lib/python3.12/site-packages/rosidl_adapter/__main__.py", line 19, in <module>
[1.134s]       sys.exit(main())
[1.134s]                ^^^^^^
[1.134s]     File "/opt/ros/jazzy/lib/python3.12/site-packages/rosidl_adapter/main.py", line 53, in main
[1.134s]       abs_idl_file = convert_to_idl(
[1.134s]                      ^^^^^^^^^^^^^^^
[1.134s]     File "/opt/ros/jazzy/lib/python3.12/site-packages/rosidl_adapter/__init__.py", line 19, in convert_to_idl
[1.134s]       return convert_msg_to_idl(
[1.135s]              ^^^^^^^^^^^^^^^^^^^
[1.135s]     File "/opt/ros/jazzy/lib/python3.12/site-packages/rosidl_adapter/msg/__init__.py", line 28, in convert_msg_to_idl
[1.135s]       msg = parse_message_string(package_name, input_file.stem, content)
[1.135s]             ^^^^^^^^^^^^^^^^^^^^^^^^^^^^^^^^^^^^^^^^^^^^^^^^^^^^^^^^^^^^
[1.136s]     File "/opt/ros/jazzy/lib/python3.12/site-packages/rosidl_adapter/parser.py", line 521, in parse_message_string
[1.136s]       Type(type_string, context_package_name=pkg_name),
[1.136s]       ^^^^^^^^^^^^^^^^^^^^^^^^^^^^^^^^^^^^^^^^^^^^^^^^
[1.136s]     File "/opt/ros/jazzy/lib/python3.12/site-packages/rosidl_adapter/parser.py", line 278, in __init__
[1.136s]       super(Type, self).__init__(
[1.136s]     File "/opt/ros/jazzy/lib/python3.12/site-packages/rosidl_adapter/parser.py", line 191, in __init__
[1.136s]       raise InvalidResourceName(type_string)
[1.136s] 
[1.136s]   rosidl_adapter.parser.InvalidResourceName: std_msgs/msg/Header
[1.136s] 
[1.137s] Call Stack (most recent call first):
[1.137s]   /opt/ros/jazzy/share/rosidl_cmake/cmake/rosidl_generate_interfaces.cmake:132 (rosidl_adapt_interfaces)
[1.137s]   CMakeLists.txt:13 (rosidl_generate_interfaces)
[1.137s] 
[1.137s] [0m
[1.137s] -- Configuring incomplete, errors occurred!
[1.142s] gmake: *** [Makefile:1099: cmake_check_build_system] Error 1
[1.145s] Invoked command in '/home/boyfriend51/gong/gong_ws/build/user_interface' returned '2': CMAKE_PREFIX_PATH=${CMAKE_PREFIX_PATH}:/home/boyfriend51/gong/gong_ws/install/gong_basic:/opt/ros/jazzy /usr/bin/cmake --build /home/boyfriend51/gong/gong_ws/build/user_interface -- -j8 -l8
