[0.318s] DEBUG:colcon:Command line arguments: ['/usr/bin/colcon', 'build', '--symlink-install']
[0.318s] DEBUG:colcon:Parsed command line arguments: Namespace(log_base=None, log_level=None, verb_name='build', build_base='build', install_base='install', merge_install=False, symlink_install=True, test_result_base=None, continue_on_error=False, executor='parallel', parallel_workers=8, event_handlers=None, ignore_user_meta=False, metas=['./colcon.meta'], base_paths=['.'], packages_ignore=None, packages_ignore_regex=None, paths=None, packages_up_to=None, packages_up_to_regex=None, packages_above=None, packages_above_and_dependencies=None, packages_above_depth=None, packages_select_by_dep=None, packages_skip_by_dep=None, packages_skip_up_to=None, packages_select_build_failed=False, packages_skip_build_finished=False, packages_select_test_failures=False, packages_skip_test_passed=False, packages_select=None, packages_skip=None, packages_select_regex=None, packages_skip_regex=None, packages_start=None, packages_end=None, allow_overriding=[], cmake_args=None, cmake_target=None, cmake_target_skip_unavailable=False, cmake_clean_cache=False, cmake_clean_first=False, cmake_force_configure=False, ament_cmake_args=None, catkin_cmake_args=None, catkin_skip_building_tests=False, mixin_files=None, mixin=None, verb_parser=<colcon_mixin.mixin.mixin_argument.MixinArgumentDecorator object at 0x70c7aff71c70>, verb_extension=<colcon_core.verb.build.BuildVerb object at 0x70c7b00ef6b0>, main=<bound method BuildVerb.main of <colcon_core.verb.build.BuildVerb object at 0x70c7b00ef6b0>>, mixin_verb=('build',))
[0.384s] Level 1:colcon.colcon_core.package_discovery:discover_packages(colcon_meta) check parameters
[0.384s] Level 1:colcon.colcon_core.package_discovery:discover_packages(recursive) check parameters
[0.384s] Level 1:colcon.colcon_core.package_discovery:discover_packages(ignore) check parameters
[0.384s] Level 1:colcon.colcon_core.package_discovery:discover_packages(path) check parameters
[0.384s] Level 1:colcon.colcon_core.package_discovery:discover_packages(colcon_meta) discover
[0.385s] Level 1:colcon.colcon_core.package_discovery:discover_packages(recursive) discover
[0.385s] INFO:colcon.colcon_core.package_discovery:Crawling recursively for packages in '/home/boyfriend51/gong/gong_ws'
[0.385s] Level 1:colcon.colcon_core.package_identification:_identify(.) by extensions ['ignore', 'ignore_ament_install']
[0.385s] Level 1:colcon.colcon_core.package_identification:_identify(.) by extension 'ignore'
[0.385s] Level 1:colcon.colcon_core.package_identification:_identify(.) by extension 'ignore_ament_install'
[0.385s] Level 1:colcon.colcon_core.package_identification:_identify(.) by extensions ['colcon_pkg']
[0.385s] Level 1:colcon.colcon_core.package_identification:_identify(.) by extension 'colcon_pkg'
[0.385s] Level 1:colcon.colcon_core.package_identification:_identify(.) by extensions ['colcon_meta']
[0.385s] Level 1:colcon.colcon_core.package_identification:_identify(.) by extension 'colcon_meta'
[0.385s] Level 1:colcon.colcon_core.package_identification:_identify(.) by extensions ['ros']
[0.385s] Level 1:colcon.colcon_core.package_identification:_identify(.) by extension 'ros'
[0.421s] Level 1:colcon.colcon_core.package_identification:_identify(.) by extensions ['cmake', 'python']
[0.421s] Level 1:colcon.colcon_core.package_identification:_identify(.) by extension 'cmake'
[0.421s] Level 1:colcon.colcon_core.package_identification:_identify(.) by extension 'python'
[0.421s] Level 1:colcon.colcon_core.package_identification:_identify(.) by extensions ['python_setup_py']
[0.421s] Level 1:colcon.colcon_core.package_identification:_identify(.) by extension 'python_setup_py'
[0.421s] Level 1:colcon.colcon_core.package_identification:_identify(build) by extensions ['ignore', 'ignore_ament_install']
[0.422s] Level 1:colcon.colcon_core.package_identification:_identify(build) by extension 'ignore'
[0.422s] Level 1:colcon.colcon_core.package_identification:_identify(build) ignored
[0.422s] Level 1:colcon.colcon_core.package_identification:_identify(install) by extensions ['ignore', 'ignore_ament_install']
[0.422s] Level 1:colcon.colcon_core.package_identification:_identify(install) by extension 'ignore'
[0.422s] Level 1:colcon.colcon_core.package_identification:_identify(install) ignored
[0.422s] Level 1:colcon.colcon_core.package_identification:_identify(log) by extensions ['ignore', 'ignore_ament_install']
[0.423s] Level 1:colcon.colcon_core.package_identification:_identify(log) by extension 'ignore'
[0.423s] Level 1:colcon.colcon_core.package_identification:_identify(log) ignored
[0.423s] Level 1:colcon.colcon_core.package_identification:_identify(src) by extensions ['ignore', 'ignore_ament_install']
[0.423s] Level 1:colcon.colcon_core.package_identification:_identify(src) by extension 'ignore'
[0.423s] Level 1:colcon.colcon_core.package_identification:_identify(src) by extension 'ignore_ament_install'
[0.423s] Level 1:colcon.colcon_core.package_identification:_identify(src) by extensions ['colcon_pkg']
[0.423s] Level 1:colcon.colcon_core.package_identification:_identify(src) by extension 'colcon_pkg'
[0.423s] Level 1:colcon.colcon_core.package_identification:_identify(src) by extensions ['colcon_meta']
[0.423s] Level 1:colcon.colcon_core.package_identification:_identify(src) by extension 'colcon_meta'
[0.423s] Level 1:colcon.colcon_core.package_identification:_identify(src) by extensions ['ros']
[0.423s] Level 1:colcon.colcon_core.package_identification:_identify(src) by extension 'ros'
[0.423s] Level 1:colcon.colcon_core.package_identification:_identify(src) by extensions ['cmake', 'python']
[0.424s] Level 1:colcon.colcon_core.package_identification:_identify(src) by extension 'cmake'
[0.424s] Level 1:colcon.colcon_core.package_identification:_identify(src) by extension 'python'
[0.424s] Level 1:colcon.colcon_core.package_identification:_identify(src) by extensions ['python_setup_py']
[0.424s] Level 1:colcon.colcon_core.package_identification:_identify(src) by extension 'python_setup_py'
[0.424s] Level 1:colcon.colcon_core.package_identification:_identify(src/gong_basic) by extensions ['ignore', 'ignore_ament_install']
[0.424s] Level 1:colcon.colcon_core.package_identification:_identify(src/gong_basic) by extension 'ignore'
[0.424s] Level 1:colcon.colcon_core.package_identification:_identify(src/gong_basic) by extension 'ignore_ament_install'
[0.424s] Level 1:colcon.colcon_core.package_identification:_identify(src/gong_basic) by extensions ['colcon_pkg']
[0.424s] Level 1:colcon.colcon_core.package_identification:_identify(src/gong_basic) by extension 'colcon_pkg'
[0.424s] Level 1:colcon.colcon_core.package_identification:_identify(src/gong_basic) by extensions ['colcon_meta']
[0.424s] Level 1:colcon.colcon_core.package_identification:_identify(src/gong_basic) by extension 'colcon_meta'
[0.424s] Level 1:colcon.colcon_core.package_identification:_identify(src/gong_basic) by extensions ['ros']
[0.424s] Level 1:colcon.colcon_core.package_identification:_identify(src/gong_basic) by extension 'ros'
[0.427s] DEBUG:colcon.colcon_core.package_identification:Package 'src/gong_basic' with type 'ros.ament_python' and name 'gong_basic'
[0.427s] Level 1:colcon.colcon_core.package_discovery:discover_packages(recursive) using defaults
[0.427s] Level 1:colcon.colcon_core.package_discovery:discover_packages(ignore) discover
[0.428s] Level 1:colcon.colcon_core.package_discovery:discover_packages(ignore) using defaults
[0.428s] Level 1:colcon.colcon_core.package_discovery:discover_packages(path) discover
[0.428s] Level 1:colcon.colcon_core.package_discovery:discover_packages(path) using defaults
[0.451s] Level 1:colcon.colcon_core.package_discovery:discover_packages(prefix_path) check parameters
[0.451s] Level 1:colcon.colcon_core.package_discovery:discover_packages(prefix_path) discover
[0.453s] DEBUG:colcon.colcon_installed_package_information.package_discovery:Found 1 installed packages in /home/boyfriend51/gong/gong_ws/install
[0.455s] DEBUG:colcon.colcon_installed_package_information.package_discovery:Found 287 installed packages in /opt/ros/jazzy
[0.456s] Level 1:colcon.colcon_core.package_discovery:discover_packages(prefix_path) using defaults
[0.510s] Level 5:colcon.colcon_core.verb:set package 'gong_basic' build argument 'cmake_args' from command line to 'None'
[0.510s] Level 5:colcon.colcon_core.verb:set package 'gong_basic' build argument 'cmake_target' from command line to 'None'
[0.510s] Level 5:colcon.colcon_core.verb:set package 'gong_basic' build argument 'cmake_target_skip_unavailable' from command line to 'False'
[0.511s] Level 5:colcon.colcon_core.verb:set package 'gong_basic' build argument 'cmake_clean_cache' from command line to 'False'
[0.511s] Level 5:colcon.colcon_core.verb:set package 'gong_basic' build argument 'cmake_clean_first' from command line to 'False'
[0.511s] Level 5:colcon.colcon_core.verb:set package 'gong_basic' build argument 'cmake_force_configure' from command line to 'False'
[0.511s] Level 5:colcon.colcon_core.verb:set package 'gong_basic' build argument 'ament_cmake_args' from command line to 'None'
[0.511s] Level 5:colcon.colcon_core.verb:set package 'gong_basic' build argument 'catkin_cmake_args' from command line to 'None'
[0.511s] Level 5:colcon.colcon_core.verb:set package 'gong_basic' build argument 'catkin_skip_building_tests' from command line to 'False'
[0.511s] DEBUG:colcon.colcon_core.verb:Building package 'gong_basic' with the following arguments: {'ament_cmake_args': None, 'build_base': '/home/boyfriend51/gong/gong_ws/build/gong_basic', 'catkin_cmake_args': None, 'catkin_skip_building_tests': False, 'cmake_args': None, 'cmake_clean_cache': False, 'cmake_clean_first': False, 'cmake_force_configure': False, 'cmake_target': None, 'cmake_target_skip_unavailable': False, 'install_base': '/home/boyfriend51/gong/gong_ws/install/gong_basic', 'merge_install': False, 'path': '/home/boyfriend51/gong/gong_ws/src/gong_basic', 'symlink_install': True, 'test_result_base': None}
[0.511s] INFO:colcon.colcon_core.executor:Executing jobs using 'parallel' executor
[0.512s] DEBUG:colcon.colcon_parallel_executor.executor.parallel:run_until_complete
[0.513s] INFO:colcon.colcon_ros.task.ament_python.build:Building ROS package in '/home/boyfriend51/gong/gong_ws/src/gong_basic' with build type 'ament_python'
[0.514s] Level 1:colcon.colcon_core.shell:create_environment_hook('gong_basic', 'ament_prefix_path')
[0.518s] INFO:colcon.colcon_core.plugin_system:Skipping extension 'colcon_core.shell.bat': Not used on non-Windows systems
[0.518s] INFO:colcon.colcon_core.shell:Creating environment hook '/home/boyfriend51/gong/gong_ws/install/gong_basic/share/gong_basic/hook/ament_prefix_path.ps1'
[0.519s] INFO:colcon.colcon_core.shell:Creating environment descriptor '/home/boyfriend51/gong/gong_ws/install/gong_basic/share/gong_basic/hook/ament_prefix_path.dsv'
[0.521s] INFO:colcon.colcon_core.shell:Creating environment hook '/home/boyfriend51/gong/gong_ws/install/gong_basic/share/gong_basic/hook/ament_prefix_path.sh'
[0.522s] INFO:colcon.colcon_core.shell:Skip shell extension 'powershell' for command environment: Not usable outside of PowerShell
[0.523s] DEBUG:colcon.colcon_core.shell:Skip shell extension 'dsv' for command environment
[0.878s] INFO:colcon.colcon_core.task.python.build:Building Python package in '/home/boyfriend51/gong/gong_ws/src/gong_basic'
[0.878s] INFO:colcon.colcon_core.shell:Skip shell extension 'powershell' for command environment: Not usable outside of PowerShell
[0.878s] DEBUG:colcon.colcon_core.shell:Skip shell extension 'dsv' for command environment
[1.798s] DEBUG:colcon.colcon_core.task.python.build:Available setuptools commands: init_catalog, build_py, symlink_data, editable_wheel, bdist, update_catalog, setopt, bdist_rpm, egg_info, install_egg_info, alias, bdist_egg, extract_messages, check, upload, saveopts, easy_install, install, clean, install_data, build_scripts, test, build_clib, sdist, install_headers, install_lib, develop, compile_catalog, upload_docs, build, bdist_dumb, install_scripts, build_ext, rotate, register, dist_info
[2.393s] DEBUG:colcon.colcon_core.task.python.build:Available setuptools 'develop' options: --index-url, --find-links, --help, --zip-ok, --prefix, --record, --always-unzip, --dry-run, --optimize, --egg-path, --no-find-links, --multi-version, --install-layout, --allow-hosts, --upgrade, --version, --user, --quiet, --verbose, --uninstall, --exclude-scripts, --script-dir, --local-snapshots-ok, --no-deps, --build-directory, --install-dir, --site-dirs, --no-user-cfg, --editable, --force-installation-into-system-dir, --always-copy
[2.394s] DEBUG:colcon.colcon_core.task.python.build:While undoing a previous installation files outside the Python library path are being ignored: /home/boyfriend51/gong/gong_ws/install/gong_basic/share/ament_index/resource_index/packages/gong_basic
[2.394s] DEBUG:colcon.colcon_core.task.python.build:While undoing a previous installation files outside the Python library path are being ignored: /home/boyfriend51/gong/gong_ws/install/gong_basic/share/gong_basic/package.xml
[2.394s] DEBUG:colcon.colcon_core.task.python.build:While undoing a previous installation files outside the Python library path are being ignored: /home/boyfriend51/gong/gong_ws/install/gong_basic/share/gong_basic/launch/hello.launch.py
[2.394s] DEBUG:colcon.colcon_core.task.python.build:While undoing a previous installation files outside the Python library path are being ignored: /home/boyfriend51/gong/gong_ws/install/gong_basic/lib/gong_basic/class_pub
[2.395s] DEBUG:colcon.colcon_core.task.python.build:While undoing a previous installation files outside the Python library path are being ignored: /home/boyfriend51/gong/gong_ws/install/gong_basic/lib/gong_basic/class_sub
[2.395s] DEBUG:colcon.colcon_core.task.python.build:While undoing a previous installation files outside the Python library path are being ignored: /home/boyfriend51/gong/gong_ws/install/gong_basic/lib/gong_basic/header_pub
[2.395s] DEBUG:colcon.colcon_core.task.python.build:While undoing a previous installation files outside the Python library path are being ignored: /home/boyfriend51/gong/gong_ws/install/gong_basic/lib/gong_basic/m1sub
[2.395s] DEBUG:colcon.colcon_core.task.python.build:While undoing a previous installation files outside the Python library path are being ignored: /home/boyfriend51/gong/gong_ws/install/gong_basic/lib/gong_basic/m2sub
[2.395s] DEBUG:colcon.colcon_core.task.python.build:While undoing a previous installation files outside the Python library path are being ignored: /home/boyfriend51/gong/gong_ws/install/gong_basic/lib/gong_basic/mpub
[2.395s] DEBUG:colcon.colcon_core.task.python.build:While undoing a previous installation files outside the Python library path are being ignored: /home/boyfriend51/gong/gong_ws/install/gong_basic/lib/gong_basic/mt_sub
[2.395s] DEBUG:colcon.colcon_core.task.python.build:While undoing a previous installation files outside the Python library path are being ignored: /home/boyfriend51/gong/gong_ws/install/gong_basic/lib/gong_basic/simple_pub
[2.395s] DEBUG:colcon.colcon_core.task.python.build:While undoing a previous installation files outside the Python library path are being ignored: /home/boyfriend51/gong/gong_ws/install/gong_basic/lib/gong_basic/tpub
[2.402s] DEBUG:colcon.colcon_core.event_handler.log_command:Invoking command in '/home/boyfriend51/gong/gong_ws/build/gong_basic': PYTHONPATH=/home/boyfriend51/gong/gong_ws/build/gong_basic/prefix_override:/usr/lib/python3/dist-packages/colcon_core/task/python/colcon_distutils_commands:/home/boyfriend51/gong/gong_ws/install/gong_basic/lib/python3.12/site-packages:${PYTHONPATH} /usr/bin/python3 -W ignore:setup.py install is deprecated -W ignore:easy_install command is deprecated setup.py develop --editable --build-directory /home/boyfriend51/gong/gong_ws/build/gong_basic/build --no-deps symlink_data --force
[3.374s] Level 1:colcon.colcon_core.shell:create_environment_hook('gong_basic', 'pythonpath_develop')
[3.374s] INFO:colcon.colcon_core.shell:Creating environment hook '/home/boyfriend51/gong/gong_ws/build/gong_basic/share/gong_basic/hook/pythonpath_develop.ps1'
[3.375s] DEBUG:colcon.colcon_core.event_handler.log_command:Invoked command in '/home/boyfriend51/gong/gong_ws/build/gong_basic' returned '0': PYTHONPATH=/home/boyfriend51/gong/gong_ws/build/gong_basic/prefix_override:/usr/lib/python3/dist-packages/colcon_core/task/python/colcon_distutils_commands:/home/boyfriend51/gong/gong_ws/install/gong_basic/lib/python3.12/site-packages:${PYTHONPATH} /usr/bin/python3 -W ignore:setup.py install is deprecated -W ignore:easy_install command is deprecated setup.py develop --editable --build-directory /home/boyfriend51/gong/gong_ws/build/gong_basic/build --no-deps symlink_data --force
[3.376s] INFO:colcon.colcon_core.shell:Creating environment descriptor '/home/boyfriend51/gong/gong_ws/build/gong_basic/share/gong_basic/hook/pythonpath_develop.dsv'
[3.376s] INFO:colcon.colcon_core.shell:Creating environment hook '/home/boyfriend51/gong/gong_ws/build/gong_basic/share/gong_basic/hook/pythonpath_develop.sh'
[3.379s] Level 1:colcon.colcon_core.environment:checking '/home/boyfriend51/gong/gong_ws/install/gong_basic' for CMake module files
[3.379s] Level 1:colcon.colcon_core.environment:checking '/home/boyfriend51/gong/gong_ws/install/gong_basic' for CMake config files
[3.380s] Level 1:colcon.colcon_core.environment:checking '/home/boyfriend51/gong/gong_ws/install/gong_basic/lib'
[3.381s] Level 1:colcon.colcon_core.environment:checking '/home/boyfriend51/gong/gong_ws/install/gong_basic/bin'
[3.381s] Level 1:colcon.colcon_core.environment:checking '/home/boyfriend51/gong/gong_ws/install/gong_basic/lib/pkgconfig/gong_basic.pc'
[3.381s] Level 1:colcon.colcon_core.environment:checking '/home/boyfriend51/gong/gong_ws/install/gong_basic/lib/python3.12/site-packages'
[3.381s] Level 1:colcon.colcon_core.shell:create_environment_hook('gong_basic', 'pythonpath')
[3.381s] INFO:colcon.colcon_core.shell:Creating environment hook '/home/boyfriend51/gong/gong_ws/install/gong_basic/share/gong_basic/hook/pythonpath.ps1'
[3.382s] INFO:colcon.colcon_core.shell:Creating environment descriptor '/home/boyfriend51/gong/gong_ws/install/gong_basic/share/gong_basic/hook/pythonpath.dsv'
[3.383s] INFO:colcon.colcon_core.shell:Creating environment hook '/home/boyfriend51/gong/gong_ws/install/gong_basic/share/gong_basic/hook/pythonpath.sh'
[3.384s] Level 1:colcon.colcon_core.environment:checking '/home/boyfriend51/gong/gong_ws/install/gong_basic/bin'
[3.384s] Level 1:colcon.colcon_core.environment:create_environment_scripts_only(gong_basic)
[3.384s] INFO:colcon.colcon_core.shell:Creating package script '/home/boyfriend51/gong/gong_ws/install/gong_basic/share/gong_basic/package.ps1'
[3.385s] INFO:colcon.colcon_core.shell:Creating package descriptor '/home/boyfriend51/gong/gong_ws/install/gong_basic/share/gong_basic/package.dsv'
[3.386s] INFO:colcon.colcon_core.shell:Creating package script '/home/boyfriend51/gong/gong_ws/install/gong_basic/share/gong_basic/package.sh'
[3.387s] INFO:colcon.colcon_core.shell:Creating package script '/home/boyfriend51/gong/gong_ws/install/gong_basic/share/gong_basic/package.bash'
[3.388s] INFO:colcon.colcon_core.shell:Creating package script '/home/boyfriend51/gong/gong_ws/install/gong_basic/share/gong_basic/package.zsh'
[3.389s] Level 1:colcon.colcon_core.environment:create_file_with_runtime_dependencies(/home/boyfriend51/gong/gong_ws/install/gong_basic/share/colcon-core/packages/gong_basic)
[3.389s] DEBUG:colcon.colcon_parallel_executor.executor.parallel:closing loop
[3.390s] DEBUG:colcon.colcon_parallel_executor.executor.parallel:loop closed
[3.391s] DEBUG:colcon.colcon_parallel_executor.executor.parallel:run_until_complete finished with '0'
[3.391s] DEBUG:colcon.colcon_core.event_reactor:joining thread
[3.462s] INFO:colcon.colcon_core.plugin_system:Skipping extension 'colcon_notification.desktop_notification.notify_send': Could not find 'notify-send'
[3.463s] INFO:colcon.colcon_core.plugin_system:Skipping extension 'colcon_notification.desktop_notification.terminal_notifier': Not used on non-Darwin systems
[3.463s] INFO:colcon.colcon_core.plugin_system:Skipping extension 'colcon_notification.desktop_notification.win32': Not used on non-Windows systems
[3.463s] INFO:colcon.colcon_notification.desktop_notification:Sending desktop notification using 'notify2'
[3.466s] DEBUG:colcon.colcon_notification.desktop_notification.notify2:Failed to initialize notify2: org.freedesktop.DBus.Error.ServiceUnknown: The name org.freedesktop.Notifications was not provided by any .service files
[3.466s] DEBUG:colcon.colcon_core.event_reactor:joined thread
[3.466s] INFO:colcon.colcon_core.shell:Creating prefix script '/home/boyfriend51/gong/gong_ws/install/local_setup.ps1'
[3.468s] INFO:colcon.colcon_core.shell:Creating prefix util module '/home/boyfriend51/gong/gong_ws/install/_local_setup_util_ps1.py'
[3.470s] INFO:colcon.colcon_core.shell:Creating prefix chain script '/home/boyfriend51/gong/gong_ws/install/setup.ps1'
[3.471s] INFO:colcon.colcon_core.shell:Creating prefix script '/home/boyfriend51/gong/gong_ws/install/local_setup.sh'
[3.472s] INFO:colcon.colcon_core.shell:Creating prefix util module '/home/boyfriend51/gong/gong_ws/install/_local_setup_util_sh.py'
[3.473s] INFO:colcon.colcon_core.shell:Creating prefix chain script '/home/boyfriend51/gong/gong_ws/install/setup.sh'
[3.474s] INFO:colcon.colcon_core.shell:Creating prefix script '/home/boyfriend51/gong/gong_ws/install/local_setup.bash'
[3.475s] INFO:colcon.colcon_core.shell:Creating prefix chain script '/home/boyfriend51/gong/gong_ws/install/setup.bash'
[3.476s] INFO:colcon.colcon_core.shell:Creating prefix script '/home/boyfriend51/gong/gong_ws/install/local_setup.zsh'
[3.477s] INFO:colcon.colcon_core.shell:Creating prefix chain script '/home/boyfriend51/gong/gong_ws/install/setup.zsh'
