[1.709s] Invoking command in '/home/boyfriend51/gong/gong_ws/build/gong_basic': PYTHONPATH=/home/boyfriend51/gong/gong_ws/build/gong_basic/prefix_override:/usr/lib/python3/dist-packages/colcon_core/task/python/colcon_distutils_commands:/home/boyfriend51/gong/gong_ws/install/gong_basic/lib/python3.12/site-packages:${PYTHONPATH} /usr/bin/python3 -W ignore:setup.py install is deprecated -W ignore:easy_install command is deprecated setup.py develop --editable --build-directory /home/boyfriend51/gong/gong_ws/build/gong_basic/build --no-deps symlink_data
[2.166s] running develop
[2.387s] running egg_info
[2.406s] writing gong_basic.egg-info/PKG-INFO
[2.406s] writing dependency_links to gong_basic.egg-info/dependency_links.txt
[2.406s] writing entry points to gong_basic.egg-info/entry_points.txt
[2.407s] writing requirements to gong_basic.egg-info/requires.txt
[2.407s] writing top-level names to gong_basic.egg-info/top_level.txt
[2.458s] reading manifest file 'gong_basic.egg-info/SOURCES.txt'
[2.459s] writing manifest file 'gong_basic.egg-info/SOURCES.txt'
[2.483s] running build_ext
[2.484s] Creating /home/boyfriend51/gong/gong_ws/install/gong_basic/lib/python3.12/site-packages/gong-basic.egg-link (link to .)
[2.486s] Installing class_pub script to /home/boyfriend51/gong/gong_ws/install/gong_basic/lib/gong_basic
[2.486s] Installing class_sub script to /home/boyfriend51/gong/gong_ws/install/gong_basic/lib/gong_basic
[2.487s] Installing header_pub script to /home/boyfriend51/gong/gong_ws/install/gong_basic/lib/gong_basic
[2.487s] Installing m1_sub script to /home/boyfriend51/gong/gong_ws/install/gong_basic/lib/gong_basic
[2.488s] Installing m2_sub script to /home/boyfriend51/gong/gong_ws/install/gong_basic/lib/gong_basic
[2.488s] Installing mpub script to /home/boyfriend51/gong/gong_ws/install/gong_basic/lib/gong_basic
[2.488s] Installing mt_sub script to /home/boyfriend51/gong/gong_ws/install/gong_basic/lib/gong_basic
[2.489s] Installing mv_turtle script to /home/boyfriend51/gong/gong_ws/install/gong_basic/lib/gong_basic
[2.489s] Installing my_param script to /home/boyfriend51/gong/gong_ws/install/gong_basic/lib/gong_basic
[2.490s] Installing param_async script to /home/boyfriend51/gong/gong_ws/install/gong_basic/lib/gong_basic
[2.490s] Installing qos_test_pub script to /home/boyfriend51/gong/gong_ws/install/gong_basic/lib/gong_basic
[2.490s] Installing qos_test_sub script to /home/boyfriend51/gong/gong_ws/install/gong_basic/lib/gong_basic
[2.490s] Installing service_client script to /home/boyfriend51/gong/gong_ws/install/gong_basic/lib/gong_basic
[2.490s] Installing service_server script to /home/boyfriend51/gong/gong_ws/install/gong_basic/lib/gong_basic
[2.491s] Installing service_thread_server script to /home/boyfriend51/gong/gong_ws/install/gong_basic/lib/gong_basic
[2.491s] Installing simple_pub script to /home/boyfriend51/gong/gong_ws/install/gong_basic/lib/gong_basic
[2.491s] Installing tpub script to /home/boyfriend51/gong/gong_ws/install/gong_basic/lib/gong_basic
[2.492s] Installing user_int_pub script to /home/boyfriend51/gong/gong_ws/install/gong_basic/lib/gong_basic
[2.492s] Installing user_int_sub script to /home/boyfriend51/gong/gong_ws/install/gong_basic/lib/gong_basic
[2.492s] 
[2.492s] Installed /home/boyfriend51/gong/gong_ws/build/gong_basic
[2.493s] running symlink_data
[2.545s] Invoked command in '/home/boyfriend51/gong/gong_ws/build/gong_basic' returned '0': PYTHONPATH=/home/boyfriend51/gong/gong_ws/build/gong_basic/prefix_override:/usr/lib/python3/dist-packages/colcon_core/task/python/colcon_distutils_commands:/home/boyfriend51/gong/gong_ws/install/gong_basic/lib/python3.12/site-packages:${PYTHONPATH} /usr/bin/python3 -W ignore:setup.py install is deprecated -W ignore:easy_install command is deprecated setup.py develop --editable --build-directory /home/boyfriend51/gong/gong_ws/build/gong_basic/build --no-deps symlink_data
