[0.302s] Invoking command in '/home/boyfriend51/gong/gong_ws/build/user_interface': CMAKE_PREFIX_PATH=${CMAKE_PREFIX_PATH}:/home/boyfriend51/gong/gong_ws/install/gong_basic:/opt/ros/jazzy /usr/bin/cmake --build /home/boyfriend51/gong/gong_ws/build/user_interface -- -j8 -l8
[0.379s] [  2%] Built target user_interface__rosidl_generator_type_description
[0.382s] [  4%] Built target user_interface__rs
[0.396s] [  4%] Built target ament_cmake_python_symlink_user_interface
[0.421s] [ 24%] Built target user_interface__rosidl_generator_c
[0.421s] [ 24%] Built target user_interface__cpp
[0.465s] [ 33%] Built target user_interface__rosidl_typesupport_c
[0.468s] [ 42%] Built target user_interface__rosidl_typesupport_introspection_c
[0.473s] [ 51%] Built target user_interface__rosidl_typesupport_fastrtps_cpp
[0.474s] [ 60%] Built target user_interface__rosidl_typesupport_introspection_cpp
[0.478s] [ 68%] Built target user_interface__rosidl_typesupport_fastrtps_c
[0.479s] [ 77%] Built target user_interface__rosidl_typesupport_cpp
[0.507s] [ 77%] Built target user_interface
[0.542s] [ 80%] Built target user_interface__py
[0.581s] [ 86%] Built target user_interface__rosidl_generator_py
[0.628s] [ 95%] Built target user_interface_s__rosidl_typesupport_introspection_c
[0.629s] [ 95%] Built target user_interface_s__rosidl_typesupport_fastrtps_c
[0.634s] [100%] Built target user_interface_s__rosidl_typesupport_c
[0.813s] running egg_info
[0.837s] writing user_interface.egg-info/PKG-INFO
[0.838s] writing dependency_links to user_interface.egg-info/dependency_links.txt
[0.838s] writing top-level names to user_interface.egg-info/top_level.txt
[0.916s] reading manifest file 'user_interface.egg-info/SOURCES.txt'
[0.916s] writing manifest file 'user_interface.egg-info/SOURCES.txt'
[0.966s] [100%] Built target ament_cmake_python_build_user_interface_egg
[0.983s] Invoked command in '/home/boyfriend51/gong/gong_ws/build/user_interface' returned '0': CMAKE_PREFIX_PATH=${CMAKE_PREFIX_PATH}:/home/boyfriend51/gong/gong_ws/install/gong_basic:/opt/ros/jazzy /usr/bin/cmake --build /home/boyfriend51/gong/gong_ws/build/user_interface -- -j8 -l8
[0.997s] Invoking command in '/home/boyfriend51/gong/gong_ws/build/user_interface': CMAKE_PREFIX_PATH=${CMAKE_PREFIX_PATH}:/home/boyfriend51/gong/gong_ws/install/gong_basic:/opt/ros/jazzy /usr/bin/cmake --install /home/boyfriend51/gong/gong_ws/build/user_interface
[1.008s] -- Install configuration: ""
[1.009s] -- Execute custom install script
[1.011s] -- Up-to-date symlink: /home/boyfriend51/gong/gong_ws/install/user_interface/share/ament_index/resource_index/rosidl_interfaces/user_interface
[1.013s] -- Up-to-date symlink: /home/boyfriend51/gong/gong_ws/install/user_interface/share/user_interface/msg/UserInt.json
[1.014s] -- Up-to-date symlink: /home/boyfriend51/gong/gong_ws/install/user_interface/share/user_interface/srv/AddAndOdd.json
[1.015s] -- Up-to-date symlink: /home/boyfriend51/gong/gong_ws/install/user_interface/include/user_interface/user_interface/msg/detail/user_int__functions.h
[1.016s] -- Up-to-date symlink: /home/boyfriend51/gong/gong_ws/install/user_interface/include/user_interface/user_interface/msg/detail/user_int__struct.h
[1.016s] -- Up-to-date symlink: /home/boyfriend51/gong/gong_ws/install/user_interface/include/user_interface/user_interface/msg/detail/user_int__type_support.h
[1.017s] -- Up-to-date symlink: /home/boyfriend51/gong/gong_ws/install/user_interface/include/user_interface/user_interface/msg/rosidl_generator_c__visibility_control.h
[1.017s] -- Up-to-date symlink: /home/boyfriend51/gong/gong_ws/install/user_interface/include/user_interface/user_interface/msg/user_int.h
[1.017s] -- Up-to-date symlink: /home/boyfriend51/gong/gong_ws/install/user_interface/include/user_interface/user_interface/srv/add_and_odd.h
[1.017s] -- Up-to-date symlink: /home/boyfriend51/gong/gong_ws/install/user_interface/include/user_interface/user_interface/srv/detail/add_and_odd__functions.h
[1.018s] -- Up-to-date symlink: /home/boyfriend51/gong/gong_ws/install/user_interface/include/user_interface/user_interface/srv/detail/add_and_odd__struct.h
[1.018s] -- Up-to-date symlink: /home/boyfriend51/gong/gong_ws/install/user_interface/include/user_interface/user_interface/srv/detail/add_and_odd__type_support.h
[1.019s] -- Up-to-date symlink: /home/boyfriend51/gong/gong_ws/install/user_interface/share/user_interface/environment/library_path.sh
[1.019s] -- Up-to-date symlink: /home/boyfriend51/gong/gong_ws/install/user_interface/share/user_interface/environment/library_path.dsv
[1.020s] -- Up-to-date symlink: /home/boyfriend51/gong/gong_ws/install/user_interface/include/user_interface/user_interface/msg/detail/user_int__rosidl_typesupport_fastrtps_c.h
[1.020s] -- Up-to-date symlink: /home/boyfriend51/gong/gong_ws/install/user_interface/include/user_interface/user_interface/msg/rosidl_typesupport_fastrtps_c__visibility_control.h
[1.020s] -- Up-to-date symlink: /home/boyfriend51/gong/gong_ws/install/user_interface/include/user_interface/user_interface/srv/detail/add_and_odd__rosidl_typesupport_fastrtps_c.h
[1.021s] -- Up-to-date symlink: /home/boyfriend51/gong/gong_ws/install/user_interface/include/user_interface/user_interface/msg/detail/user_int__rosidl_typesupport_introspection_c.h
[1.021s] -- Up-to-date symlink: /home/boyfriend51/gong/gong_ws/install/user_interface/include/user_interface/user_interface/msg/rosidl_typesupport_introspection_c__visibility_control.h
[1.021s] -- Up-to-date symlink: /home/boyfriend51/gong/gong_ws/install/user_interface/include/user_interface/user_interface/srv/detail/add_and_odd__rosidl_typesupport_introspection_c.h
[1.022s] -- Up-to-date symlink: /home/boyfriend51/gong/gong_ws/install/user_interface/include/user_interface/user_interface/msg/detail/user_int__builder.hpp
[1.022s] -- Up-to-date symlink: /home/boyfriend51/gong/gong_ws/install/user_interface/include/user_interface/user_interface/msg/detail/user_int__struct.hpp
[1.022s] -- Up-to-date symlink: /home/boyfriend51/gong/gong_ws/install/user_interface/include/user_interface/user_interface/msg/detail/user_int__traits.hpp
[1.023s] -- Up-to-date symlink: /home/boyfriend51/gong/gong_ws/install/user_interface/include/user_interface/user_interface/msg/detail/user_int__type_support.hpp
[1.024s] -- Up-to-date symlink: /home/boyfriend51/gong/gong_ws/install/user_interface/include/user_interface/user_interface/msg/rosidl_generator_cpp__visibility_control.hpp
[1.024s] -- Up-to-date symlink: /home/boyfriend51/gong/gong_ws/install/user_interface/include/user_interface/user_interface/msg/user_int.hpp
[1.026s] -- Up-to-date symlink: /home/boyfriend51/gong/gong_ws/install/user_interface/include/user_interface/user_interface/srv/add_and_odd.hpp
[1.027s] -- Up-to-date symlink: /home/boyfriend51/gong/gong_ws/install/user_interface/include/user_interface/user_interface/srv/detail/add_and_odd__builder.hpp
[1.027s] -- Up-to-date symlink: /home/boyfriend51/gong/gong_ws/install/user_interface/include/user_interface/user_interface/srv/detail/add_and_odd__struct.hpp
[1.027s] -- Up-to-date symlink: /home/boyfriend51/gong/gong_ws/install/user_interface/include/user_interface/user_interface/srv/detail/add_and_odd__traits.hpp
[1.028s] -- Up-to-date symlink: /home/boyfriend51/gong/gong_ws/install/user_interface/include/user_interface/user_interface/srv/detail/add_and_odd__type_support.hpp
[1.029s] -- Up-to-date symlink: /home/boyfriend51/gong/gong_ws/install/user_interface/include/user_interface/user_interface/msg/detail/user_int__rosidl_typesupport_fastrtps_cpp.hpp
[1.029s] -- Up-to-date symlink: /home/boyfriend51/gong/gong_ws/install/user_interface/include/user_interface/user_interface/msg/rosidl_typesupport_fastrtps_cpp__visibility_control.h
[1.029s] -- Up-to-date symlink: /home/boyfriend51/gong/gong_ws/install/user_interface/include/user_interface/user_interface/srv/detail/add_and_odd__rosidl_typesupport_fastrtps_cpp.hpp
[1.029s] -- Up-to-date symlink: /home/boyfriend51/gong/gong_ws/install/user_interface/include/user_interface/user_interface/msg/detail/user_int__rosidl_typesupport_introspection_cpp.hpp
[1.030s] -- Up-to-date symlink: /home/boyfriend51/gong/gong_ws/install/user_interface/include/user_interface/user_interface/srv/detail/add_and_odd__rosidl_typesupport_introspection_cpp.hpp
[1.030s] -- Up-to-date symlink: /home/boyfriend51/gong/gong_ws/install/user_interface/share/user_interface/environment/pythonpath.sh
[1.030s] -- Up-to-date symlink: /home/boyfriend51/gong/gong_ws/install/user_interface/share/user_interface/environment/pythonpath.dsv
[1.031s] -- Up-to-date symlink: /home/boyfriend51/gong/gong_ws/install/user_interface/lib/python3.12/site-packages/user_interface-0.0.0-py3.12.egg-info/PKG-INFO
[1.031s] -- Up-to-date symlink: /home/boyfriend51/gong/gong_ws/install/user_interface/lib/python3.12/site-packages/user_interface-0.0.0-py3.12.egg-info/SOURCES.txt
[1.031s] -- Up-to-date symlink: /home/boyfriend51/gong/gong_ws/install/user_interface/lib/python3.12/site-packages/user_interface-0.0.0-py3.12.egg-info/dependency_links.txt
[1.031s] -- Up-to-date symlink: /home/boyfriend51/gong/gong_ws/install/user_interface/lib/python3.12/site-packages/user_interface-0.0.0-py3.12.egg-info/top_level.txt
[1.032s] -- Up-to-date symlink: /home/boyfriend51/gong/gong_ws/install/user_interface/lib/python3.12/site-packages/user_interface/__init__.py
[1.033s] -- Up-to-date symlink: /home/boyfriend51/gong/gong_ws/install/user_interface/lib/python3.12/site-packages/user_interface/_user_interface_s.ep.rosidl_typesupport_c.c
[1.034s] -- Up-to-date symlink: /home/boyfriend51/gong/gong_ws/install/user_interface/lib/python3.12/site-packages/user_interface/_user_interface_s.ep.rosidl_typesupport_fastrtps_c.c
[1.034s] -- Up-to-date symlink: /home/boyfriend51/gong/gong_ws/install/user_interface/lib/python3.12/site-packages/user_interface/_user_interface_s.ep.rosidl_typesupport_introspection_c.c
[1.034s] -- Up-to-date symlink: /home/boyfriend51/gong/gong_ws/install/user_interface/lib/python3.12/site-packages/user_interface/msg/__init__.py
[1.035s] -- Up-to-date symlink: /home/boyfriend51/gong/gong_ws/install/user_interface/lib/python3.12/site-packages/user_interface/msg/_user_int.py
[1.035s] -- Up-to-date symlink: /home/boyfriend51/gong/gong_ws/install/user_interface/lib/python3.12/site-packages/user_interface/msg/_user_int_s.c
[1.035s] -- Up-to-date symlink: /home/boyfriend51/gong/gong_ws/install/user_interface/lib/python3.12/site-packages/user_interface/srv/__init__.py
[1.035s] -- Up-to-date symlink: /home/boyfriend51/gong/gong_ws/install/user_interface/lib/python3.12/site-packages/user_interface/srv/_add_and_odd.py
[1.036s] -- Up-to-date symlink: /home/boyfriend51/gong/gong_ws/install/user_interface/lib/python3.12/site-packages/user_interface/srv/_add_and_odd_s.c
[1.036s] -- Up-to-date symlink: /home/boyfriend51/gong/gong_ws/install/user_interface/lib/python3.12/site-packages/user_interface/user_interface_s__rosidl_typesupport_c.so
[1.036s] -- Up-to-date symlink: /home/boyfriend51/gong/gong_ws/install/user_interface/lib/python3.12/site-packages/user_interface/user_interface_s__rosidl_typesupport_fastrtps_c.so
[1.037s] -- Up-to-date symlink: /home/boyfriend51/gong/gong_ws/install/user_interface/lib/python3.12/site-packages/user_interface/user_interface_s__rosidl_typesupport_introspection_c.so
[1.037s] -- Up-to-date symlink: /home/boyfriend51/gong/gong_ws/install/user_interface/lib/python3.12/site-packages/user_interface/user_interface_s__rosidl_typesupport_fastrtps_c.so
[1.038s] -- Up-to-date symlink: /home/boyfriend51/gong/gong_ws/install/user_interface/lib/python3.12/site-packages/user_interface/user_interface_s__rosidl_typesupport_introspection_c.so
[1.038s] -- Up-to-date symlink: /home/boyfriend51/gong/gong_ws/install/user_interface/lib/python3.12/site-packages/user_interface/user_interface_s__rosidl_typesupport_c.so
[1.039s] -- Up-to-date symlink: /home/boyfriend51/gong/gong_ws/install/user_interface/share/ament_index/resource_index/rust_packages/user_interface
[1.039s] -- Up-to-date symlink: /home/boyfriend51/gong/gong_ws/install/user_interface/share/user_interface/rust/Cargo.toml
[1.040s] -- Up-to-date symlink: /home/boyfriend51/gong/gong_ws/install/user_interface/share/user_interface/rust/build.rs
[1.040s] -- Up-to-date symlink: /home/boyfriend51/gong/gong_ws/install/user_interface/share/user_interface/rust/src/lib.rs
[1.041s] -- Up-to-date symlink: /home/boyfriend51/gong/gong_ws/install/user_interface/share/user_interface/rust/src/msg.rs
[1.041s] -- Up-to-date symlink: /home/boyfriend51/gong/gong_ws/install/user_interface/share/user_interface/rust/src/msg/rmw.rs
[1.041s] -- Up-to-date symlink: /home/boyfriend51/gong/gong_ws/install/user_interface/share/user_interface/rust/src/srv.rs
[1.041s] -- Up-to-date symlink: /home/boyfriend51/gong/gong_ws/install/user_interface/share/user_interface/rust/src/srv/rmw.rs
[1.041s] -- Up-to-date symlink: /home/boyfriend51/gong/gong_ws/install/user_interface/share/user_interface/msg/UserInt.idl
[1.043s] -- Up-to-date symlink: /home/boyfriend51/gong/gong_ws/install/user_interface/share/user_interface/srv/AddAndOdd.idl
[1.043s] -- Up-to-date symlink: /home/boyfriend51/gong/gong_ws/install/user_interface/share/user_interface/msg/UserInt.msg
[1.044s] -- Up-to-date symlink: /home/boyfriend51/gong/gong_ws/install/user_interface/share/user_interface/srv/AddAndOdd.srv
[1.044s] -- Up-to-date symlink: /home/boyfriend51/gong/gong_ws/install/user_interface/share/ament_index/resource_index/package_run_dependencies/user_interface
[1.045s] -- Up-to-date symlink: /home/boyfriend51/gong/gong_ws/install/user_interface/share/ament_index/resource_index/parent_prefix_path/user_interface
[1.045s] -- Up-to-date symlink: /home/boyfriend51/gong/gong_ws/install/user_interface/share/user_interface/environment/ament_prefix_path.sh
[1.045s] -- Up-to-date symlink: /home/boyfriend51/gong/gong_ws/install/user_interface/share/user_interface/environment/ament_prefix_path.dsv
[1.046s] -- Up-to-date symlink: /home/boyfriend51/gong/gong_ws/install/user_interface/share/user_interface/environment/path.sh
[1.046s] -- Up-to-date symlink: /home/boyfriend51/gong/gong_ws/install/user_interface/share/user_interface/environment/path.dsv
[1.047s] -- Up-to-date symlink: /home/boyfriend51/gong/gong_ws/install/user_interface/share/user_interface/local_setup.bash
[1.047s] -- Up-to-date symlink: /home/boyfriend51/gong/gong_ws/install/user_interface/share/user_interface/local_setup.sh
[1.048s] -- Up-to-date symlink: /home/boyfriend51/gong/gong_ws/install/user_interface/share/user_interface/local_setup.zsh
[1.048s] -- Up-to-date symlink: /home/boyfriend51/gong/gong_ws/install/user_interface/share/user_interface/local_setup.dsv
[1.048s] -- Symlinking: /home/boyfriend51/gong/gong_ws/install/user_interface/share/user_interface/package.dsv
[1.060s] -- Up-to-date symlink: /home/boyfriend51/gong/gong_ws/install/user_interface/share/ament_index/resource_index/packages/user_interface
[1.060s] -- Up-to-date symlink: /home/boyfriend51/gong/gong_ws/install/user_interface/share/user_interface/cmake/rosidl_cmake-extras.cmake
[1.061s] -- Up-to-date symlink: /home/boyfriend51/gong/gong_ws/install/user_interface/share/user_interface/cmake/ament_cmake_export_dependencies-extras.cmake
[1.061s] -- Up-to-date symlink: /home/boyfriend51/gong/gong_ws/install/user_interface/share/user_interface/cmake/ament_cmake_export_include_directories-extras.cmake
[1.062s] -- Up-to-date symlink: /home/boyfriend51/gong/gong_ws/install/user_interface/share/user_interface/cmake/ament_cmake_export_libraries-extras.cmake
[1.062s] -- Up-to-date symlink: /home/boyfriend51/gong/gong_ws/install/user_interface/share/user_interface/cmake/ament_cmake_export_targets-extras.cmake
[1.063s] -- Up-to-date symlink: /home/boyfriend51/gong/gong_ws/install/user_interface/share/user_interface/cmake/rosidl_cmake_export_typesupport_targets-extras.cmake
[1.063s] -- Up-to-date symlink: /home/boyfriend51/gong/gong_ws/install/user_interface/share/user_interface/cmake/rosidl_cmake_export_typesupport_libraries-extras.cmake
[1.063s] -- Up-to-date symlink: /home/boyfriend51/gong/gong_ws/install/user_interface/share/user_interface/cmake/rosidl_cmake_aggregate_target-extras.cmake
[1.064s] -- Up-to-date symlink: /home/boyfriend51/gong/gong_ws/install/user_interface/share/user_interface/cmake/user_interfaceConfig.cmake
[1.064s] -- Up-to-date symlink: /home/boyfriend51/gong/gong_ws/install/user_interface/share/user_interface/cmake/user_interfaceConfig-version.cmake
[1.064s] -- Up-to-date symlink: /home/boyfriend51/gong/gong_ws/install/user_interface/share/user_interface/package.xml
[1.065s] -- Up-to-date: /home/boyfriend51/gong/gong_ws/install/user_interface/lib/libuser_interface__rosidl_generator_c.so
[1.065s] -- Up-to-date: /home/boyfriend51/gong/gong_ws/install/user_interface/lib/libuser_interface__rosidl_typesupport_fastrtps_c.so
[1.066s] -- Up-to-date: /home/boyfriend51/gong/gong_ws/install/user_interface/lib/libuser_interface__rosidl_typesupport_introspection_c.so
[1.067s] -- Up-to-date: /home/boyfriend51/gong/gong_ws/install/user_interface/lib/libuser_interface__rosidl_typesupport_c.so
[1.068s] -- Up-to-date: /home/boyfriend51/gong/gong_ws/install/user_interface/lib/libuser_interface__rosidl_typesupport_fastrtps_cpp.so
[1.068s] -- Up-to-date: /home/boyfriend51/gong/gong_ws/install/user_interface/lib/libuser_interface__rosidl_typesupport_introspection_cpp.so
[1.069s] -- Up-to-date: /home/boyfriend51/gong/gong_ws/install/user_interface/lib/libuser_interface__rosidl_typesupport_cpp.so
[1.121s] Listing '/home/boyfriend51/gong/gong_ws/install/user_interface/lib/python3.12/site-packages/user_interface'...
[1.122s] Listing '/home/boyfriend51/gong/gong_ws/install/user_interface/lib/python3.12/site-packages/user_interface/msg'...
[1.122s] Listing '/home/boyfriend51/gong/gong_ws/install/user_interface/lib/python3.12/site-packages/user_interface/srv'...
[1.128s] -- Up-to-date: /home/boyfriend51/gong/gong_ws/install/user_interface/lib/libuser_interface__rosidl_generator_py.so
[1.129s] -- Up-to-date: /home/boyfriend51/gong/gong_ws/install/user_interface/share/user_interface/cmake/export_user_interface__rosidl_generator_cExport.cmake
[1.129s] -- Up-to-date: /home/boyfriend51/gong/gong_ws/install/user_interface/share/user_interface/cmake/export_user_interface__rosidl_generator_cExport-noconfig.cmake
[1.129s] -- Up-to-date: /home/boyfriend51/gong/gong_ws/install/user_interface/share/user_interface/cmake/export_user_interface__rosidl_typesupport_fastrtps_cExport.cmake
[1.130s] -- Up-to-date: /home/boyfriend51/gong/gong_ws/install/user_interface/share/user_interface/cmake/export_user_interface__rosidl_typesupport_fastrtps_cExport-noconfig.cmake
[1.130s] -- Up-to-date: /home/boyfriend51/gong/gong_ws/install/user_interface/share/user_interface/cmake/user_interface__rosidl_typesupport_introspection_cExport.cmake
[1.131s] -- Up-to-date: /home/boyfriend51/gong/gong_ws/install/user_interface/share/user_interface/cmake/user_interface__rosidl_typesupport_introspection_cExport-noconfig.cmake
[1.131s] -- Up-to-date: /home/boyfriend51/gong/gong_ws/install/user_interface/share/user_interface/cmake/user_interface__rosidl_typesupport_cExport.cmake
[1.131s] -- Up-to-date: /home/boyfriend51/gong/gong_ws/install/user_interface/share/user_interface/cmake/user_interface__rosidl_typesupport_cExport-noconfig.cmake
[1.132s] -- Up-to-date: /home/boyfriend51/gong/gong_ws/install/user_interface/share/user_interface/cmake/export_user_interface__rosidl_generator_cppExport.cmake
[1.132s] -- Up-to-date: /home/boyfriend51/gong/gong_ws/install/user_interface/share/user_interface/cmake/export_user_interface__rosidl_typesupport_fastrtps_cppExport.cmake
[1.132s] -- Up-to-date: /home/boyfriend51/gong/gong_ws/install/user_interface/share/user_interface/cmake/export_user_interface__rosidl_typesupport_fastrtps_cppExport-noconfig.cmake
[1.132s] -- Up-to-date: /home/boyfriend51/gong/gong_ws/install/user_interface/share/user_interface/cmake/user_interface__rosidl_typesupport_introspection_cppExport.cmake
[1.133s] -- Up-to-date: /home/boyfriend51/gong/gong_ws/install/user_interface/share/user_interface/cmake/user_interface__rosidl_typesupport_introspection_cppExport-noconfig.cmake
[1.133s] -- Up-to-date: /home/boyfriend51/gong/gong_ws/install/user_interface/share/user_interface/cmake/user_interface__rosidl_typesupport_cppExport.cmake
[1.133s] -- Up-to-date: /home/boyfriend51/gong/gong_ws/install/user_interface/share/user_interface/cmake/user_interface__rosidl_typesupport_cppExport-noconfig.cmake
[1.133s] -- Up-to-date: /home/boyfriend51/gong/gong_ws/install/user_interface/share/user_interface/cmake/export_user_interface__rosidl_generator_pyExport.cmake
[1.134s] -- Up-to-date: /home/boyfriend51/gong/gong_ws/install/user_interface/share/user_interface/cmake/export_user_interface__rosidl_generator_pyExport-noconfig.cmake
[1.135s] Invoked command in '/home/boyfriend51/gong/gong_ws/build/user_interface' returned '0': CMAKE_PREFIX_PATH=${CMAKE_PREFIX_PATH}:/home/boyfriend51/gong/gong_ws/install/gong_basic:/opt/ros/jazzy /usr/bin/cmake --install /home/boyfriend51/gong/gong_ws/build/user_interface
